{"uid":"21349a1aac431ea","name":"빈 폼 제출 시 페이지 유지 확인","fullName":"tests.test_fastfive_login.TestLoginValidation#test_empty_form_submission","historyId":"75cab99aa942d13a0a14baeb33e89162","time":{"start":1767998469009,"stop":1767998469009,"duration":0},"description":"Test that empty form shows validation or stays on page.","descriptionHtml":"<p>Test that empty form shows validation or stays on page.</p>\n","status":"broken","statusMessage":"selenium.common.exceptions.InvalidArgumentException: Message: invalid argument\n  (Session info: chrome=143.0.7499.169)\nStacktrace:\n#0 0x55e3a53ed40a <unknown>\n#1 0x55e3a4e21598 <unknown>\n#2 0x55e3a4e08f14 <unknown>\n#3 0x55e3a4e0756a <unknown>\n#4 0x55e3a4e07b80 <unknown>\n#5 0x55e3a4e24eaf <unknown>\n#6 0x55e3a4ebf38b <unknown>\n#7 0x55e3a4ebe760 <unknown>\n#8 0x55e3a4e657b2 <unknown>\n#9 0x55e3a4e66461 <unknown>\n#10 0x55e3a53b5df9 <unknown>\n#11 0x55e3a53b8d5d <unknown>\n#12 0x55e3a539eb41 <unknown>\n#13 0x55e3a53b993b <unknown>\n#14 0x55e3a5385870 <unknown>\n#15 0x55e3a53da828 <unknown>\n#16 0x55e3a53da9fc <unknown>\n#17 0x55e3a53ec763 <unknown>\n#18 0x7fbc5d69caa4 <unknown>\n#19 0x7fbc5d729c6c <unknown>","statusTrace":"self = <tests.test_fastfive_login.TestLoginValidation object at 0x7fe6a7c1f6d0>\ndriver = <selenium.webdriver.chrome.webdriver.WebDriver (session=\"a5293609c2bc9f7b9c0ffbd5d82075a5\")>\nbase_url = ''\n\n    @pytest.fixture(autouse=True)\n    def setup(self, driver, base_url):\n        \"\"\"Navigate to login page before each test.\"\"\"\n>       driver.get(f\"{base_url}/sign-in\")\n\ntests/test_fastfive_login.py:151: \n_ _ _ _ _ _ _ _ _ _ _ _ _ _ _ _ _ _ _ _ _ _ _ _ _ _ _ _ _ _ _ _ _ _ _ _ _ _ _ _ \n/opt/hostedtoolcache/Python/3.11.14/x64/lib/python3.11/site-packages/selenium/webdriver/remote/webdriver.py:452: in get\n    self.execute(Command.GET, {\"url\": url})\n/opt/hostedtoolcache/Python/3.11.14/x64/lib/python3.11/site-packages/selenium/webdriver/remote/webdriver.py:432: in execute\n    self.error_handler.check_response(response)\n_ _ _ _ _ _ _ _ _ _ _ _ _ _ _ _ _ _ _ _ _ _ _ _ _ _ _ _ _ _ _ _ _ _ _ _ _ _ _ _ \n\nself = <selenium.webdriver.remote.errorhandler.ErrorHandler object at 0x7fe6a7af6610>\nresponse = {'status': 400, 'value': '{\"value\":{\"error\":\"invalid argument\",\"message\":\"invalid argument\\\\n  (Session info: chrome=1...\\\\n#17 0x55e3a53ec763 \\\\u003Cunknown>\\\\n#18 0x7fbc5d69caa4 \\\\u003Cunknown>\\\\n#19 0x7fbc5d729c6c \\\\u003Cunknown>\\\\n\"}}'}\n\n    def check_response(self, response: dict[str, Any]) -> None:\n        \"\"\"Check that a JSON response from the WebDriver does not have an error.\n    \n        Args:\n            response: The JSON response from the WebDriver server as a dictionary\n                object.\n    \n        Raises:\n            WebDriverException: If the response contains an error message.\n        \"\"\"\n        status = response.get(\"status\", None)\n        if not status or status == ErrorCode.SUCCESS:\n            return\n        value = None\n        message = response.get(\"message\", \"\")\n        screen: str = response.get(\"screen\", \"\")\n        stacktrace = None\n        if isinstance(status, int):\n            value_json = response.get(\"value\", None)\n            if value_json and isinstance(value_json, str):\n                try:\n                    value = json.loads(value_json)\n                    if isinstance(value, dict):\n                        if len(value) == 1:\n                            value = value[\"value\"]\n                        status = value.get(\"error\", None)\n                        if not status:\n                            status = value.get(\"status\", ErrorCode.UNKNOWN_ERROR)\n                            message = value.get(\"value\") or value.get(\"message\")\n                            if not isinstance(message, str):\n                                value = message\n                                message = message.get(\"message\") if isinstance(message, dict) else None\n                        else:\n                            message = value.get(\"message\", None)\n                except ValueError:\n                    pass\n    \n        exception_class: type[WebDriverException]\n        e = ErrorCode()\n        error_codes = [item for item in dir(e) if not item.startswith(\"__\")]\n        for error_code in error_codes:\n            error_info = getattr(ErrorCode, error_code)\n            if isinstance(error_info, list) and status in error_info:\n                exception_class = getattr(ExceptionMapping, error_code, WebDriverException)\n                break\n        else:\n            exception_class = WebDriverException\n    \n        if not value:\n            value = response[\"value\"]\n        if isinstance(value, str):\n            raise exception_class(value)\n        if message == \"\" and \"message\" in value:\n            message = value[\"message\"]\n    \n        screen = None  # type: ignore[assignment]\n        if \"screen\" in value:\n            screen = value[\"screen\"]\n    \n        stacktrace = None\n        st_value = value.get(\"stackTrace\") or value.get(\"stacktrace\")\n        if st_value:\n            if isinstance(st_value, str):\n                stacktrace = st_value.split(\"\\n\")\n            else:\n                stacktrace = []\n                try:\n                    for frame in st_value:\n                        line = frame.get(\"lineNumber\", \"\")\n                        file = frame.get(\"fileName\", \"<anonymous>\")\n                        if line:\n                            file = f\"{file}:{line}\"\n                        meth = frame.get(\"methodName\", \"<anonymous>\")\n                        if \"className\" in frame:\n                            meth = f\"{frame['className']}.{meth}\"\n                        msg = \"    at %s (%s)\"\n                        msg = msg % (meth, file)\n                        stacktrace.append(msg)\n                except TypeError:\n                    pass\n        if exception_class == UnexpectedAlertPresentException:\n            alert_text = None\n            if \"data\" in value:\n                alert_text = value[\"data\"].get(\"text\")\n            elif \"alert\" in value:\n                alert_text = value[\"alert\"].get(\"text\")\n            raise exception_class(message, screen, stacktrace, alert_text)  # type: ignore[call-arg]  # mypy is not smart enough here\n>       raise exception_class(message, screen, stacktrace)\nE       selenium.common.exceptions.InvalidArgumentException: Message: invalid argument\nE         (Session info: chrome=143.0.7499.169)\nE       Stacktrace:\nE       #0 0x55e3a53ed40a <unknown>\nE       #1 0x55e3a4e21598 <unknown>\nE       #2 0x55e3a4e08f14 <unknown>\nE       #3 0x55e3a4e0756a <unknown>\nE       #4 0x55e3a4e07b80 <unknown>\nE       #5 0x55e3a4e24eaf <unknown>\nE       #6 0x55e3a4ebf38b <unknown>\nE       #7 0x55e3a4ebe760 <unknown>\nE       #8 0x55e3a4e657b2 <unknown>\nE       #9 0x55e3a4e66461 <unknown>\nE       #10 0x55e3a53b5df9 <unknown>\nE       #11 0x55e3a53b8d5d <unknown>\nE       #12 0x55e3a539eb41 <unknown>\nE       #13 0x55e3a53b993b <unknown>\nE       #14 0x55e3a5385870 <unknown>\nE       #15 0x55e3a53da828 <unknown>\nE       #16 0x55e3a53da9fc <unknown>\nE       #17 0x55e3a53ec763 <unknown>\nE       #18 0x7fbc5d69caa4 <unknown>\nE       #19 0x7fbc5d729c6c <unknown>\n\n/opt/hostedtoolcache/Python/3.11.14/x64/lib/python3.11/site-packages/selenium/webdriver/remote/errorhandler.py:232: InvalidArgumentException","flaky":false,"newFailed":false,"newBroken":false,"newPassed":false,"retriesCount":0,"retriesStatusChange":false,"beforeStages":[{"name":"base_url","time":{"start":1767998457646,"stop":1767998457647,"duration":1},"status":"passed","steps":[],"attachments":[],"parameters":[],"shouldDisplayMessage":false,"stepsCount":0,"attachmentsCount":0,"hasContent":false},{"name":"driver","time":{"start":1767998469010,"stop":1767998469360,"duration":350},"status":"passed","steps":[],"attachments":[],"parameters":[],"shouldDisplayMessage":false,"stepsCount":0,"attachmentsCount":0,"hasContent":false},{"name":"setup","time":{"start":1767998469360,"stop":1767998469366,"duration":6},"status":"broken","statusMessage":"selenium.common.exceptions.InvalidArgumentException: Message: invalid argument\n  (Session info: chrome=143.0.7499.169)\nStacktrace:\n#0 0x55e3a53ed40a <unknown>\n#1 0x55e3a4e21598 <unknown>\n#2 0x55e3a4e08f14 <unknown>\n#3 0x55e3a4e0756a <unknown>\n#4 0x55e3a4e07b80 <unknown>\n#5 0x55e3a4e24eaf <unknown>\n#6 0x55e3a4ebf38b <unknown>\n#7 0x55e3a4ebe760 <unknown>\n#8 0x55e3a4e657b2 <unknown>\n#9 0x55e3a4e66461 <unknown>\n#10 0x55e3a53b5df9 <unknown>\n#11 0x55e3a53b8d5d <unknown>\n#12 0x55e3a539eb41 <unknown>\n#13 0x55e3a53b993b <unknown>\n#14 0x55e3a5385870 <unknown>\n#15 0x55e3a53da828 <unknown>\n#16 0x55e3a53da9fc <unknown>\n#17 0x55e3a53ec763 <unknown>\n#18 0x7fbc5d69caa4 <unknown>\n#19 0x7fbc5d729c6c <unknown>\n\n","statusTrace":"  File \"/opt/hostedtoolcache/Python/3.11.14/x64/lib/python3.11/site-packages/pluggy/_callers.py\", line 38, in run_old_style_hookwrapper\n    res = yield\n          ^^^^^\n  File \"/opt/hostedtoolcache/Python/3.11.14/x64/lib/python3.11/site-packages/pluggy/_callers.py\", line 139, in _multicall\n    teardown.throw(exception)\n  File \"/opt/hostedtoolcache/Python/3.11.14/x64/lib/python3.11/site-packages/_pytest/setuponly.py\", line 36, in pytest_fixture_setup\n    return (yield)\n            ^^^^^\n  File \"/opt/hostedtoolcache/Python/3.11.14/x64/lib/python3.11/site-packages/pluggy/_callers.py\", line 121, in _multicall\n    res = hook_impl.function(*args)\n          ^^^^^^^^^^^^^^^^^^^^^^^^^\n  File \"/opt/hostedtoolcache/Python/3.11.14/x64/lib/python3.11/site-packages/_pytest/fixtures.py\", line 1202, in pytest_fixture_setup\n    result = call_fixture_func(fixturefunc, request, kwargs)\n             ^^^^^^^^^^^^^^^^^^^^^^^^^^^^^^^^^^^^^^^^^^^^^^^\n  File \"/opt/hostedtoolcache/Python/3.11.14/x64/lib/python3.11/site-packages/_pytest/fixtures.py\", line 915, in call_fixture_func\n    fixture_result = fixturefunc(**kwargs)\n                     ^^^^^^^^^^^^^^^^^^^^^\n  File \"/home/runner/work/auto-test/auto-test/fastfive-dev/tests/test_fastfive_login.py\", line 151, in setup\n    driver.get(f\"{base_url}/sign-in\")\n  File \"/opt/hostedtoolcache/Python/3.11.14/x64/lib/python3.11/site-packages/selenium/webdriver/remote/webdriver.py\", line 452, in get\n    self.execute(Command.GET, {\"url\": url})\n  File \"/opt/hostedtoolcache/Python/3.11.14/x64/lib/python3.11/site-packages/selenium/webdriver/remote/webdriver.py\", line 432, in execute\n    self.error_handler.check_response(response)\n  File \"/opt/hostedtoolcache/Python/3.11.14/x64/lib/python3.11/site-packages/selenium/webdriver/remote/errorhandler.py\", line 232, in check_response\n    raise exception_class(message, screen, stacktrace)\n","steps":[],"attachments":[],"parameters":[],"shouldDisplayMessage":true,"stepsCount":0,"attachmentsCount":0,"hasContent":true}],"afterStages":[{"name":"driver::0","time":{"start":1767998469398,"stop":1767998469459,"duration":61},"status":"passed","steps":[],"attachments":[],"parameters":[],"shouldDisplayMessage":false,"stepsCount":0,"attachmentsCount":0,"hasContent":false}],"labels":[{"name":"severity","value":"normal"},{"name":"epic","value":"FastFive Members"},{"name":"feature","value":"Login Page"},{"name":"story","value":"Form Validation"},{"name":"parentSuite","value":"tests"},{"name":"suite","value":"test_fastfive_login"},{"name":"subSuite","value":"TestLoginValidation"},{"name":"host","value":"runnervmi13qx"},{"name":"thread","value":"2181-MainThread"},{"name":"framework","value":"pytest"},{"name":"language","value":"cpython3"},{"name":"package","value":"tests.test_fastfive_login"},{"name":"resultFormat","value":"allure2"}],"parameters":[],"links":[],"hidden":false,"retry":false,"extra":{"severity":"normal","retries":[],"categories":[{"name":"Test defects","matchedStatuses":[],"flaky":false}],"history":{"statistic":{"failed":0,"broken":2,"skipped":0,"passed":0,"unknown":0,"total":2},"items":[{"uid":"c54e78a3b4e203d","status":"broken","statusDetails":"selenium.common.exceptions.TimeoutException: Message: Login button not found","time":{"start":1767980473342,"stop":1767980493449,"duration":20107}}]},"tags":[]},"source":"21349a1aac431ea.json","parameterValues":[]}