{"uid":"51a8d17cd9c08038","name":"로그인 페이지 로드 확인","fullName":"tests.test_fastfive_login.TestLoginPageLoad#test_login_page_loads","historyId":"06cf6ab0176d3f62b723be01e349a28c","time":{"start":1767980333750,"stop":1767980345214,"duration":11464},"description":"Test that the login page loads successfully.","descriptionHtml":"<p>Test that the login page loads successfully.</p>\n","status":"failed","statusMessage":"AssertionError: assert 'fastfive' in 'https://members-staging.slowfive.com//sign-in'\n +  where 'https://members-staging.slowfive.com//sign-in' = <built-in method lower of str object at 0x7ff5154efe10>()\n +    where <built-in method lower of str object at 0x7ff5154efe10> = 'https://members-staging.slowfive.com//sign-in'.lower\n +      where 'https://members-staging.slowfive.com//sign-in' = <selenium.webdriver.chrome.webdriver.WebDriver (session=\"5383dbdb7f7997c391beb6a554c42e30\")>.current_url","statusTrace":"self = <tests.test_fastfive_login.TestLoginPageLoad object at 0x7ff515371150>\ndriver = <selenium.webdriver.chrome.webdriver.WebDriver (session=\"5383dbdb7f7997c391beb6a554c42e30\")>\nbase_url = 'https://members-staging.slowfive.com/'\n\n    @allure.story(\"Page Load\")\n    @allure.title(\"로그인 페이지 로드 확인\")\n    @allure.severity(allure.severity_level.BLOCKER)\n    def test_login_page_loads(self, driver, base_url):\n        \"\"\"Test that the login page loads successfully.\"\"\"\n        with allure.step(\"로그인 페이지 접속\"):\n            driver.get(f\"{base_url}/sign-in\")\n            wait_for_spa_load(driver)\n    \n        with allure.step(\"URL 확인\"):\n>           assert \"fastfive\" in driver.current_url.lower()\nE           assert 'fastfive' in 'https://members-staging.slowfive.com//sign-in'\nE            +  where 'https://members-staging.slowfive.com//sign-in' = <built-in method lower of str object at 0x7ff5154efe10>()\nE            +    where <built-in method lower of str object at 0x7ff5154efe10> = 'https://members-staging.slowfive.com//sign-in'.lower\nE            +      where 'https://members-staging.slowfive.com//sign-in' = <selenium.webdriver.chrome.webdriver.WebDriver (session=\"5383dbdb7f7997c391beb6a554c42e30\")>.current_url\n\ntests/test_fastfive_login.py:67: AssertionError","flaky":false,"newFailed":false,"newBroken":false,"newPassed":false,"retriesCount":0,"retriesStatusChange":false,"beforeStages":[{"name":"base_url","time":{"start":1767980327608,"stop":1767980327608,"duration":0},"status":"passed","steps":[],"attachments":[],"parameters":[],"shouldDisplayMessage":false,"stepsCount":0,"attachmentsCount":0,"hasContent":false},{"name":"driver","time":{"start":1767980327608,"stop":1767980333750,"duration":6142},"status":"passed","steps":[],"attachments":[],"parameters":[],"shouldDisplayMessage":false,"stepsCount":0,"attachmentsCount":0,"hasContent":false}],"testStage":{"description":"Test that the login page loads successfully.","status":"failed","statusMessage":"AssertionError: assert 'fastfive' in 'https://members-staging.slowfive.com//sign-in'\n +  where 'https://members-staging.slowfive.com//sign-in' = <built-in method lower of str object at 0x7ff5154efe10>()\n +    where <built-in method lower of str object at 0x7ff5154efe10> = 'https://members-staging.slowfive.com//sign-in'.lower\n +      where 'https://members-staging.slowfive.com//sign-in' = <selenium.webdriver.chrome.webdriver.WebDriver (session=\"5383dbdb7f7997c391beb6a554c42e30\")>.current_url","statusTrace":"self = <tests.test_fastfive_login.TestLoginPageLoad object at 0x7ff515371150>\ndriver = <selenium.webdriver.chrome.webdriver.WebDriver (session=\"5383dbdb7f7997c391beb6a554c42e30\")>\nbase_url = 'https://members-staging.slowfive.com/'\n\n    @allure.story(\"Page Load\")\n    @allure.title(\"로그인 페이지 로드 확인\")\n    @allure.severity(allure.severity_level.BLOCKER)\n    def test_login_page_loads(self, driver, base_url):\n        \"\"\"Test that the login page loads successfully.\"\"\"\n        with allure.step(\"로그인 페이지 접속\"):\n            driver.get(f\"{base_url}/sign-in\")\n            wait_for_spa_load(driver)\n    \n        with allure.step(\"URL 확인\"):\n>           assert \"fastfive\" in driver.current_url.lower()\nE           assert 'fastfive' in 'https://members-staging.slowfive.com//sign-in'\nE            +  where 'https://members-staging.slowfive.com//sign-in' = <built-in method lower of str object at 0x7ff5154efe10>()\nE            +    where <built-in method lower of str object at 0x7ff5154efe10> = 'https://members-staging.slowfive.com//sign-in'.lower\nE            +      where 'https://members-staging.slowfive.com//sign-in' = <selenium.webdriver.chrome.webdriver.WebDriver (session=\"5383dbdb7f7997c391beb6a554c42e30\")>.current_url\n\ntests/test_fastfive_login.py:67: AssertionError","steps":[{"name":"로그인 페이지 접속","time":{"start":1767980333751,"stop":1767980345209,"duration":11458},"status":"passed","steps":[],"attachments":[],"parameters":[],"shouldDisplayMessage":false,"stepsCount":0,"attachmentsCount":0,"hasContent":false},{"name":"URL 확인","time":{"start":1767980345209,"stop":1767980345214,"duration":5},"status":"failed","statusMessage":"AssertionError: assert 'fastfive' in 'https://members-staging.slowfive.com//sign-in'\n +  where 'https://members-staging.slowfive.com//sign-in' = <built-in method lower of str object at 0x7ff5154efe10>()\n +    where <built-in method lower of str object at 0x7ff5154efe10> = 'https://members-staging.slowfive.com//sign-in'.lower\n +      where 'https://members-staging.slowfive.com//sign-in' = <selenium.webdriver.chrome.webdriver.WebDriver (session=\"5383dbdb7f7997c391beb6a554c42e30\")>.current_url\n","statusTrace":"  File \"/home/runner/work/auto-test/auto-test/fastfive-dev/tests/test_fastfive_login.py\", line 67, in test_login_page_loads\n    assert \"fastfive\" in driver.current_url.lower()\n","steps":[],"attachments":[],"parameters":[],"shouldDisplayMessage":true,"stepsCount":0,"attachmentsCount":0,"hasContent":true}],"attachments":[],"parameters":[],"shouldDisplayMessage":true,"stepsCount":2,"attachmentsCount":0,"hasContent":true},"afterStages":[{"name":"driver::0","time":{"start":1767980345251,"stop":1767980345370,"duration":119},"status":"passed","steps":[],"attachments":[{"uid":"d36cee46c8a3f452","name":"screenshot_on_failure","source":"d36cee46c8a3f452.png","type":"image/png","size":26718}],"parameters":[],"shouldDisplayMessage":false,"stepsCount":0,"attachmentsCount":1,"hasContent":true}],"labels":[{"name":"feature","value":"Login Page"},{"name":"story","value":"Page Load"},{"name":"epic","value":"FastFive Members"},{"name":"severity","value":"blocker"},{"name":"parentSuite","value":"tests"},{"name":"suite","value":"test_fastfive_login"},{"name":"subSuite","value":"TestLoginPageLoad"},{"name":"host","value":"runnervmi13qx"},{"name":"thread","value":"2190-MainThread"},{"name":"framework","value":"pytest"},{"name":"language","value":"cpython3"},{"name":"package","value":"tests.test_fastfive_login"},{"name":"resultFormat","value":"allure2"}],"parameters":[],"links":[],"hidden":false,"retry":false,"extra":{"severity":"blocker","retries":[],"categories":[{"name":"Product defects","matchedStatuses":[],"flaky":false}],"tags":[]},"source":"51a8d17cd9c08038.json","parameterValues":[]}