{"uid":"55531ed9969234f0","name":"이메일 입력 필드 존재 확인","fullName":"tests.test_fastfive_login.TestLoginFormElements#test_email_input_exists","historyId":"6f92ca0c08b765f1f0cd937497162f40","time":{"start":1767980367536,"stop":1767980388121,"duration":20585},"description":"Test email input field exists.","descriptionHtml":"<p>Test email input field exists.</p>\n","status":"broken","statusMessage":"selenium.common.exceptions.TimeoutException: Message: \nStacktrace:\n#0 0x5615b7e9340a <unknown>\n#1 0x5615b78c776b <unknown>\n#2 0x5615b7918e88 <unknown>\n#3 0x5615b79190c1 <unknown>\n#4 0x5615b79672c4 <unknown>\n#5 0x5615b7964760 <unknown>\n#6 0x5615b790b7b2 <unknown>\n#7 0x5615b790c461 <unknown>\n#8 0x5615b7e5bdf9 <unknown>\n#9 0x5615b7e5ed5d <unknown>\n#10 0x5615b7e44b41 <unknown>\n#11 0x5615b7e5f93b <unknown>\n#12 0x5615b7e2b870 <unknown>\n#13 0x5615b7e80828 <unknown>\n#14 0x5615b7e809fc <unknown>\n#15 0x5615b7e92763 <unknown>\n#16 0x7f67c749caa4 <unknown>\n#17 0x7f67c7529c6c <unknown>","statusTrace":"self = <tests.test_fastfive_login.TestLoginFormElements object at 0x7ff51555a510>\ndriver = <selenium.webdriver.chrome.webdriver.WebDriver (session=\"7799daae9d38fb7f4a3997f0f56567ae\")>\n\n    @allure.story(\"Form Elements\")\n    @allure.title(\"이메일 입력 필드 존재 확인\")\n    @allure.severity(allure.severity_level.CRITICAL)\n    def test_email_input_exists(self, driver):\n        \"\"\"Test email input field exists.\"\"\"\n        with allure.step(\"이메일 입력 필드 찾기\"):\n>           email_input = WebDriverWait(driver, ELEMENT_WAIT_TIME).until(\n                EC.presence_of_element_located(SELECTORS[\"email_input\"])\n            )\n\ntests/test_fastfive_login.py:99: \n_ _ _ _ _ _ _ _ _ _ _ _ _ _ _ _ _ _ _ _ _ _ _ _ _ _ _ _ _ _ _ _ _ _ _ _ _ _ _ _ \n\nself = <selenium.webdriver.support.wait.WebDriverWait (session=\"7799daae9d38fb7f4a3997f0f56567ae\")>\nmethod = <function presence_of_element_located.<locals>._predicate at 0x7ff51552a980>\nmessage = ''\n\n    def until(self, method: Callable[[D], Literal[False] | T], message: str = \"\") -> T:\n        \"\"\"Wait until the method returns a value that is not False.\n    \n        Calls the method provided with the driver as an argument until the\n        return value does not evaluate to ``False``.\n    \n        Args:\n            method: A callable object that takes a WebDriver instance as an\n                argument.\n            message: Optional message for TimeoutException.\n    \n        Returns:\n            The result of the last call to `method`.\n    \n        Raises:\n            TimeoutException: If 'method' does not return a truthy value within\n                the WebDriverWait object's timeout.\n    \n        Example:\n            >>> from selenium.webdriver.common.by import By\n            >>> from selenium.webdriver.support.ui import WebDriverWait\n            >>> from selenium.webdriver.support import expected_conditions as EC\n            >>>\n            >>> # Wait until an element is visible on the page\n            >>> wait = WebDriverWait(driver, 10)\n            >>> element = wait.until(EC.visibility_of_element_located((By.ID, \"exampleId\")))\n            >>> print(element.text)\n        \"\"\"\n        screen = None\n        stacktrace = None\n    \n        end_time = time.monotonic() + self._timeout\n        while True:\n            try:\n                value = method(self._driver)\n                if value:\n                    return value\n            except self._ignored_exceptions as exc:\n                screen = getattr(exc, \"screen\", None)\n                stacktrace = getattr(exc, \"stacktrace\", None)\n            if time.monotonic() > end_time:\n                break\n            time.sleep(self._poll)\n>       raise TimeoutException(message, screen, stacktrace)\nE       selenium.common.exceptions.TimeoutException: Message: \nE       Stacktrace:\nE       #0 0x5615b7e9340a <unknown>\nE       #1 0x5615b78c776b <unknown>\nE       #2 0x5615b7918e88 <unknown>\nE       #3 0x5615b79190c1 <unknown>\nE       #4 0x5615b79672c4 <unknown>\nE       #5 0x5615b7964760 <unknown>\nE       #6 0x5615b790b7b2 <unknown>\nE       #7 0x5615b790c461 <unknown>\nE       #8 0x5615b7e5bdf9 <unknown>\nE       #9 0x5615b7e5ed5d <unknown>\nE       #10 0x5615b7e44b41 <unknown>\nE       #11 0x5615b7e5f93b <unknown>\nE       #12 0x5615b7e2b870 <unknown>\nE       #13 0x5615b7e80828 <unknown>\nE       #14 0x5615b7e809fc <unknown>\nE       #15 0x5615b7e92763 <unknown>\nE       #16 0x7f67c749caa4 <unknown>\nE       #17 0x7f67c7529c6c <unknown>\n\n/opt/hostedtoolcache/Python/3.11.14/x64/lib/python3.11/site-packages/selenium/webdriver/support/wait.py:122: TimeoutException","flaky":false,"newFailed":false,"newBroken":false,"newPassed":false,"retriesCount":0,"retriesStatusChange":false,"beforeStages":[{"name":"base_url","time":{"start":1767980327608,"stop":1767980327608,"duration":0},"status":"passed","steps":[],"attachments":[],"parameters":[],"shouldDisplayMessage":false,"stepsCount":0,"attachmentsCount":0,"hasContent":false},{"name":"driver","time":{"start":1767980356542,"stop":1767980356875,"duration":333},"status":"passed","steps":[],"attachments":[],"parameters":[],"shouldDisplayMessage":false,"stepsCount":0,"attachmentsCount":0,"hasContent":false},{"name":"setup","time":{"start":1767980356875,"stop":1767980367535,"duration":10660},"status":"passed","steps":[],"attachments":[],"parameters":[],"shouldDisplayMessage":false,"stepsCount":0,"attachmentsCount":0,"hasContent":false}],"testStage":{"description":"Test email input field exists.","status":"broken","statusMessage":"selenium.common.exceptions.TimeoutException: Message: \nStacktrace:\n#0 0x5615b7e9340a <unknown>\n#1 0x5615b78c776b <unknown>\n#2 0x5615b7918e88 <unknown>\n#3 0x5615b79190c1 <unknown>\n#4 0x5615b79672c4 <unknown>\n#5 0x5615b7964760 <unknown>\n#6 0x5615b790b7b2 <unknown>\n#7 0x5615b790c461 <unknown>\n#8 0x5615b7e5bdf9 <unknown>\n#9 0x5615b7e5ed5d <unknown>\n#10 0x5615b7e44b41 <unknown>\n#11 0x5615b7e5f93b <unknown>\n#12 0x5615b7e2b870 <unknown>\n#13 0x5615b7e80828 <unknown>\n#14 0x5615b7e809fc <unknown>\n#15 0x5615b7e92763 <unknown>\n#16 0x7f67c749caa4 <unknown>\n#17 0x7f67c7529c6c <unknown>","statusTrace":"self = <tests.test_fastfive_login.TestLoginFormElements object at 0x7ff51555a510>\ndriver = <selenium.webdriver.chrome.webdriver.WebDriver (session=\"7799daae9d38fb7f4a3997f0f56567ae\")>\n\n    @allure.story(\"Form Elements\")\n    @allure.title(\"이메일 입력 필드 존재 확인\")\n    @allure.severity(allure.severity_level.CRITICAL)\n    def test_email_input_exists(self, driver):\n        \"\"\"Test email input field exists.\"\"\"\n        with allure.step(\"이메일 입력 필드 찾기\"):\n>           email_input = WebDriverWait(driver, ELEMENT_WAIT_TIME).until(\n                EC.presence_of_element_located(SELECTORS[\"email_input\"])\n            )\n\ntests/test_fastfive_login.py:99: \n_ _ _ _ _ _ _ _ _ _ _ _ _ _ _ _ _ _ _ _ _ _ _ _ _ _ _ _ _ _ _ _ _ _ _ _ _ _ _ _ \n\nself = <selenium.webdriver.support.wait.WebDriverWait (session=\"7799daae9d38fb7f4a3997f0f56567ae\")>\nmethod = <function presence_of_element_located.<locals>._predicate at 0x7ff51552a980>\nmessage = ''\n\n    def until(self, method: Callable[[D], Literal[False] | T], message: str = \"\") -> T:\n        \"\"\"Wait until the method returns a value that is not False.\n    \n        Calls the method provided with the driver as an argument until the\n        return value does not evaluate to ``False``.\n    \n        Args:\n            method: A callable object that takes a WebDriver instance as an\n                argument.\n            message: Optional message for TimeoutException.\n    \n        Returns:\n            The result of the last call to `method`.\n    \n        Raises:\n            TimeoutException: If 'method' does not return a truthy value within\n                the WebDriverWait object's timeout.\n    \n        Example:\n            >>> from selenium.webdriver.common.by import By\n            >>> from selenium.webdriver.support.ui import WebDriverWait\n            >>> from selenium.webdriver.support import expected_conditions as EC\n            >>>\n            >>> # Wait until an element is visible on the page\n            >>> wait = WebDriverWait(driver, 10)\n            >>> element = wait.until(EC.visibility_of_element_located((By.ID, \"exampleId\")))\n            >>> print(element.text)\n        \"\"\"\n        screen = None\n        stacktrace = None\n    \n        end_time = time.monotonic() + self._timeout\n        while True:\n            try:\n                value = method(self._driver)\n                if value:\n                    return value\n            except self._ignored_exceptions as exc:\n                screen = getattr(exc, \"screen\", None)\n                stacktrace = getattr(exc, \"stacktrace\", None)\n            if time.monotonic() > end_time:\n                break\n            time.sleep(self._poll)\n>       raise TimeoutException(message, screen, stacktrace)\nE       selenium.common.exceptions.TimeoutException: Message: \nE       Stacktrace:\nE       #0 0x5615b7e9340a <unknown>\nE       #1 0x5615b78c776b <unknown>\nE       #2 0x5615b7918e88 <unknown>\nE       #3 0x5615b79190c1 <unknown>\nE       #4 0x5615b79672c4 <unknown>\nE       #5 0x5615b7964760 <unknown>\nE       #6 0x5615b790b7b2 <unknown>\nE       #7 0x5615b790c461 <unknown>\nE       #8 0x5615b7e5bdf9 <unknown>\nE       #9 0x5615b7e5ed5d <unknown>\nE       #10 0x5615b7e44b41 <unknown>\nE       #11 0x5615b7e5f93b <unknown>\nE       #12 0x5615b7e2b870 <unknown>\nE       #13 0x5615b7e80828 <unknown>\nE       #14 0x5615b7e809fc <unknown>\nE       #15 0x5615b7e92763 <unknown>\nE       #16 0x7f67c749caa4 <unknown>\nE       #17 0x7f67c7529c6c <unknown>\n\n/opt/hostedtoolcache/Python/3.11.14/x64/lib/python3.11/site-packages/selenium/webdriver/support/wait.py:122: TimeoutException","steps":[{"name":"이메일 입력 필드 찾기","time":{"start":1767980367536,"stop":1767980388121,"duration":20585},"status":"broken","statusMessage":"selenium.common.exceptions.TimeoutException: Message: \nStacktrace:\n#0 0x5615b7e9340a <unknown>\n#1 0x5615b78c776b <unknown>\n#2 0x5615b7918e88 <unknown>\n#3 0x5615b79190c1 <unknown>\n#4 0x5615b79672c4 <unknown>\n#5 0x5615b7964760 <unknown>\n#6 0x5615b790b7b2 <unknown>\n#7 0x5615b790c461 <unknown>\n#8 0x5615b7e5bdf9 <unknown>\n#9 0x5615b7e5ed5d <unknown>\n#10 0x5615b7e44b41 <unknown>\n#11 0x5615b7e5f93b <unknown>\n#12 0x5615b7e2b870 <unknown>\n#13 0x5615b7e80828 <unknown>\n#14 0x5615b7e809fc <unknown>\n#15 0x5615b7e92763 <unknown>\n#16 0x7f67c749caa4 <unknown>\n#17 0x7f67c7529c6c <unknown>\n\n","statusTrace":"  File \"/home/runner/work/auto-test/auto-test/fastfive-dev/tests/test_fastfive_login.py\", line 99, in test_email_input_exists\n    email_input = WebDriverWait(driver, ELEMENT_WAIT_TIME).until(\n                  ^^^^^^^^^^^^^^^^^^^^^^^^^^^^^^^^^^^^^^^^^^^^^^^\n  File \"/opt/hostedtoolcache/Python/3.11.14/x64/lib/python3.11/site-packages/selenium/webdriver/support/wait.py\", line 122, in until\n    raise TimeoutException(message, screen, stacktrace)\n","steps":[],"attachments":[],"parameters":[],"shouldDisplayMessage":true,"stepsCount":0,"attachmentsCount":0,"hasContent":true}],"attachments":[],"parameters":[],"shouldDisplayMessage":true,"stepsCount":1,"attachmentsCount":0,"hasContent":true},"afterStages":[{"name":"driver::0","time":{"start":1767980388128,"stop":1767980388254,"duration":126},"status":"passed","steps":[],"attachments":[{"uid":"846cdbdf89ab96a9","name":"screenshot_on_failure","source":"846cdbdf89ab96a9.png","type":"image/png","size":26718}],"parameters":[],"shouldDisplayMessage":false,"stepsCount":0,"attachmentsCount":1,"hasContent":true}],"labels":[{"name":"feature","value":"Login Page"},{"name":"story","value":"Form Elements"},{"name":"epic","value":"FastFive Members"},{"name":"severity","value":"critical"},{"name":"parentSuite","value":"tests"},{"name":"suite","value":"test_fastfive_login"},{"name":"subSuite","value":"TestLoginFormElements"},{"name":"host","value":"runnervmi13qx"},{"name":"thread","value":"2190-MainThread"},{"name":"framework","value":"pytest"},{"name":"language","value":"cpython3"},{"name":"package","value":"tests.test_fastfive_login"},{"name":"resultFormat","value":"allure2"}],"parameters":[],"links":[],"hidden":false,"retry":false,"extra":{"severity":"critical","retries":[],"categories":[{"name":"Test defects","matchedStatuses":[],"flaky":false}],"tags":[]},"source":"55531ed9969234f0.json","parameterValues":[]}