{"uid":"5fe99fa72a380e40","name":"이메일만 입력 시 페이지 유지 확인","fullName":"tests.test_fastfive_login.TestLoginValidation#test_email_only_submission","historyId":"c77a4923279070818c5e8acce008ec21","time":{"start":1767980504645,"stop":1767980525225,"duration":20580},"description":"Test submission with only email filled.","descriptionHtml":"<p>Test submission with only email filled.</p>\n","status":"broken","statusMessage":"selenium.common.exceptions.TimeoutException: Message: \nStacktrace:\n#0 0x5601dfc8340a <unknown>\n#1 0x5601df6b776b <unknown>\n#2 0x5601df708e88 <unknown>\n#3 0x5601df7090c1 <unknown>\n#4 0x5601df7572c4 <unknown>\n#5 0x5601df754760 <unknown>\n#6 0x5601df6fb7b2 <unknown>\n#7 0x5601df6fc461 <unknown>\n#8 0x5601dfc4bdf9 <unknown>\n#9 0x5601dfc4ed5d <unknown>\n#10 0x5601dfc34b41 <unknown>\n#11 0x5601dfc4f93b <unknown>\n#12 0x5601dfc1b870 <unknown>\n#13 0x5601dfc70828 <unknown>\n#14 0x5601dfc709fc <unknown>\n#15 0x5601dfc82763 <unknown>\n#16 0x7f7c03c9caa4 <unknown>\n#17 0x7f7c03d29c6c <unknown>","statusTrace":"self = <tests.test_fastfive_login.TestLoginValidation object at 0x7ff515553d10>\ndriver = <selenium.webdriver.chrome.webdriver.WebDriver (session=\"e8add2dabebef70c69b3c4bafd2d5518\")>\n\n    @allure.story(\"Form Validation\")\n    @allure.title(\"이메일만 입력 시 페이지 유지 확인\")\n    @allure.severity(allure.severity_level.NORMAL)\n    def test_email_only_submission(self, driver):\n        \"\"\"Test submission with only email filled.\"\"\"\n        with allure.step(\"이메일 입력\"):\n>           email_input = WebDriverWait(driver, ELEMENT_WAIT_TIME).until(\n                EC.presence_of_element_located(SELECTORS[\"email_input\"])\n            )\n\ntests/test_fastfive_login.py:173: \n_ _ _ _ _ _ _ _ _ _ _ _ _ _ _ _ _ _ _ _ _ _ _ _ _ _ _ _ _ _ _ _ _ _ _ _ _ _ _ _ \n\nself = <selenium.webdriver.support.wait.WebDriverWait (session=\"e8add2dabebef70c69b3c4bafd2d5518\")>\nmethod = <function presence_of_element_located.<locals>._predicate at 0x7ff51552bd80>\nmessage = ''\n\n    def until(self, method: Callable[[D], Literal[False] | T], message: str = \"\") -> T:\n        \"\"\"Wait until the method returns a value that is not False.\n    \n        Calls the method provided with the driver as an argument until the\n        return value does not evaluate to ``False``.\n    \n        Args:\n            method: A callable object that takes a WebDriver instance as an\n                argument.\n            message: Optional message for TimeoutException.\n    \n        Returns:\n            The result of the last call to `method`.\n    \n        Raises:\n            TimeoutException: If 'method' does not return a truthy value within\n                the WebDriverWait object's timeout.\n    \n        Example:\n            >>> from selenium.webdriver.common.by import By\n            >>> from selenium.webdriver.support.ui import WebDriverWait\n            >>> from selenium.webdriver.support import expected_conditions as EC\n            >>>\n            >>> # Wait until an element is visible on the page\n            >>> wait = WebDriverWait(driver, 10)\n            >>> element = wait.until(EC.visibility_of_element_located((By.ID, \"exampleId\")))\n            >>> print(element.text)\n        \"\"\"\n        screen = None\n        stacktrace = None\n    \n        end_time = time.monotonic() + self._timeout\n        while True:\n            try:\n                value = method(self._driver)\n                if value:\n                    return value\n            except self._ignored_exceptions as exc:\n                screen = getattr(exc, \"screen\", None)\n                stacktrace = getattr(exc, \"stacktrace\", None)\n            if time.monotonic() > end_time:\n                break\n            time.sleep(self._poll)\n>       raise TimeoutException(message, screen, stacktrace)\nE       selenium.common.exceptions.TimeoutException: Message: \nE       Stacktrace:\nE       #0 0x5601dfc8340a <unknown>\nE       #1 0x5601df6b776b <unknown>\nE       #2 0x5601df708e88 <unknown>\nE       #3 0x5601df7090c1 <unknown>\nE       #4 0x5601df7572c4 <unknown>\nE       #5 0x5601df754760 <unknown>\nE       #6 0x5601df6fb7b2 <unknown>\nE       #7 0x5601df6fc461 <unknown>\nE       #8 0x5601dfc4bdf9 <unknown>\nE       #9 0x5601dfc4ed5d <unknown>\nE       #10 0x5601dfc34b41 <unknown>\nE       #11 0x5601dfc4f93b <unknown>\nE       #12 0x5601dfc1b870 <unknown>\nE       #13 0x5601dfc70828 <unknown>\nE       #14 0x5601dfc709fc <unknown>\nE       #15 0x5601dfc82763 <unknown>\nE       #16 0x7f7c03c9caa4 <unknown>\nE       #17 0x7f7c03d29c6c <unknown>\n\n/opt/hostedtoolcache/Python/3.11.14/x64/lib/python3.11/site-packages/selenium/webdriver/support/wait.py:122: TimeoutException","flaky":false,"newFailed":false,"newBroken":false,"newPassed":false,"retriesCount":0,"retriesStatusChange":false,"beforeStages":[{"name":"base_url","time":{"start":1767980327608,"stop":1767980327608,"duration":0},"status":"passed","steps":[],"attachments":[],"parameters":[],"shouldDisplayMessage":false,"stepsCount":0,"attachmentsCount":0,"hasContent":false},{"name":"driver","time":{"start":1767980493584,"stop":1767980493912,"duration":328},"status":"passed","steps":[],"attachments":[],"parameters":[],"shouldDisplayMessage":false,"stepsCount":0,"attachmentsCount":0,"hasContent":false},{"name":"setup","time":{"start":1767980493912,"stop":1767980504645,"duration":10733},"status":"passed","steps":[],"attachments":[],"parameters":[],"shouldDisplayMessage":false,"stepsCount":0,"attachmentsCount":0,"hasContent":false}],"testStage":{"description":"Test submission with only email filled.","status":"broken","statusMessage":"selenium.common.exceptions.TimeoutException: Message: \nStacktrace:\n#0 0x5601dfc8340a <unknown>\n#1 0x5601df6b776b <unknown>\n#2 0x5601df708e88 <unknown>\n#3 0x5601df7090c1 <unknown>\n#4 0x5601df7572c4 <unknown>\n#5 0x5601df754760 <unknown>\n#6 0x5601df6fb7b2 <unknown>\n#7 0x5601df6fc461 <unknown>\n#8 0x5601dfc4bdf9 <unknown>\n#9 0x5601dfc4ed5d <unknown>\n#10 0x5601dfc34b41 <unknown>\n#11 0x5601dfc4f93b <unknown>\n#12 0x5601dfc1b870 <unknown>\n#13 0x5601dfc70828 <unknown>\n#14 0x5601dfc709fc <unknown>\n#15 0x5601dfc82763 <unknown>\n#16 0x7f7c03c9caa4 <unknown>\n#17 0x7f7c03d29c6c <unknown>","statusTrace":"self = <tests.test_fastfive_login.TestLoginValidation object at 0x7ff515553d10>\ndriver = <selenium.webdriver.chrome.webdriver.WebDriver (session=\"e8add2dabebef70c69b3c4bafd2d5518\")>\n\n    @allure.story(\"Form Validation\")\n    @allure.title(\"이메일만 입력 시 페이지 유지 확인\")\n    @allure.severity(allure.severity_level.NORMAL)\n    def test_email_only_submission(self, driver):\n        \"\"\"Test submission with only email filled.\"\"\"\n        with allure.step(\"이메일 입력\"):\n>           email_input = WebDriverWait(driver, ELEMENT_WAIT_TIME).until(\n                EC.presence_of_element_located(SELECTORS[\"email_input\"])\n            )\n\ntests/test_fastfive_login.py:173: \n_ _ _ _ _ _ _ _ _ _ _ _ _ _ _ _ _ _ _ _ _ _ _ _ _ _ _ _ _ _ _ _ _ _ _ _ _ _ _ _ \n\nself = <selenium.webdriver.support.wait.WebDriverWait (session=\"e8add2dabebef70c69b3c4bafd2d5518\")>\nmethod = <function presence_of_element_located.<locals>._predicate at 0x7ff51552bd80>\nmessage = ''\n\n    def until(self, method: Callable[[D], Literal[False] | T], message: str = \"\") -> T:\n        \"\"\"Wait until the method returns a value that is not False.\n    \n        Calls the method provided with the driver as an argument until the\n        return value does not evaluate to ``False``.\n    \n        Args:\n            method: A callable object that takes a WebDriver instance as an\n                argument.\n            message: Optional message for TimeoutException.\n    \n        Returns:\n            The result of the last call to `method`.\n    \n        Raises:\n            TimeoutException: If 'method' does not return a truthy value within\n                the WebDriverWait object's timeout.\n    \n        Example:\n            >>> from selenium.webdriver.common.by import By\n            >>> from selenium.webdriver.support.ui import WebDriverWait\n            >>> from selenium.webdriver.support import expected_conditions as EC\n            >>>\n            >>> # Wait until an element is visible on the page\n            >>> wait = WebDriverWait(driver, 10)\n            >>> element = wait.until(EC.visibility_of_element_located((By.ID, \"exampleId\")))\n            >>> print(element.text)\n        \"\"\"\n        screen = None\n        stacktrace = None\n    \n        end_time = time.monotonic() + self._timeout\n        while True:\n            try:\n                value = method(self._driver)\n                if value:\n                    return value\n            except self._ignored_exceptions as exc:\n                screen = getattr(exc, \"screen\", None)\n                stacktrace = getattr(exc, \"stacktrace\", None)\n            if time.monotonic() > end_time:\n                break\n            time.sleep(self._poll)\n>       raise TimeoutException(message, screen, stacktrace)\nE       selenium.common.exceptions.TimeoutException: Message: \nE       Stacktrace:\nE       #0 0x5601dfc8340a <unknown>\nE       #1 0x5601df6b776b <unknown>\nE       #2 0x5601df708e88 <unknown>\nE       #3 0x5601df7090c1 <unknown>\nE       #4 0x5601df7572c4 <unknown>\nE       #5 0x5601df754760 <unknown>\nE       #6 0x5601df6fb7b2 <unknown>\nE       #7 0x5601df6fc461 <unknown>\nE       #8 0x5601dfc4bdf9 <unknown>\nE       #9 0x5601dfc4ed5d <unknown>\nE       #10 0x5601dfc34b41 <unknown>\nE       #11 0x5601dfc4f93b <unknown>\nE       #12 0x5601dfc1b870 <unknown>\nE       #13 0x5601dfc70828 <unknown>\nE       #14 0x5601dfc709fc <unknown>\nE       #15 0x5601dfc82763 <unknown>\nE       #16 0x7f7c03c9caa4 <unknown>\nE       #17 0x7f7c03d29c6c <unknown>\n\n/opt/hostedtoolcache/Python/3.11.14/x64/lib/python3.11/site-packages/selenium/webdriver/support/wait.py:122: TimeoutException","steps":[{"name":"이메일 입력","time":{"start":1767980504645,"stop":1767980525225,"duration":20580},"status":"broken","statusMessage":"selenium.common.exceptions.TimeoutException: Message: \nStacktrace:\n#0 0x5601dfc8340a <unknown>\n#1 0x5601df6b776b <unknown>\n#2 0x5601df708e88 <unknown>\n#3 0x5601df7090c1 <unknown>\n#4 0x5601df7572c4 <unknown>\n#5 0x5601df754760 <unknown>\n#6 0x5601df6fb7b2 <unknown>\n#7 0x5601df6fc461 <unknown>\n#8 0x5601dfc4bdf9 <unknown>\n#9 0x5601dfc4ed5d <unknown>\n#10 0x5601dfc34b41 <unknown>\n#11 0x5601dfc4f93b <unknown>\n#12 0x5601dfc1b870 <unknown>\n#13 0x5601dfc70828 <unknown>\n#14 0x5601dfc709fc <unknown>\n#15 0x5601dfc82763 <unknown>\n#16 0x7f7c03c9caa4 <unknown>\n#17 0x7f7c03d29c6c <unknown>\n\n","statusTrace":"  File \"/home/runner/work/auto-test/auto-test/fastfive-dev/tests/test_fastfive_login.py\", line 173, in test_email_only_submission\n    email_input = WebDriverWait(driver, ELEMENT_WAIT_TIME).until(\n                  ^^^^^^^^^^^^^^^^^^^^^^^^^^^^^^^^^^^^^^^^^^^^^^^\n  File \"/opt/hostedtoolcache/Python/3.11.14/x64/lib/python3.11/site-packages/selenium/webdriver/support/wait.py\", line 122, in until\n    raise TimeoutException(message, screen, stacktrace)\n","steps":[],"attachments":[],"parameters":[],"shouldDisplayMessage":true,"stepsCount":0,"attachmentsCount":0,"hasContent":true}],"attachments":[],"parameters":[],"shouldDisplayMessage":true,"stepsCount":1,"attachmentsCount":0,"hasContent":true},"afterStages":[{"name":"driver::0","time":{"start":1767980525243,"stop":1767980525368,"duration":125},"status":"passed","steps":[],"attachments":[{"uid":"7b23e09dd97fd9e3","name":"screenshot_on_failure","source":"7b23e09dd97fd9e3.png","type":"image/png","size":26718}],"parameters":[],"shouldDisplayMessage":false,"stepsCount":0,"attachmentsCount":1,"hasContent":true}],"labels":[{"name":"feature","value":"Login Page"},{"name":"severity","value":"normal"},{"name":"epic","value":"FastFive Members"},{"name":"story","value":"Form Validation"},{"name":"parentSuite","value":"tests"},{"name":"suite","value":"test_fastfive_login"},{"name":"subSuite","value":"TestLoginValidation"},{"name":"host","value":"runnervmi13qx"},{"name":"thread","value":"2190-MainThread"},{"name":"framework","value":"pytest"},{"name":"language","value":"cpython3"},{"name":"package","value":"tests.test_fastfive_login"},{"name":"resultFormat","value":"allure2"}],"parameters":[],"links":[],"hidden":false,"retry":false,"extra":{"severity":"normal","retries":[],"categories":[{"name":"Test defects","matchedStatuses":[],"flaky":false}],"tags":[]},"source":"5fe99fa72a380e40.json","parameterValues":[]}