{"uid":"8c4e2c7d460defe3","name":"잘못된 자격 증명으로 로그인 실패 확인","fullName":"tests.test_fastfive_login.TestLoginFunctionality#test_wrong_credentials_stays_on_page","historyId":"6cc71ad461f9c42cb3c4419540c9c586","time":{"start":1767980536333,"stop":1767980556921,"duration":20588},"description":"Test that wrong credentials keep user on login page.","descriptionHtml":"<p>Test that wrong credentials keep user on login page.</p>\n","status":"broken","statusMessage":"selenium.common.exceptions.TimeoutException: Message: \nStacktrace:\n#0 0x5646d424340a <unknown>\n#1 0x5646d3c7776b <unknown>\n#2 0x5646d3cc8e88 <unknown>\n#3 0x5646d3cc90c1 <unknown>\n#4 0x5646d3d172c4 <unknown>\n#5 0x5646d3d14760 <unknown>\n#6 0x5646d3cbb7b2 <unknown>\n#7 0x5646d3cbc461 <unknown>\n#8 0x5646d420bdf9 <unknown>\n#9 0x5646d420ed5d <unknown>\n#10 0x5646d41f4b41 <unknown>\n#11 0x5646d420f93b <unknown>\n#12 0x5646d41db870 <unknown>\n#13 0x5646d4230828 <unknown>\n#14 0x5646d42309fc <unknown>\n#15 0x5646d4242763 <unknown>\n#16 0x7f9c1409caa4 <unknown>\n#17 0x7f9c14129c6c <unknown>","statusTrace":"self = <tests.test_fastfive_login.TestLoginFunctionality object at 0x7ff515550690>\ndriver = <selenium.webdriver.chrome.webdriver.WebDriver (session=\"7433a7efc2f239c927f0e8e835e3f7b3\")>\n\n    @allure.story(\"Login\")\n    @allure.title(\"잘못된 자격 증명으로 로그인 실패 확인\")\n    @allure.severity(allure.severity_level.CRITICAL)\n    def test_wrong_credentials_stays_on_page(self, driver):\n        \"\"\"Test that wrong credentials keep user on login page.\"\"\"\n        with allure.step(\"잘못된 이메일 입력\"):\n>           email_input = WebDriverWait(driver, ELEMENT_WAIT_TIME).until(\n                EC.presence_of_element_located(SELECTORS[\"email_input\"])\n            )\n\ntests/test_fastfive_login.py:204: \n_ _ _ _ _ _ _ _ _ _ _ _ _ _ _ _ _ _ _ _ _ _ _ _ _ _ _ _ _ _ _ _ _ _ _ _ _ _ _ _ \n\nself = <selenium.webdriver.support.wait.WebDriverWait (session=\"7433a7efc2f239c927f0e8e835e3f7b3\")>\nmethod = <function presence_of_element_located.<locals>._predicate at 0x7ff515519300>\nmessage = ''\n\n    def until(self, method: Callable[[D], Literal[False] | T], message: str = \"\") -> T:\n        \"\"\"Wait until the method returns a value that is not False.\n    \n        Calls the method provided with the driver as an argument until the\n        return value does not evaluate to ``False``.\n    \n        Args:\n            method: A callable object that takes a WebDriver instance as an\n                argument.\n            message: Optional message for TimeoutException.\n    \n        Returns:\n            The result of the last call to `method`.\n    \n        Raises:\n            TimeoutException: If 'method' does not return a truthy value within\n                the WebDriverWait object's timeout.\n    \n        Example:\n            >>> from selenium.webdriver.common.by import By\n            >>> from selenium.webdriver.support.ui import WebDriverWait\n            >>> from selenium.webdriver.support import expected_conditions as EC\n            >>>\n            >>> # Wait until an element is visible on the page\n            >>> wait = WebDriverWait(driver, 10)\n            >>> element = wait.until(EC.visibility_of_element_located((By.ID, \"exampleId\")))\n            >>> print(element.text)\n        \"\"\"\n        screen = None\n        stacktrace = None\n    \n        end_time = time.monotonic() + self._timeout\n        while True:\n            try:\n                value = method(self._driver)\n                if value:\n                    return value\n            except self._ignored_exceptions as exc:\n                screen = getattr(exc, \"screen\", None)\n                stacktrace = getattr(exc, \"stacktrace\", None)\n            if time.monotonic() > end_time:\n                break\n            time.sleep(self._poll)\n>       raise TimeoutException(message, screen, stacktrace)\nE       selenium.common.exceptions.TimeoutException: Message: \nE       Stacktrace:\nE       #0 0x5646d424340a <unknown>\nE       #1 0x5646d3c7776b <unknown>\nE       #2 0x5646d3cc8e88 <unknown>\nE       #3 0x5646d3cc90c1 <unknown>\nE       #4 0x5646d3d172c4 <unknown>\nE       #5 0x5646d3d14760 <unknown>\nE       #6 0x5646d3cbb7b2 <unknown>\nE       #7 0x5646d3cbc461 <unknown>\nE       #8 0x5646d420bdf9 <unknown>\nE       #9 0x5646d420ed5d <unknown>\nE       #10 0x5646d41f4b41 <unknown>\nE       #11 0x5646d420f93b <unknown>\nE       #12 0x5646d41db870 <unknown>\nE       #13 0x5646d4230828 <unknown>\nE       #14 0x5646d42309fc <unknown>\nE       #15 0x5646d4242763 <unknown>\nE       #16 0x7f9c1409caa4 <unknown>\nE       #17 0x7f9c14129c6c <unknown>\n\n/opt/hostedtoolcache/Python/3.11.14/x64/lib/python3.11/site-packages/selenium/webdriver/support/wait.py:122: TimeoutException","flaky":false,"newFailed":false,"newBroken":false,"newPassed":false,"retriesCount":0,"retriesStatusChange":false,"beforeStages":[{"name":"base_url","time":{"start":1767980327608,"stop":1767980327608,"duration":0},"status":"passed","steps":[],"attachments":[],"parameters":[],"shouldDisplayMessage":false,"stepsCount":0,"attachmentsCount":0,"hasContent":false},{"name":"driver","time":{"start":1767980525369,"stop":1767980525717,"duration":348},"status":"passed","steps":[],"attachments":[],"parameters":[],"shouldDisplayMessage":false,"stepsCount":0,"attachmentsCount":0,"hasContent":false},{"name":"setup","time":{"start":1767980525717,"stop":1767980536333,"duration":10616},"status":"passed","steps":[],"attachments":[],"parameters":[],"shouldDisplayMessage":false,"stepsCount":0,"attachmentsCount":0,"hasContent":false}],"testStage":{"description":"Test that wrong credentials keep user on login page.","status":"broken","statusMessage":"selenium.common.exceptions.TimeoutException: Message: \nStacktrace:\n#0 0x5646d424340a <unknown>\n#1 0x5646d3c7776b <unknown>\n#2 0x5646d3cc8e88 <unknown>\n#3 0x5646d3cc90c1 <unknown>\n#4 0x5646d3d172c4 <unknown>\n#5 0x5646d3d14760 <unknown>\n#6 0x5646d3cbb7b2 <unknown>\n#7 0x5646d3cbc461 <unknown>\n#8 0x5646d420bdf9 <unknown>\n#9 0x5646d420ed5d <unknown>\n#10 0x5646d41f4b41 <unknown>\n#11 0x5646d420f93b <unknown>\n#12 0x5646d41db870 <unknown>\n#13 0x5646d4230828 <unknown>\n#14 0x5646d42309fc <unknown>\n#15 0x5646d4242763 <unknown>\n#16 0x7f9c1409caa4 <unknown>\n#17 0x7f9c14129c6c <unknown>","statusTrace":"self = <tests.test_fastfive_login.TestLoginFunctionality object at 0x7ff515550690>\ndriver = <selenium.webdriver.chrome.webdriver.WebDriver (session=\"7433a7efc2f239c927f0e8e835e3f7b3\")>\n\n    @allure.story(\"Login\")\n    @allure.title(\"잘못된 자격 증명으로 로그인 실패 확인\")\n    @allure.severity(allure.severity_level.CRITICAL)\n    def test_wrong_credentials_stays_on_page(self, driver):\n        \"\"\"Test that wrong credentials keep user on login page.\"\"\"\n        with allure.step(\"잘못된 이메일 입력\"):\n>           email_input = WebDriverWait(driver, ELEMENT_WAIT_TIME).until(\n                EC.presence_of_element_located(SELECTORS[\"email_input\"])\n            )\n\ntests/test_fastfive_login.py:204: \n_ _ _ _ _ _ _ _ _ _ _ _ _ _ _ _ _ _ _ _ _ _ _ _ _ _ _ _ _ _ _ _ _ _ _ _ _ _ _ _ \n\nself = <selenium.webdriver.support.wait.WebDriverWait (session=\"7433a7efc2f239c927f0e8e835e3f7b3\")>\nmethod = <function presence_of_element_located.<locals>._predicate at 0x7ff515519300>\nmessage = ''\n\n    def until(self, method: Callable[[D], Literal[False] | T], message: str = \"\") -> T:\n        \"\"\"Wait until the method returns a value that is not False.\n    \n        Calls the method provided with the driver as an argument until the\n        return value does not evaluate to ``False``.\n    \n        Args:\n            method: A callable object that takes a WebDriver instance as an\n                argument.\n            message: Optional message for TimeoutException.\n    \n        Returns:\n            The result of the last call to `method`.\n    \n        Raises:\n            TimeoutException: If 'method' does not return a truthy value within\n                the WebDriverWait object's timeout.\n    \n        Example:\n            >>> from selenium.webdriver.common.by import By\n            >>> from selenium.webdriver.support.ui import WebDriverWait\n            >>> from selenium.webdriver.support import expected_conditions as EC\n            >>>\n            >>> # Wait until an element is visible on the page\n            >>> wait = WebDriverWait(driver, 10)\n            >>> element = wait.until(EC.visibility_of_element_located((By.ID, \"exampleId\")))\n            >>> print(element.text)\n        \"\"\"\n        screen = None\n        stacktrace = None\n    \n        end_time = time.monotonic() + self._timeout\n        while True:\n            try:\n                value = method(self._driver)\n                if value:\n                    return value\n            except self._ignored_exceptions as exc:\n                screen = getattr(exc, \"screen\", None)\n                stacktrace = getattr(exc, \"stacktrace\", None)\n            if time.monotonic() > end_time:\n                break\n            time.sleep(self._poll)\n>       raise TimeoutException(message, screen, stacktrace)\nE       selenium.common.exceptions.TimeoutException: Message: \nE       Stacktrace:\nE       #0 0x5646d424340a <unknown>\nE       #1 0x5646d3c7776b <unknown>\nE       #2 0x5646d3cc8e88 <unknown>\nE       #3 0x5646d3cc90c1 <unknown>\nE       #4 0x5646d3d172c4 <unknown>\nE       #5 0x5646d3d14760 <unknown>\nE       #6 0x5646d3cbb7b2 <unknown>\nE       #7 0x5646d3cbc461 <unknown>\nE       #8 0x5646d420bdf9 <unknown>\nE       #9 0x5646d420ed5d <unknown>\nE       #10 0x5646d41f4b41 <unknown>\nE       #11 0x5646d420f93b <unknown>\nE       #12 0x5646d41db870 <unknown>\nE       #13 0x5646d4230828 <unknown>\nE       #14 0x5646d42309fc <unknown>\nE       #15 0x5646d4242763 <unknown>\nE       #16 0x7f9c1409caa4 <unknown>\nE       #17 0x7f9c14129c6c <unknown>\n\n/opt/hostedtoolcache/Python/3.11.14/x64/lib/python3.11/site-packages/selenium/webdriver/support/wait.py:122: TimeoutException","steps":[{"name":"잘못된 이메일 입력","time":{"start":1767980536333,"stop":1767980556921,"duration":20588},"status":"broken","statusMessage":"selenium.common.exceptions.TimeoutException: Message: \nStacktrace:\n#0 0x5646d424340a <unknown>\n#1 0x5646d3c7776b <unknown>\n#2 0x5646d3cc8e88 <unknown>\n#3 0x5646d3cc90c1 <unknown>\n#4 0x5646d3d172c4 <unknown>\n#5 0x5646d3d14760 <unknown>\n#6 0x5646d3cbb7b2 <unknown>\n#7 0x5646d3cbc461 <unknown>\n#8 0x5646d420bdf9 <unknown>\n#9 0x5646d420ed5d <unknown>\n#10 0x5646d41f4b41 <unknown>\n#11 0x5646d420f93b <unknown>\n#12 0x5646d41db870 <unknown>\n#13 0x5646d4230828 <unknown>\n#14 0x5646d42309fc <unknown>\n#15 0x5646d4242763 <unknown>\n#16 0x7f9c1409caa4 <unknown>\n#17 0x7f9c14129c6c <unknown>\n\n","statusTrace":"  File \"/home/runner/work/auto-test/auto-test/fastfive-dev/tests/test_fastfive_login.py\", line 204, in test_wrong_credentials_stays_on_page\n    email_input = WebDriverWait(driver, ELEMENT_WAIT_TIME).until(\n                  ^^^^^^^^^^^^^^^^^^^^^^^^^^^^^^^^^^^^^^^^^^^^^^^\n  File \"/opt/hostedtoolcache/Python/3.11.14/x64/lib/python3.11/site-packages/selenium/webdriver/support/wait.py\", line 122, in until\n    raise TimeoutException(message, screen, stacktrace)\n","steps":[],"attachments":[],"parameters":[],"shouldDisplayMessage":true,"stepsCount":0,"attachmentsCount":0,"hasContent":true}],"attachments":[],"parameters":[],"shouldDisplayMessage":true,"stepsCount":1,"attachmentsCount":0,"hasContent":true},"afterStages":[{"name":"driver::0","time":{"start":1767980556927,"stop":1767980557047,"duration":120},"status":"passed","steps":[],"attachments":[{"uid":"143e89ac1cd61c2","name":"screenshot_on_failure","source":"143e89ac1cd61c2.png","type":"image/png","size":26718}],"parameters":[],"shouldDisplayMessage":false,"stepsCount":0,"attachmentsCount":1,"hasContent":true}],"labels":[{"name":"feature","value":"Login Page"},{"name":"epic","value":"FastFive Members"},{"name":"severity","value":"critical"},{"name":"story","value":"Login"},{"name":"parentSuite","value":"tests"},{"name":"suite","value":"test_fastfive_login"},{"name":"subSuite","value":"TestLoginFunctionality"},{"name":"host","value":"runnervmi13qx"},{"name":"thread","value":"2190-MainThread"},{"name":"framework","value":"pytest"},{"name":"language","value":"cpython3"},{"name":"package","value":"tests.test_fastfive_login"},{"name":"resultFormat","value":"allure2"}],"parameters":[],"links":[],"hidden":false,"retry":false,"extra":{"severity":"critical","retries":[],"categories":[{"name":"Test defects","matchedStatuses":[],"flaky":false}],"tags":[]},"source":"8c4e2c7d460defe3.json","parameterValues":[]}