{"uid":"92ccfbf1ad4bb912","name":"비밀번호 입력 필드 존재 확인","fullName":"tests.test_fastfive_login.TestLoginFormElements#test_password_input_exists","historyId":"e882ca6ffa77e46d63381aaa2e163bc0","time":{"start":1767980399230,"stop":1767980419753,"duration":20523},"description":"Test password input field exists.","descriptionHtml":"<p>Test password input field exists.</p>\n","status":"broken","statusMessage":"selenium.common.exceptions.TimeoutException: Message: \nStacktrace:\n#0 0x564595d2a40a <unknown>\n#1 0x56459575e76b <unknown>\n#2 0x5645957afe88 <unknown>\n#3 0x5645957b00c1 <unknown>\n#4 0x5645957fe2c4 <unknown>\n#5 0x5645957fb760 <unknown>\n#6 0x5645957a27b2 <unknown>\n#7 0x5645957a3461 <unknown>\n#8 0x564595cf2df9 <unknown>\n#9 0x564595cf5d5d <unknown>\n#10 0x564595cdbb41 <unknown>\n#11 0x564595cf693b <unknown>\n#12 0x564595cc2870 <unknown>\n#13 0x564595d17828 <unknown>\n#14 0x564595d179fc <unknown>\n#15 0x564595d29763 <unknown>\n#16 0x7f089329caa4 <unknown>\n#17 0x7f0893329c6c <unknown>","statusTrace":"self = <tests.test_fastfive_login.TestLoginFormElements object at 0x7ff51555a5d0>\ndriver = <selenium.webdriver.chrome.webdriver.WebDriver (session=\"bf09adeae32e68aee4f51475f14f43a4\")>\n\n    @allure.story(\"Form Elements\")\n    @allure.title(\"비밀번호 입력 필드 존재 확인\")\n    @allure.severity(allure.severity_level.CRITICAL)\n    def test_password_input_exists(self, driver):\n        \"\"\"Test password input field exists.\"\"\"\n        with allure.step(\"비밀번호 입력 필드 찾기\"):\n>           password_input = WebDriverWait(driver, ELEMENT_WAIT_TIME).until(\n                EC.presence_of_element_located(SELECTORS[\"password_input\"])\n            )\n\ntests/test_fastfive_login.py:113: \n_ _ _ _ _ _ _ _ _ _ _ _ _ _ _ _ _ _ _ _ _ _ _ _ _ _ _ _ _ _ _ _ _ _ _ _ _ _ _ _ \n\nself = <selenium.webdriver.support.wait.WebDriverWait (session=\"bf09adeae32e68aee4f51475f14f43a4\")>\nmethod = <function presence_of_element_located.<locals>._predicate at 0x7ff51552b2e0>\nmessage = ''\n\n    def until(self, method: Callable[[D], Literal[False] | T], message: str = \"\") -> T:\n        \"\"\"Wait until the method returns a value that is not False.\n    \n        Calls the method provided with the driver as an argument until the\n        return value does not evaluate to ``False``.\n    \n        Args:\n            method: A callable object that takes a WebDriver instance as an\n                argument.\n            message: Optional message for TimeoutException.\n    \n        Returns:\n            The result of the last call to `method`.\n    \n        Raises:\n            TimeoutException: If 'method' does not return a truthy value within\n                the WebDriverWait object's timeout.\n    \n        Example:\n            >>> from selenium.webdriver.common.by import By\n            >>> from selenium.webdriver.support.ui import WebDriverWait\n            >>> from selenium.webdriver.support import expected_conditions as EC\n            >>>\n            >>> # Wait until an element is visible on the page\n            >>> wait = WebDriverWait(driver, 10)\n            >>> element = wait.until(EC.visibility_of_element_located((By.ID, \"exampleId\")))\n            >>> print(element.text)\n        \"\"\"\n        screen = None\n        stacktrace = None\n    \n        end_time = time.monotonic() + self._timeout\n        while True:\n            try:\n                value = method(self._driver)\n                if value:\n                    return value\n            except self._ignored_exceptions as exc:\n                screen = getattr(exc, \"screen\", None)\n                stacktrace = getattr(exc, \"stacktrace\", None)\n            if time.monotonic() > end_time:\n                break\n            time.sleep(self._poll)\n>       raise TimeoutException(message, screen, stacktrace)\nE       selenium.common.exceptions.TimeoutException: Message: \nE       Stacktrace:\nE       #0 0x564595d2a40a <unknown>\nE       #1 0x56459575e76b <unknown>\nE       #2 0x5645957afe88 <unknown>\nE       #3 0x5645957b00c1 <unknown>\nE       #4 0x5645957fe2c4 <unknown>\nE       #5 0x5645957fb760 <unknown>\nE       #6 0x5645957a27b2 <unknown>\nE       #7 0x5645957a3461 <unknown>\nE       #8 0x564595cf2df9 <unknown>\nE       #9 0x564595cf5d5d <unknown>\nE       #10 0x564595cdbb41 <unknown>\nE       #11 0x564595cf693b <unknown>\nE       #12 0x564595cc2870 <unknown>\nE       #13 0x564595d17828 <unknown>\nE       #14 0x564595d179fc <unknown>\nE       #15 0x564595d29763 <unknown>\nE       #16 0x7f089329caa4 <unknown>\nE       #17 0x7f0893329c6c <unknown>\n\n/opt/hostedtoolcache/Python/3.11.14/x64/lib/python3.11/site-packages/selenium/webdriver/support/wait.py:122: TimeoutException","flaky":false,"newFailed":false,"newBroken":false,"newPassed":false,"retriesCount":0,"retriesStatusChange":false,"beforeStages":[{"name":"base_url","time":{"start":1767980327608,"stop":1767980327608,"duration":0},"status":"passed","steps":[],"attachments":[],"parameters":[],"shouldDisplayMessage":false,"stepsCount":0,"attachmentsCount":0,"hasContent":false},{"name":"driver","time":{"start":1767980388255,"stop":1767980388591,"duration":336},"status":"passed","steps":[],"attachments":[],"parameters":[],"shouldDisplayMessage":false,"stepsCount":0,"attachmentsCount":0,"hasContent":false},{"name":"setup","time":{"start":1767980388591,"stop":1767980399229,"duration":10638},"status":"passed","steps":[],"attachments":[],"parameters":[],"shouldDisplayMessage":false,"stepsCount":0,"attachmentsCount":0,"hasContent":false}],"testStage":{"description":"Test password input field exists.","status":"broken","statusMessage":"selenium.common.exceptions.TimeoutException: Message: \nStacktrace:\n#0 0x564595d2a40a <unknown>\n#1 0x56459575e76b <unknown>\n#2 0x5645957afe88 <unknown>\n#3 0x5645957b00c1 <unknown>\n#4 0x5645957fe2c4 <unknown>\n#5 0x5645957fb760 <unknown>\n#6 0x5645957a27b2 <unknown>\n#7 0x5645957a3461 <unknown>\n#8 0x564595cf2df9 <unknown>\n#9 0x564595cf5d5d <unknown>\n#10 0x564595cdbb41 <unknown>\n#11 0x564595cf693b <unknown>\n#12 0x564595cc2870 <unknown>\n#13 0x564595d17828 <unknown>\n#14 0x564595d179fc <unknown>\n#15 0x564595d29763 <unknown>\n#16 0x7f089329caa4 <unknown>\n#17 0x7f0893329c6c <unknown>","statusTrace":"self = <tests.test_fastfive_login.TestLoginFormElements object at 0x7ff51555a5d0>\ndriver = <selenium.webdriver.chrome.webdriver.WebDriver (session=\"bf09adeae32e68aee4f51475f14f43a4\")>\n\n    @allure.story(\"Form Elements\")\n    @allure.title(\"비밀번호 입력 필드 존재 확인\")\n    @allure.severity(allure.severity_level.CRITICAL)\n    def test_password_input_exists(self, driver):\n        \"\"\"Test password input field exists.\"\"\"\n        with allure.step(\"비밀번호 입력 필드 찾기\"):\n>           password_input = WebDriverWait(driver, ELEMENT_WAIT_TIME).until(\n                EC.presence_of_element_located(SELECTORS[\"password_input\"])\n            )\n\ntests/test_fastfive_login.py:113: \n_ _ _ _ _ _ _ _ _ _ _ _ _ _ _ _ _ _ _ _ _ _ _ _ _ _ _ _ _ _ _ _ _ _ _ _ _ _ _ _ \n\nself = <selenium.webdriver.support.wait.WebDriverWait (session=\"bf09adeae32e68aee4f51475f14f43a4\")>\nmethod = <function presence_of_element_located.<locals>._predicate at 0x7ff51552b2e0>\nmessage = ''\n\n    def until(self, method: Callable[[D], Literal[False] | T], message: str = \"\") -> T:\n        \"\"\"Wait until the method returns a value that is not False.\n    \n        Calls the method provided with the driver as an argument until the\n        return value does not evaluate to ``False``.\n    \n        Args:\n            method: A callable object that takes a WebDriver instance as an\n                argument.\n            message: Optional message for TimeoutException.\n    \n        Returns:\n            The result of the last call to `method`.\n    \n        Raises:\n            TimeoutException: If 'method' does not return a truthy value within\n                the WebDriverWait object's timeout.\n    \n        Example:\n            >>> from selenium.webdriver.common.by import By\n            >>> from selenium.webdriver.support.ui import WebDriverWait\n            >>> from selenium.webdriver.support import expected_conditions as EC\n            >>>\n            >>> # Wait until an element is visible on the page\n            >>> wait = WebDriverWait(driver, 10)\n            >>> element = wait.until(EC.visibility_of_element_located((By.ID, \"exampleId\")))\n            >>> print(element.text)\n        \"\"\"\n        screen = None\n        stacktrace = None\n    \n        end_time = time.monotonic() + self._timeout\n        while True:\n            try:\n                value = method(self._driver)\n                if value:\n                    return value\n            except self._ignored_exceptions as exc:\n                screen = getattr(exc, \"screen\", None)\n                stacktrace = getattr(exc, \"stacktrace\", None)\n            if time.monotonic() > end_time:\n                break\n            time.sleep(self._poll)\n>       raise TimeoutException(message, screen, stacktrace)\nE       selenium.common.exceptions.TimeoutException: Message: \nE       Stacktrace:\nE       #0 0x564595d2a40a <unknown>\nE       #1 0x56459575e76b <unknown>\nE       #2 0x5645957afe88 <unknown>\nE       #3 0x5645957b00c1 <unknown>\nE       #4 0x5645957fe2c4 <unknown>\nE       #5 0x5645957fb760 <unknown>\nE       #6 0x5645957a27b2 <unknown>\nE       #7 0x5645957a3461 <unknown>\nE       #8 0x564595cf2df9 <unknown>\nE       #9 0x564595cf5d5d <unknown>\nE       #10 0x564595cdbb41 <unknown>\nE       #11 0x564595cf693b <unknown>\nE       #12 0x564595cc2870 <unknown>\nE       #13 0x564595d17828 <unknown>\nE       #14 0x564595d179fc <unknown>\nE       #15 0x564595d29763 <unknown>\nE       #16 0x7f089329caa4 <unknown>\nE       #17 0x7f0893329c6c <unknown>\n\n/opt/hostedtoolcache/Python/3.11.14/x64/lib/python3.11/site-packages/selenium/webdriver/support/wait.py:122: TimeoutException","steps":[{"name":"비밀번호 입력 필드 찾기","time":{"start":1767980399230,"stop":1767980419753,"duration":20523},"status":"broken","statusMessage":"selenium.common.exceptions.TimeoutException: Message: \nStacktrace:\n#0 0x564595d2a40a <unknown>\n#1 0x56459575e76b <unknown>\n#2 0x5645957afe88 <unknown>\n#3 0x5645957b00c1 <unknown>\n#4 0x5645957fe2c4 <unknown>\n#5 0x5645957fb760 <unknown>\n#6 0x5645957a27b2 <unknown>\n#7 0x5645957a3461 <unknown>\n#8 0x564595cf2df9 <unknown>\n#9 0x564595cf5d5d <unknown>\n#10 0x564595cdbb41 <unknown>\n#11 0x564595cf693b <unknown>\n#12 0x564595cc2870 <unknown>\n#13 0x564595d17828 <unknown>\n#14 0x564595d179fc <unknown>\n#15 0x564595d29763 <unknown>\n#16 0x7f089329caa4 <unknown>\n#17 0x7f0893329c6c <unknown>\n\n","statusTrace":"  File \"/home/runner/work/auto-test/auto-test/fastfive-dev/tests/test_fastfive_login.py\", line 113, in test_password_input_exists\n    password_input = WebDriverWait(driver, ELEMENT_WAIT_TIME).until(\n                     ^^^^^^^^^^^^^^^^^^^^^^^^^^^^^^^^^^^^^^^^^^^^^^^\n  File \"/opt/hostedtoolcache/Python/3.11.14/x64/lib/python3.11/site-packages/selenium/webdriver/support/wait.py\", line 122, in until\n    raise TimeoutException(message, screen, stacktrace)\n","steps":[],"attachments":[],"parameters":[],"shouldDisplayMessage":true,"stepsCount":0,"attachmentsCount":0,"hasContent":true}],"attachments":[],"parameters":[],"shouldDisplayMessage":true,"stepsCount":1,"attachmentsCount":0,"hasContent":true},"afterStages":[{"name":"driver::0","time":{"start":1767980419759,"stop":1767980419886,"duration":127},"status":"passed","steps":[],"attachments":[{"uid":"b5711094f9c51265","name":"screenshot_on_failure","source":"b5711094f9c51265.png","type":"image/png","size":26718}],"parameters":[],"shouldDisplayMessage":false,"stepsCount":0,"attachmentsCount":1,"hasContent":true}],"labels":[{"name":"feature","value":"Login Page"},{"name":"story","value":"Form Elements"},{"name":"epic","value":"FastFive Members"},{"name":"severity","value":"critical"},{"name":"parentSuite","value":"tests"},{"name":"suite","value":"test_fastfive_login"},{"name":"subSuite","value":"TestLoginFormElements"},{"name":"host","value":"runnervmi13qx"},{"name":"thread","value":"2190-MainThread"},{"name":"framework","value":"pytest"},{"name":"language","value":"cpython3"},{"name":"package","value":"tests.test_fastfive_login"},{"name":"resultFormat","value":"allure2"}],"parameters":[],"links":[],"hidden":false,"retry":false,"extra":{"severity":"critical","retries":[],"categories":[{"name":"Test defects","matchedStatuses":[],"flaky":false}],"tags":[]},"source":"92ccfbf1ad4bb912.json","parameterValues":[]}