{"uid":"b9a12bcf7f828791","name":"올바른 자격 증명으로 로그인 성공 확인","fullName":"tests.test_fastfive_login.TestLoginFunctionality#test_successful_login","historyId":"33a86728ca4444dadeb7e4bba5352da2","time":{"start":1767980568015,"stop":1767980588601,"duration":20586},"description":"Test successful login with valid credentials.","descriptionHtml":"<p>Test successful login with valid credentials.</p>\n","status":"broken","statusMessage":"selenium.common.exceptions.TimeoutException: Message: \nStacktrace:\n#0 0x559e3e6f240a <unknown>\n#1 0x559e3e12676b <unknown>\n#2 0x559e3e177e88 <unknown>\n#3 0x559e3e1780c1 <unknown>\n#4 0x559e3e1c62c4 <unknown>\n#5 0x559e3e1c3760 <unknown>\n#6 0x559e3e16a7b2 <unknown>\n#7 0x559e3e16b461 <unknown>\n#8 0x559e3e6badf9 <unknown>\n#9 0x559e3e6bdd5d <unknown>\n#10 0x559e3e6a3b41 <unknown>\n#11 0x559e3e6be93b <unknown>\n#12 0x559e3e68a870 <unknown>\n#13 0x559e3e6df828 <unknown>\n#14 0x559e3e6df9fc <unknown>\n#15 0x559e3e6f1763 <unknown>\n#16 0x7fa84589caa4 <unknown>\n#17 0x7fa845929c6c <unknown>","statusTrace":"self = <tests.test_fastfive_login.TestLoginFunctionality object at 0x7ff515550b50>\ndriver = <selenium.webdriver.chrome.webdriver.WebDriver (session=\"48dfce427fb9401db014d502f7a1fd29\")>\n\n    @allure.story(\"Login\")\n    @allure.title(\"올바른 자격 증명으로 로그인 성공 확인\")\n    @allure.severity(allure.severity_level.BLOCKER)\n    @pytest.mark.skipif(\n        not os.environ.get(\"TEST_EMAIL\") or not os.environ.get(\"TEST_PASSWORD\"),\n        reason=\"TEST_EMAIL and TEST_PASSWORD environment variables required\"\n    )\n    def test_successful_login(self, driver):\n        \"\"\"Test successful login with valid credentials.\"\"\"\n        email = os.environ.get(\"TEST_EMAIL\")\n        password = os.environ.get(\"TEST_PASSWORD\")\n    \n        with allure.step(\"이메일 입력\"):\n>           email_input = WebDriverWait(driver, ELEMENT_WAIT_TIME).until(\n                EC.presence_of_element_located(SELECTORS[\"email_input\"])\n            )\n\ntests/test_fastfive_login.py:234: \n_ _ _ _ _ _ _ _ _ _ _ _ _ _ _ _ _ _ _ _ _ _ _ _ _ _ _ _ _ _ _ _ _ _ _ _ _ _ _ _ \n\nself = <selenium.webdriver.support.wait.WebDriverWait (session=\"48dfce427fb9401db014d502f7a1fd29\")>\nmethod = <function presence_of_element_located.<locals>._predicate at 0x7ff5154c5e40>\nmessage = ''\n\n    def until(self, method: Callable[[D], Literal[False] | T], message: str = \"\") -> T:\n        \"\"\"Wait until the method returns a value that is not False.\n    \n        Calls the method provided with the driver as an argument until the\n        return value does not evaluate to ``False``.\n    \n        Args:\n            method: A callable object that takes a WebDriver instance as an\n                argument.\n            message: Optional message for TimeoutException.\n    \n        Returns:\n            The result of the last call to `method`.\n    \n        Raises:\n            TimeoutException: If 'method' does not return a truthy value within\n                the WebDriverWait object's timeout.\n    \n        Example:\n            >>> from selenium.webdriver.common.by import By\n            >>> from selenium.webdriver.support.ui import WebDriverWait\n            >>> from selenium.webdriver.support import expected_conditions as EC\n            >>>\n            >>> # Wait until an element is visible on the page\n            >>> wait = WebDriverWait(driver, 10)\n            >>> element = wait.until(EC.visibility_of_element_located((By.ID, \"exampleId\")))\n            >>> print(element.text)\n        \"\"\"\n        screen = None\n        stacktrace = None\n    \n        end_time = time.monotonic() + self._timeout\n        while True:\n            try:\n                value = method(self._driver)\n                if value:\n                    return value\n            except self._ignored_exceptions as exc:\n                screen = getattr(exc, \"screen\", None)\n                stacktrace = getattr(exc, \"stacktrace\", None)\n            if time.monotonic() > end_time:\n                break\n            time.sleep(self._poll)\n>       raise TimeoutException(message, screen, stacktrace)\nE       selenium.common.exceptions.TimeoutException: Message: \nE       Stacktrace:\nE       #0 0x559e3e6f240a <unknown>\nE       #1 0x559e3e12676b <unknown>\nE       #2 0x559e3e177e88 <unknown>\nE       #3 0x559e3e1780c1 <unknown>\nE       #4 0x559e3e1c62c4 <unknown>\nE       #5 0x559e3e1c3760 <unknown>\nE       #6 0x559e3e16a7b2 <unknown>\nE       #7 0x559e3e16b461 <unknown>\nE       #8 0x559e3e6badf9 <unknown>\nE       #9 0x559e3e6bdd5d <unknown>\nE       #10 0x559e3e6a3b41 <unknown>\nE       #11 0x559e3e6be93b <unknown>\nE       #12 0x559e3e68a870 <unknown>\nE       #13 0x559e3e6df828 <unknown>\nE       #14 0x559e3e6df9fc <unknown>\nE       #15 0x559e3e6f1763 <unknown>\nE       #16 0x7fa84589caa4 <unknown>\nE       #17 0x7fa845929c6c <unknown>\n\n/opt/hostedtoolcache/Python/3.11.14/x64/lib/python3.11/site-packages/selenium/webdriver/support/wait.py:122: TimeoutException","flaky":false,"newFailed":false,"newBroken":false,"newPassed":false,"retriesCount":0,"retriesStatusChange":false,"beforeStages":[{"name":"base_url","time":{"start":1767980327608,"stop":1767980327608,"duration":0},"status":"passed","steps":[],"attachments":[],"parameters":[],"shouldDisplayMessage":false,"stepsCount":0,"attachmentsCount":0,"hasContent":false},{"name":"driver","time":{"start":1767980557049,"stop":1767980557380,"duration":331},"status":"passed","steps":[],"attachments":[],"parameters":[],"shouldDisplayMessage":false,"stepsCount":0,"attachmentsCount":0,"hasContent":false},{"name":"setup","time":{"start":1767980557380,"stop":1767980568014,"duration":10634},"status":"passed","steps":[],"attachments":[],"parameters":[],"shouldDisplayMessage":false,"stepsCount":0,"attachmentsCount":0,"hasContent":false}],"testStage":{"description":"Test successful login with valid credentials.","status":"broken","statusMessage":"selenium.common.exceptions.TimeoutException: Message: \nStacktrace:\n#0 0x559e3e6f240a <unknown>\n#1 0x559e3e12676b <unknown>\n#2 0x559e3e177e88 <unknown>\n#3 0x559e3e1780c1 <unknown>\n#4 0x559e3e1c62c4 <unknown>\n#5 0x559e3e1c3760 <unknown>\n#6 0x559e3e16a7b2 <unknown>\n#7 0x559e3e16b461 <unknown>\n#8 0x559e3e6badf9 <unknown>\n#9 0x559e3e6bdd5d <unknown>\n#10 0x559e3e6a3b41 <unknown>\n#11 0x559e3e6be93b <unknown>\n#12 0x559e3e68a870 <unknown>\n#13 0x559e3e6df828 <unknown>\n#14 0x559e3e6df9fc <unknown>\n#15 0x559e3e6f1763 <unknown>\n#16 0x7fa84589caa4 <unknown>\n#17 0x7fa845929c6c <unknown>","statusTrace":"self = <tests.test_fastfive_login.TestLoginFunctionality object at 0x7ff515550b50>\ndriver = <selenium.webdriver.chrome.webdriver.WebDriver (session=\"48dfce427fb9401db014d502f7a1fd29\")>\n\n    @allure.story(\"Login\")\n    @allure.title(\"올바른 자격 증명으로 로그인 성공 확인\")\n    @allure.severity(allure.severity_level.BLOCKER)\n    @pytest.mark.skipif(\n        not os.environ.get(\"TEST_EMAIL\") or not os.environ.get(\"TEST_PASSWORD\"),\n        reason=\"TEST_EMAIL and TEST_PASSWORD environment variables required\"\n    )\n    def test_successful_login(self, driver):\n        \"\"\"Test successful login with valid credentials.\"\"\"\n        email = os.environ.get(\"TEST_EMAIL\")\n        password = os.environ.get(\"TEST_PASSWORD\")\n    \n        with allure.step(\"이메일 입력\"):\n>           email_input = WebDriverWait(driver, ELEMENT_WAIT_TIME).until(\n                EC.presence_of_element_located(SELECTORS[\"email_input\"])\n            )\n\ntests/test_fastfive_login.py:234: \n_ _ _ _ _ _ _ _ _ _ _ _ _ _ _ _ _ _ _ _ _ _ _ _ _ _ _ _ _ _ _ _ _ _ _ _ _ _ _ _ \n\nself = <selenium.webdriver.support.wait.WebDriverWait (session=\"48dfce427fb9401db014d502f7a1fd29\")>\nmethod = <function presence_of_element_located.<locals>._predicate at 0x7ff5154c5e40>\nmessage = ''\n\n    def until(self, method: Callable[[D], Literal[False] | T], message: str = \"\") -> T:\n        \"\"\"Wait until the method returns a value that is not False.\n    \n        Calls the method provided with the driver as an argument until the\n        return value does not evaluate to ``False``.\n    \n        Args:\n            method: A callable object that takes a WebDriver instance as an\n                argument.\n            message: Optional message for TimeoutException.\n    \n        Returns:\n            The result of the last call to `method`.\n    \n        Raises:\n            TimeoutException: If 'method' does not return a truthy value within\n                the WebDriverWait object's timeout.\n    \n        Example:\n            >>> from selenium.webdriver.common.by import By\n            >>> from selenium.webdriver.support.ui import WebDriverWait\n            >>> from selenium.webdriver.support import expected_conditions as EC\n            >>>\n            >>> # Wait until an element is visible on the page\n            >>> wait = WebDriverWait(driver, 10)\n            >>> element = wait.until(EC.visibility_of_element_located((By.ID, \"exampleId\")))\n            >>> print(element.text)\n        \"\"\"\n        screen = None\n        stacktrace = None\n    \n        end_time = time.monotonic() + self._timeout\n        while True:\n            try:\n                value = method(self._driver)\n                if value:\n                    return value\n            except self._ignored_exceptions as exc:\n                screen = getattr(exc, \"screen\", None)\n                stacktrace = getattr(exc, \"stacktrace\", None)\n            if time.monotonic() > end_time:\n                break\n            time.sleep(self._poll)\n>       raise TimeoutException(message, screen, stacktrace)\nE       selenium.common.exceptions.TimeoutException: Message: \nE       Stacktrace:\nE       #0 0x559e3e6f240a <unknown>\nE       #1 0x559e3e12676b <unknown>\nE       #2 0x559e3e177e88 <unknown>\nE       #3 0x559e3e1780c1 <unknown>\nE       #4 0x559e3e1c62c4 <unknown>\nE       #5 0x559e3e1c3760 <unknown>\nE       #6 0x559e3e16a7b2 <unknown>\nE       #7 0x559e3e16b461 <unknown>\nE       #8 0x559e3e6badf9 <unknown>\nE       #9 0x559e3e6bdd5d <unknown>\nE       #10 0x559e3e6a3b41 <unknown>\nE       #11 0x559e3e6be93b <unknown>\nE       #12 0x559e3e68a870 <unknown>\nE       #13 0x559e3e6df828 <unknown>\nE       #14 0x559e3e6df9fc <unknown>\nE       #15 0x559e3e6f1763 <unknown>\nE       #16 0x7fa84589caa4 <unknown>\nE       #17 0x7fa845929c6c <unknown>\n\n/opt/hostedtoolcache/Python/3.11.14/x64/lib/python3.11/site-packages/selenium/webdriver/support/wait.py:122: TimeoutException","steps":[{"name":"이메일 입력","time":{"start":1767980568015,"stop":1767980588601,"duration":20586},"status":"broken","statusMessage":"selenium.common.exceptions.TimeoutException: Message: \nStacktrace:\n#0 0x559e3e6f240a <unknown>\n#1 0x559e3e12676b <unknown>\n#2 0x559e3e177e88 <unknown>\n#3 0x559e3e1780c1 <unknown>\n#4 0x559e3e1c62c4 <unknown>\n#5 0x559e3e1c3760 <unknown>\n#6 0x559e3e16a7b2 <unknown>\n#7 0x559e3e16b461 <unknown>\n#8 0x559e3e6badf9 <unknown>\n#9 0x559e3e6bdd5d <unknown>\n#10 0x559e3e6a3b41 <unknown>\n#11 0x559e3e6be93b <unknown>\n#12 0x559e3e68a870 <unknown>\n#13 0x559e3e6df828 <unknown>\n#14 0x559e3e6df9fc <unknown>\n#15 0x559e3e6f1763 <unknown>\n#16 0x7fa84589caa4 <unknown>\n#17 0x7fa845929c6c <unknown>\n\n","statusTrace":"  File \"/home/runner/work/auto-test/auto-test/fastfive-dev/tests/test_fastfive_login.py\", line 234, in test_successful_login\n    email_input = WebDriverWait(driver, ELEMENT_WAIT_TIME).until(\n                  ^^^^^^^^^^^^^^^^^^^^^^^^^^^^^^^^^^^^^^^^^^^^^^^\n  File \"/opt/hostedtoolcache/Python/3.11.14/x64/lib/python3.11/site-packages/selenium/webdriver/support/wait.py\", line 122, in until\n    raise TimeoutException(message, screen, stacktrace)\n","steps":[],"attachments":[],"parameters":[],"shouldDisplayMessage":true,"stepsCount":0,"attachmentsCount":0,"hasContent":true}],"attachments":[],"parameters":[],"shouldDisplayMessage":true,"stepsCount":1,"attachmentsCount":0,"hasContent":true},"afterStages":[{"name":"driver::0","time":{"start":1767980588608,"stop":1767980588733,"duration":125},"status":"passed","steps":[],"attachments":[{"uid":"6211538c0529726","name":"screenshot_on_failure","source":"6211538c0529726.png","type":"image/png","size":26718}],"parameters":[],"shouldDisplayMessage":false,"stepsCount":0,"attachmentsCount":1,"hasContent":true}],"labels":[{"name":"feature","value":"Login Page"},{"name":"severity","value":"blocker"},{"name":"epic","value":"FastFive Members"},{"name":"story","value":"Login"},{"name":"parentSuite","value":"tests"},{"name":"suite","value":"test_fastfive_login"},{"name":"subSuite","value":"TestLoginFunctionality"},{"name":"host","value":"runnervmi13qx"},{"name":"thread","value":"2190-MainThread"},{"name":"framework","value":"pytest"},{"name":"language","value":"cpython3"},{"name":"package","value":"tests.test_fastfive_login"},{"name":"resultFormat","value":"allure2"}],"parameters":[],"links":[],"hidden":false,"retry":false,"extra":{"severity":"blocker","retries":[],"categories":[{"name":"Test defects","matchedStatuses":[],"flaky":false}],"tags":[]},"source":"b9a12bcf7f828791.json","parameterValues":[]}