{"uid":"c222938861759aa2","name":"페이지 타이틀 확인","fullName":"tests.test_fastfive_login.TestLoginPageLoad#test_login_page_title","historyId":"19d01522eb58cf4d74cad0380fbf7b41","time":{"start":1767998467026,"stop":1767998467034,"duration":8},"description":"Test the login page has correct title.","descriptionHtml":"<p>Test the login page has correct title.</p>\n","status":"broken","statusMessage":"selenium.common.exceptions.InvalidArgumentException: Message: invalid argument\n  (Session info: chrome=143.0.7499.169)\nStacktrace:\n#0 0x555fa01a040a <unknown>\n#1 0x555f9fbd4598 <unknown>\n#2 0x555f9fbbbf14 <unknown>\n#3 0x555f9fbba56a <unknown>\n#4 0x555f9fbbab80 <unknown>\n#5 0x555f9fbd7eaf <unknown>\n#6 0x555f9fc7238b <unknown>\n#7 0x555f9fc71760 <unknown>\n#8 0x555f9fc187b2 <unknown>\n#9 0x555f9fc19461 <unknown>\n#10 0x555fa0168df9 <unknown>\n#11 0x555fa016bd5d <unknown>\n#12 0x555fa0151b41 <unknown>\n#13 0x555fa016c93b <unknown>\n#14 0x555fa0138870 <unknown>\n#15 0x555fa018d828 <unknown>\n#16 0x555fa018d9fc <unknown>\n#17 0x555fa019f763 <unknown>\n#18 0x7f85ab29caa4 <unknown>\n#19 0x7f85ab329c6c <unknown>","statusTrace":"self = <tests.test_fastfive_login.TestLoginPageLoad object at 0x7fe6a7c1e8d0>\ndriver = <selenium.webdriver.chrome.webdriver.WebDriver (session=\"4058423a24947a3a639030986c363e39\")>\nbase_url = ''\n\n    @allure.story(\"Page Load\")\n    @allure.title(\"페이지 타이틀 확인\")\n    @allure.severity(allure.severity_level.NORMAL)\n    def test_login_page_title(self, driver, base_url):\n        \"\"\"Test the login page has correct title.\"\"\"\n        with allure.step(\"로그인 페이지 접속\"):\n>           driver.get(f\"{base_url}/sign-in\")\n\ntests/test_fastfive_login.py:75: \n_ _ _ _ _ _ _ _ _ _ _ _ _ _ _ _ _ _ _ _ _ _ _ _ _ _ _ _ _ _ _ _ _ _ _ _ _ _ _ _ \n/opt/hostedtoolcache/Python/3.11.14/x64/lib/python3.11/site-packages/selenium/webdriver/remote/webdriver.py:452: in get\n    self.execute(Command.GET, {\"url\": url})\n/opt/hostedtoolcache/Python/3.11.14/x64/lib/python3.11/site-packages/selenium/webdriver/remote/webdriver.py:432: in execute\n    self.error_handler.check_response(response)\n_ _ _ _ _ _ _ _ _ _ _ _ _ _ _ _ _ _ _ _ _ _ _ _ _ _ _ _ _ _ _ _ _ _ _ _ _ _ _ _ \n\nself = <selenium.webdriver.remote.errorhandler.ErrorHandler object at 0x7fe6a7bf0e90>\nresponse = {'status': 400, 'value': '{\"value\":{\"error\":\"invalid argument\",\"message\":\"invalid argument\\\\n  (Session info: chrome=1...\\\\n#17 0x555fa019f763 \\\\u003Cunknown>\\\\n#18 0x7f85ab29caa4 \\\\u003Cunknown>\\\\n#19 0x7f85ab329c6c \\\\u003Cunknown>\\\\n\"}}'}\n\n    def check_response(self, response: dict[str, Any]) -> None:\n        \"\"\"Check that a JSON response from the WebDriver does not have an error.\n    \n        Args:\n            response: The JSON response from the WebDriver server as a dictionary\n                object.\n    \n        Raises:\n            WebDriverException: If the response contains an error message.\n        \"\"\"\n        status = response.get(\"status\", None)\n        if not status or status == ErrorCode.SUCCESS:\n            return\n        value = None\n        message = response.get(\"message\", \"\")\n        screen: str = response.get(\"screen\", \"\")\n        stacktrace = None\n        if isinstance(status, int):\n            value_json = response.get(\"value\", None)\n            if value_json and isinstance(value_json, str):\n                try:\n                    value = json.loads(value_json)\n                    if isinstance(value, dict):\n                        if len(value) == 1:\n                            value = value[\"value\"]\n                        status = value.get(\"error\", None)\n                        if not status:\n                            status = value.get(\"status\", ErrorCode.UNKNOWN_ERROR)\n                            message = value.get(\"value\") or value.get(\"message\")\n                            if not isinstance(message, str):\n                                value = message\n                                message = message.get(\"message\") if isinstance(message, dict) else None\n                        else:\n                            message = value.get(\"message\", None)\n                except ValueError:\n                    pass\n    \n        exception_class: type[WebDriverException]\n        e = ErrorCode()\n        error_codes = [item for item in dir(e) if not item.startswith(\"__\")]\n        for error_code in error_codes:\n            error_info = getattr(ErrorCode, error_code)\n            if isinstance(error_info, list) and status in error_info:\n                exception_class = getattr(ExceptionMapping, error_code, WebDriverException)\n                break\n        else:\n            exception_class = WebDriverException\n    \n        if not value:\n            value = response[\"value\"]\n        if isinstance(value, str):\n            raise exception_class(value)\n        if message == \"\" and \"message\" in value:\n            message = value[\"message\"]\n    \n        screen = None  # type: ignore[assignment]\n        if \"screen\" in value:\n            screen = value[\"screen\"]\n    \n        stacktrace = None\n        st_value = value.get(\"stackTrace\") or value.get(\"stacktrace\")\n        if st_value:\n            if isinstance(st_value, str):\n                stacktrace = st_value.split(\"\\n\")\n            else:\n                stacktrace = []\n                try:\n                    for frame in st_value:\n                        line = frame.get(\"lineNumber\", \"\")\n                        file = frame.get(\"fileName\", \"<anonymous>\")\n                        if line:\n                            file = f\"{file}:{line}\"\n                        meth = frame.get(\"methodName\", \"<anonymous>\")\n                        if \"className\" in frame:\n                            meth = f\"{frame['className']}.{meth}\"\n                        msg = \"    at %s (%s)\"\n                        msg = msg % (meth, file)\n                        stacktrace.append(msg)\n                except TypeError:\n                    pass\n        if exception_class == UnexpectedAlertPresentException:\n            alert_text = None\n            if \"data\" in value:\n                alert_text = value[\"data\"].get(\"text\")\n            elif \"alert\" in value:\n                alert_text = value[\"alert\"].get(\"text\")\n            raise exception_class(message, screen, stacktrace, alert_text)  # type: ignore[call-arg]  # mypy is not smart enough here\n>       raise exception_class(message, screen, stacktrace)\nE       selenium.common.exceptions.InvalidArgumentException: Message: invalid argument\nE         (Session info: chrome=143.0.7499.169)\nE       Stacktrace:\nE       #0 0x555fa01a040a <unknown>\nE       #1 0x555f9fbd4598 <unknown>\nE       #2 0x555f9fbbbf14 <unknown>\nE       #3 0x555f9fbba56a <unknown>\nE       #4 0x555f9fbbab80 <unknown>\nE       #5 0x555f9fbd7eaf <unknown>\nE       #6 0x555f9fc7238b <unknown>\nE       #7 0x555f9fc71760 <unknown>\nE       #8 0x555f9fc187b2 <unknown>\nE       #9 0x555f9fc19461 <unknown>\nE       #10 0x555fa0168df9 <unknown>\nE       #11 0x555fa016bd5d <unknown>\nE       #12 0x555fa0151b41 <unknown>\nE       #13 0x555fa016c93b <unknown>\nE       #14 0x555fa0138870 <unknown>\nE       #15 0x555fa018d828 <unknown>\nE       #16 0x555fa018d9fc <unknown>\nE       #17 0x555fa019f763 <unknown>\nE       #18 0x7f85ab29caa4 <unknown>\nE       #19 0x7f85ab329c6c <unknown>\n\n/opt/hostedtoolcache/Python/3.11.14/x64/lib/python3.11/site-packages/selenium/webdriver/remote/errorhandler.py:232: InvalidArgumentException","flaky":false,"newFailed":false,"newBroken":true,"newPassed":false,"retriesCount":0,"retriesStatusChange":false,"beforeStages":[{"name":"base_url","time":{"start":1767998457646,"stop":1767998457647,"duration":1},"status":"passed","steps":[],"attachments":[],"parameters":[],"shouldDisplayMessage":false,"stepsCount":0,"attachmentsCount":0,"hasContent":false},{"name":"driver","time":{"start":1767998466681,"stop":1767998467026,"duration":345},"status":"passed","steps":[],"attachments":[],"parameters":[],"shouldDisplayMessage":false,"stepsCount":0,"attachmentsCount":0,"hasContent":false}],"testStage":{"description":"Test the login page has correct title.","status":"broken","statusMessage":"selenium.common.exceptions.InvalidArgumentException: Message: invalid argument\n  (Session info: chrome=143.0.7499.169)\nStacktrace:\n#0 0x555fa01a040a <unknown>\n#1 0x555f9fbd4598 <unknown>\n#2 0x555f9fbbbf14 <unknown>\n#3 0x555f9fbba56a <unknown>\n#4 0x555f9fbbab80 <unknown>\n#5 0x555f9fbd7eaf <unknown>\n#6 0x555f9fc7238b <unknown>\n#7 0x555f9fc71760 <unknown>\n#8 0x555f9fc187b2 <unknown>\n#9 0x555f9fc19461 <unknown>\n#10 0x555fa0168df9 <unknown>\n#11 0x555fa016bd5d <unknown>\n#12 0x555fa0151b41 <unknown>\n#13 0x555fa016c93b <unknown>\n#14 0x555fa0138870 <unknown>\n#15 0x555fa018d828 <unknown>\n#16 0x555fa018d9fc <unknown>\n#17 0x555fa019f763 <unknown>\n#18 0x7f85ab29caa4 <unknown>\n#19 0x7f85ab329c6c <unknown>","statusTrace":"self = <tests.test_fastfive_login.TestLoginPageLoad object at 0x7fe6a7c1e8d0>\ndriver = <selenium.webdriver.chrome.webdriver.WebDriver (session=\"4058423a24947a3a639030986c363e39\")>\nbase_url = ''\n\n    @allure.story(\"Page Load\")\n    @allure.title(\"페이지 타이틀 확인\")\n    @allure.severity(allure.severity_level.NORMAL)\n    def test_login_page_title(self, driver, base_url):\n        \"\"\"Test the login page has correct title.\"\"\"\n        with allure.step(\"로그인 페이지 접속\"):\n>           driver.get(f\"{base_url}/sign-in\")\n\ntests/test_fastfive_login.py:75: \n_ _ _ _ _ _ _ _ _ _ _ _ _ _ _ _ _ _ _ _ _ _ _ _ _ _ _ _ _ _ _ _ _ _ _ _ _ _ _ _ \n/opt/hostedtoolcache/Python/3.11.14/x64/lib/python3.11/site-packages/selenium/webdriver/remote/webdriver.py:452: in get\n    self.execute(Command.GET, {\"url\": url})\n/opt/hostedtoolcache/Python/3.11.14/x64/lib/python3.11/site-packages/selenium/webdriver/remote/webdriver.py:432: in execute\n    self.error_handler.check_response(response)\n_ _ _ _ _ _ _ _ _ _ _ _ _ _ _ _ _ _ _ _ _ _ _ _ _ _ _ _ _ _ _ _ _ _ _ _ _ _ _ _ \n\nself = <selenium.webdriver.remote.errorhandler.ErrorHandler object at 0x7fe6a7bf0e90>\nresponse = {'status': 400, 'value': '{\"value\":{\"error\":\"invalid argument\",\"message\":\"invalid argument\\\\n  (Session info: chrome=1...\\\\n#17 0x555fa019f763 \\\\u003Cunknown>\\\\n#18 0x7f85ab29caa4 \\\\u003Cunknown>\\\\n#19 0x7f85ab329c6c \\\\u003Cunknown>\\\\n\"}}'}\n\n    def check_response(self, response: dict[str, Any]) -> None:\n        \"\"\"Check that a JSON response from the WebDriver does not have an error.\n    \n        Args:\n            response: The JSON response from the WebDriver server as a dictionary\n                object.\n    \n        Raises:\n            WebDriverException: If the response contains an error message.\n        \"\"\"\n        status = response.get(\"status\", None)\n        if not status or status == ErrorCode.SUCCESS:\n            return\n        value = None\n        message = response.get(\"message\", \"\")\n        screen: str = response.get(\"screen\", \"\")\n        stacktrace = None\n        if isinstance(status, int):\n            value_json = response.get(\"value\", None)\n            if value_json and isinstance(value_json, str):\n                try:\n                    value = json.loads(value_json)\n                    if isinstance(value, dict):\n                        if len(value) == 1:\n                            value = value[\"value\"]\n                        status = value.get(\"error\", None)\n                        if not status:\n                            status = value.get(\"status\", ErrorCode.UNKNOWN_ERROR)\n                            message = value.get(\"value\") or value.get(\"message\")\n                            if not isinstance(message, str):\n                                value = message\n                                message = message.get(\"message\") if isinstance(message, dict) else None\n                        else:\n                            message = value.get(\"message\", None)\n                except ValueError:\n                    pass\n    \n        exception_class: type[WebDriverException]\n        e = ErrorCode()\n        error_codes = [item for item in dir(e) if not item.startswith(\"__\")]\n        for error_code in error_codes:\n            error_info = getattr(ErrorCode, error_code)\n            if isinstance(error_info, list) and status in error_info:\n                exception_class = getattr(ExceptionMapping, error_code, WebDriverException)\n                break\n        else:\n            exception_class = WebDriverException\n    \n        if not value:\n            value = response[\"value\"]\n        if isinstance(value, str):\n            raise exception_class(value)\n        if message == \"\" and \"message\" in value:\n            message = value[\"message\"]\n    \n        screen = None  # type: ignore[assignment]\n        if \"screen\" in value:\n            screen = value[\"screen\"]\n    \n        stacktrace = None\n        st_value = value.get(\"stackTrace\") or value.get(\"stacktrace\")\n        if st_value:\n            if isinstance(st_value, str):\n                stacktrace = st_value.split(\"\\n\")\n            else:\n                stacktrace = []\n                try:\n                    for frame in st_value:\n                        line = frame.get(\"lineNumber\", \"\")\n                        file = frame.get(\"fileName\", \"<anonymous>\")\n                        if line:\n                            file = f\"{file}:{line}\"\n                        meth = frame.get(\"methodName\", \"<anonymous>\")\n                        if \"className\" in frame:\n                            meth = f\"{frame['className']}.{meth}\"\n                        msg = \"    at %s (%s)\"\n                        msg = msg % (meth, file)\n                        stacktrace.append(msg)\n                except TypeError:\n                    pass\n        if exception_class == UnexpectedAlertPresentException:\n            alert_text = None\n            if \"data\" in value:\n                alert_text = value[\"data\"].get(\"text\")\n            elif \"alert\" in value:\n                alert_text = value[\"alert\"].get(\"text\")\n            raise exception_class(message, screen, stacktrace, alert_text)  # type: ignore[call-arg]  # mypy is not smart enough here\n>       raise exception_class(message, screen, stacktrace)\nE       selenium.common.exceptions.InvalidArgumentException: Message: invalid argument\nE         (Session info: chrome=143.0.7499.169)\nE       Stacktrace:\nE       #0 0x555fa01a040a <unknown>\nE       #1 0x555f9fbd4598 <unknown>\nE       #2 0x555f9fbbbf14 <unknown>\nE       #3 0x555f9fbba56a <unknown>\nE       #4 0x555f9fbbab80 <unknown>\nE       #5 0x555f9fbd7eaf <unknown>\nE       #6 0x555f9fc7238b <unknown>\nE       #7 0x555f9fc71760 <unknown>\nE       #8 0x555f9fc187b2 <unknown>\nE       #9 0x555f9fc19461 <unknown>\nE       #10 0x555fa0168df9 <unknown>\nE       #11 0x555fa016bd5d <unknown>\nE       #12 0x555fa0151b41 <unknown>\nE       #13 0x555fa016c93b <unknown>\nE       #14 0x555fa0138870 <unknown>\nE       #15 0x555fa018d828 <unknown>\nE       #16 0x555fa018d9fc <unknown>\nE       #17 0x555fa019f763 <unknown>\nE       #18 0x7f85ab29caa4 <unknown>\nE       #19 0x7f85ab329c6c <unknown>\n\n/opt/hostedtoolcache/Python/3.11.14/x64/lib/python3.11/site-packages/selenium/webdriver/remote/errorhandler.py:232: InvalidArgumentException","steps":[{"name":"로그인 페이지 접속","time":{"start":1767998467027,"stop":1767998467033,"duration":6},"status":"broken","statusMessage":"selenium.common.exceptions.InvalidArgumentException: Message: invalid argument\n  (Session info: chrome=143.0.7499.169)\nStacktrace:\n#0 0x555fa01a040a <unknown>\n#1 0x555f9fbd4598 <unknown>\n#2 0x555f9fbbbf14 <unknown>\n#3 0x555f9fbba56a <unknown>\n#4 0x555f9fbbab80 <unknown>\n#5 0x555f9fbd7eaf <unknown>\n#6 0x555f9fc7238b <unknown>\n#7 0x555f9fc71760 <unknown>\n#8 0x555f9fc187b2 <unknown>\n#9 0x555f9fc19461 <unknown>\n#10 0x555fa0168df9 <unknown>\n#11 0x555fa016bd5d <unknown>\n#12 0x555fa0151b41 <unknown>\n#13 0x555fa016c93b <unknown>\n#14 0x555fa0138870 <unknown>\n#15 0x555fa018d828 <unknown>\n#16 0x555fa018d9fc <unknown>\n#17 0x555fa019f763 <unknown>\n#18 0x7f85ab29caa4 <unknown>\n#19 0x7f85ab329c6c <unknown>\n\n","statusTrace":"  File \"/home/runner/work/auto-test/auto-test/fastfive-dev/tests/test_fastfive_login.py\", line 75, in test_login_page_title\n    driver.get(f\"{base_url}/sign-in\")\n  File \"/opt/hostedtoolcache/Python/3.11.14/x64/lib/python3.11/site-packages/selenium/webdriver/remote/webdriver.py\", line 452, in get\n    self.execute(Command.GET, {\"url\": url})\n  File \"/opt/hostedtoolcache/Python/3.11.14/x64/lib/python3.11/site-packages/selenium/webdriver/remote/webdriver.py\", line 432, in execute\n    self.error_handler.check_response(response)\n  File \"/opt/hostedtoolcache/Python/3.11.14/x64/lib/python3.11/site-packages/selenium/webdriver/remote/errorhandler.py\", line 232, in check_response\n    raise exception_class(message, screen, stacktrace)\n","steps":[],"attachments":[],"parameters":[],"shouldDisplayMessage":true,"stepsCount":0,"attachmentsCount":0,"hasContent":true}],"attachments":[],"parameters":[],"shouldDisplayMessage":true,"stepsCount":1,"attachmentsCount":0,"hasContent":true},"afterStages":[{"name":"driver::0","time":{"start":1767998467061,"stop":1767998467214,"duration":153},"status":"passed","steps":[],"attachments":[{"uid":"b0d1bd87ee94bf98","name":"screenshot_on_failure","source":"b0d1bd87ee94bf98.png","type":"image/png","size":7825}],"parameters":[],"shouldDisplayMessage":false,"stepsCount":0,"attachmentsCount":1,"hasContent":true}],"labels":[{"name":"severity","value":"normal"},{"name":"epic","value":"FastFive Members"},{"name":"feature","value":"Login Page"},{"name":"story","value":"Page Load"},{"name":"parentSuite","value":"tests"},{"name":"suite","value":"test_fastfive_login"},{"name":"subSuite","value":"TestLoginPageLoad"},{"name":"host","value":"runnervmi13qx"},{"name":"thread","value":"2181-MainThread"},{"name":"framework","value":"pytest"},{"name":"language","value":"cpython3"},{"name":"package","value":"tests.test_fastfive_login"},{"name":"resultFormat","value":"allure2"}],"parameters":[],"links":[],"hidden":false,"retry":false,"extra":{"severity":"normal","retries":[],"categories":[{"name":"Test defects","matchedStatuses":[],"flaky":false}],"history":{"statistic":{"failed":0,"broken":1,"skipped":0,"passed":1,"unknown":0,"total":2},"items":[{"uid":"de116757f4b3ddfc","status":"passed","time":{"start":1767980345720,"stop":1767980356478,"duration":10758}}]},"tags":[]},"source":"c222938861759aa2.json","parameterValues":[]}