{"uid":"13a426486bfbc20b","name":"잘못된 자격 증명으로 로그인 실패 확인","fullName":"tests.test_fastfive_login.TestLoginFunctionality#test_wrong_credentials_stays_on_page","historyId":"6cc71ad461f9c42cb3c4419540c9c586","time":{"start":1767977943373,"stop":1767977963930,"duration":20557},"description":"Test that wrong credentials keep user on login page.","descriptionHtml":"<p>Test that wrong credentials keep user on login page.</p>\n","status":"broken","statusMessage":"selenium.common.exceptions.TimeoutException: Message: \nStacktrace:\n#0 0x55c15c83a40a <unknown>\n#1 0x55c15c26e76b <unknown>\n#2 0x55c15c2bfe88 <unknown>\n#3 0x55c15c2c00c1 <unknown>\n#4 0x55c15c30e2c4 <unknown>\n#5 0x55c15c30b760 <unknown>\n#6 0x55c15c2b27b2 <unknown>\n#7 0x55c15c2b3461 <unknown>\n#8 0x55c15c802df9 <unknown>\n#9 0x55c15c805d5d <unknown>\n#10 0x55c15c7ebb41 <unknown>\n#11 0x55c15c80693b <unknown>\n#12 0x55c15c7d2870 <unknown>\n#13 0x55c15c827828 <unknown>\n#14 0x55c15c8279fc <unknown>\n#15 0x55c15c839763 <unknown>\n#16 0x7f959bc9caa4 <unknown>\n#17 0x7f959bd29c6c <unknown>","statusTrace":"self = <tests.test_fastfive_login.TestLoginFunctionality object at 0x7f80c93a0b10>\ndriver = <selenium.webdriver.chrome.webdriver.WebDriver (session=\"2d2bc01ca41e768cc1e6e7c667ce0b01\")>\n\n    @allure.story(\"Login\")\n    @allure.title(\"잘못된 자격 증명으로 로그인 실패 확인\")\n    @allure.severity(allure.severity_level.CRITICAL)\n    def test_wrong_credentials_stays_on_page(self, driver):\n        \"\"\"Test that wrong credentials keep user on login page.\"\"\"\n        with allure.step(\"잘못된 이메일 입력\"):\n>           email_input = WebDriverWait(driver, ELEMENT_WAIT_TIME).until(\n                EC.presence_of_element_located(SELECTORS[\"email_input\"])\n            )\n\ntests/test_fastfive_login.py:204: \n_ _ _ _ _ _ _ _ _ _ _ _ _ _ _ _ _ _ _ _ _ _ _ _ _ _ _ _ _ _ _ _ _ _ _ _ _ _ _ _ \n\nself = <selenium.webdriver.support.wait.WebDriverWait (session=\"2d2bc01ca41e768cc1e6e7c667ce0b01\")>\nmethod = <function presence_of_element_located.<locals>._predicate at 0x7f80c9315e40>\nmessage = ''\n\n    def until(self, method: Callable[[D], Literal[False] | T], message: str = \"\") -> T:\n        \"\"\"Wait until the method returns a value that is not False.\n    \n        Calls the method provided with the driver as an argument until the\n        return value does not evaluate to ``False``.\n    \n        Args:\n            method: A callable object that takes a WebDriver instance as an\n                argument.\n            message: Optional message for TimeoutException.\n    \n        Returns:\n            The result of the last call to `method`.\n    \n        Raises:\n            TimeoutException: If 'method' does not return a truthy value within\n                the WebDriverWait object's timeout.\n    \n        Example:\n            >>> from selenium.webdriver.common.by import By\n            >>> from selenium.webdriver.support.ui import WebDriverWait\n            >>> from selenium.webdriver.support import expected_conditions as EC\n            >>>\n            >>> # Wait until an element is visible on the page\n            >>> wait = WebDriverWait(driver, 10)\n            >>> element = wait.until(EC.visibility_of_element_located((By.ID, \"exampleId\")))\n            >>> print(element.text)\n        \"\"\"\n        screen = None\n        stacktrace = None\n    \n        end_time = time.monotonic() + self._timeout\n        while True:\n            try:\n                value = method(self._driver)\n                if value:\n                    return value\n            except self._ignored_exceptions as exc:\n                screen = getattr(exc, \"screen\", None)\n                stacktrace = getattr(exc, \"stacktrace\", None)\n            if time.monotonic() > end_time:\n                break\n            time.sleep(self._poll)\n>       raise TimeoutException(message, screen, stacktrace)\nE       selenium.common.exceptions.TimeoutException: Message: \nE       Stacktrace:\nE       #0 0x55c15c83a40a <unknown>\nE       #1 0x55c15c26e76b <unknown>\nE       #2 0x55c15c2bfe88 <unknown>\nE       #3 0x55c15c2c00c1 <unknown>\nE       #4 0x55c15c30e2c4 <unknown>\nE       #5 0x55c15c30b760 <unknown>\nE       #6 0x55c15c2b27b2 <unknown>\nE       #7 0x55c15c2b3461 <unknown>\nE       #8 0x55c15c802df9 <unknown>\nE       #9 0x55c15c805d5d <unknown>\nE       #10 0x55c15c7ebb41 <unknown>\nE       #11 0x55c15c80693b <unknown>\nE       #12 0x55c15c7d2870 <unknown>\nE       #13 0x55c15c827828 <unknown>\nE       #14 0x55c15c8279fc <unknown>\nE       #15 0x55c15c839763 <unknown>\nE       #16 0x7f959bc9caa4 <unknown>\nE       #17 0x7f959bd29c6c <unknown>\n\n/opt/hostedtoolcache/Python/3.11.14/x64/lib/python3.11/site-packages/selenium/webdriver/support/wait.py:122: TimeoutException","flaky":false,"newFailed":false,"newBroken":false,"newPassed":false,"retriesCount":0,"retriesStatusChange":false,"beforeStages":[{"name":"base_url","time":{"start":1767977740917,"stop":1767977740917,"duration":0},"status":"passed","steps":[],"attachments":[],"parameters":[],"shouldDisplayMessage":false,"stepsCount":0,"attachmentsCount":0,"hasContent":false},{"name":"driver","time":{"start":1767977933052,"stop":1767977933396,"duration":344},"status":"passed","steps":[],"attachments":[],"parameters":[],"shouldDisplayMessage":false,"stepsCount":0,"attachmentsCount":0,"hasContent":false},{"name":"setup","time":{"start":1767977933397,"stop":1767977943372,"duration":9975},"status":"passed","steps":[],"attachments":[],"parameters":[],"shouldDisplayMessage":false,"stepsCount":0,"attachmentsCount":0,"hasContent":false}],"testStage":{"description":"Test that wrong credentials keep user on login page.","status":"broken","statusMessage":"selenium.common.exceptions.TimeoutException: Message: \nStacktrace:\n#0 0x55c15c83a40a <unknown>\n#1 0x55c15c26e76b <unknown>\n#2 0x55c15c2bfe88 <unknown>\n#3 0x55c15c2c00c1 <unknown>\n#4 0x55c15c30e2c4 <unknown>\n#5 0x55c15c30b760 <unknown>\n#6 0x55c15c2b27b2 <unknown>\n#7 0x55c15c2b3461 <unknown>\n#8 0x55c15c802df9 <unknown>\n#9 0x55c15c805d5d <unknown>\n#10 0x55c15c7ebb41 <unknown>\n#11 0x55c15c80693b <unknown>\n#12 0x55c15c7d2870 <unknown>\n#13 0x55c15c827828 <unknown>\n#14 0x55c15c8279fc <unknown>\n#15 0x55c15c839763 <unknown>\n#16 0x7f959bc9caa4 <unknown>\n#17 0x7f959bd29c6c <unknown>","statusTrace":"self = <tests.test_fastfive_login.TestLoginFunctionality object at 0x7f80c93a0b10>\ndriver = <selenium.webdriver.chrome.webdriver.WebDriver (session=\"2d2bc01ca41e768cc1e6e7c667ce0b01\")>\n\n    @allure.story(\"Login\")\n    @allure.title(\"잘못된 자격 증명으로 로그인 실패 확인\")\n    @allure.severity(allure.severity_level.CRITICAL)\n    def test_wrong_credentials_stays_on_page(self, driver):\n        \"\"\"Test that wrong credentials keep user on login page.\"\"\"\n        with allure.step(\"잘못된 이메일 입력\"):\n>           email_input = WebDriverWait(driver, ELEMENT_WAIT_TIME).until(\n                EC.presence_of_element_located(SELECTORS[\"email_input\"])\n            )\n\ntests/test_fastfive_login.py:204: \n_ _ _ _ _ _ _ _ _ _ _ _ _ _ _ _ _ _ _ _ _ _ _ _ _ _ _ _ _ _ _ _ _ _ _ _ _ _ _ _ \n\nself = <selenium.webdriver.support.wait.WebDriverWait (session=\"2d2bc01ca41e768cc1e6e7c667ce0b01\")>\nmethod = <function presence_of_element_located.<locals>._predicate at 0x7f80c9315e40>\nmessage = ''\n\n    def until(self, method: Callable[[D], Literal[False] | T], message: str = \"\") -> T:\n        \"\"\"Wait until the method returns a value that is not False.\n    \n        Calls the method provided with the driver as an argument until the\n        return value does not evaluate to ``False``.\n    \n        Args:\n            method: A callable object that takes a WebDriver instance as an\n                argument.\n            message: Optional message for TimeoutException.\n    \n        Returns:\n            The result of the last call to `method`.\n    \n        Raises:\n            TimeoutException: If 'method' does not return a truthy value within\n                the WebDriverWait object's timeout.\n    \n        Example:\n            >>> from selenium.webdriver.common.by import By\n            >>> from selenium.webdriver.support.ui import WebDriverWait\n            >>> from selenium.webdriver.support import expected_conditions as EC\n            >>>\n            >>> # Wait until an element is visible on the page\n            >>> wait = WebDriverWait(driver, 10)\n            >>> element = wait.until(EC.visibility_of_element_located((By.ID, \"exampleId\")))\n            >>> print(element.text)\n        \"\"\"\n        screen = None\n        stacktrace = None\n    \n        end_time = time.monotonic() + self._timeout\n        while True:\n            try:\n                value = method(self._driver)\n                if value:\n                    return value\n            except self._ignored_exceptions as exc:\n                screen = getattr(exc, \"screen\", None)\n                stacktrace = getattr(exc, \"stacktrace\", None)\n            if time.monotonic() > end_time:\n                break\n            time.sleep(self._poll)\n>       raise TimeoutException(message, screen, stacktrace)\nE       selenium.common.exceptions.TimeoutException: Message: \nE       Stacktrace:\nE       #0 0x55c15c83a40a <unknown>\nE       #1 0x55c15c26e76b <unknown>\nE       #2 0x55c15c2bfe88 <unknown>\nE       #3 0x55c15c2c00c1 <unknown>\nE       #4 0x55c15c30e2c4 <unknown>\nE       #5 0x55c15c30b760 <unknown>\nE       #6 0x55c15c2b27b2 <unknown>\nE       #7 0x55c15c2b3461 <unknown>\nE       #8 0x55c15c802df9 <unknown>\nE       #9 0x55c15c805d5d <unknown>\nE       #10 0x55c15c7ebb41 <unknown>\nE       #11 0x55c15c80693b <unknown>\nE       #12 0x55c15c7d2870 <unknown>\nE       #13 0x55c15c827828 <unknown>\nE       #14 0x55c15c8279fc <unknown>\nE       #15 0x55c15c839763 <unknown>\nE       #16 0x7f959bc9caa4 <unknown>\nE       #17 0x7f959bd29c6c <unknown>\n\n/opt/hostedtoolcache/Python/3.11.14/x64/lib/python3.11/site-packages/selenium/webdriver/support/wait.py:122: TimeoutException","steps":[{"name":"잘못된 이메일 입력","time":{"start":1767977943373,"stop":1767977963930,"duration":20557},"status":"broken","statusMessage":"selenium.common.exceptions.TimeoutException: Message: \nStacktrace:\n#0 0x55c15c83a40a <unknown>\n#1 0x55c15c26e76b <unknown>\n#2 0x55c15c2bfe88 <unknown>\n#3 0x55c15c2c00c1 <unknown>\n#4 0x55c15c30e2c4 <unknown>\n#5 0x55c15c30b760 <unknown>\n#6 0x55c15c2b27b2 <unknown>\n#7 0x55c15c2b3461 <unknown>\n#8 0x55c15c802df9 <unknown>\n#9 0x55c15c805d5d <unknown>\n#10 0x55c15c7ebb41 <unknown>\n#11 0x55c15c80693b <unknown>\n#12 0x55c15c7d2870 <unknown>\n#13 0x55c15c827828 <unknown>\n#14 0x55c15c8279fc <unknown>\n#15 0x55c15c839763 <unknown>\n#16 0x7f959bc9caa4 <unknown>\n#17 0x7f959bd29c6c <unknown>\n\n","statusTrace":"  File \"/home/runner/work/auto-test/auto-test/fastfive-dev/tests/test_fastfive_login.py\", line 204, in test_wrong_credentials_stays_on_page\n    email_input = WebDriverWait(driver, ELEMENT_WAIT_TIME).until(\n                  ^^^^^^^^^^^^^^^^^^^^^^^^^^^^^^^^^^^^^^^^^^^^^^^\n  File \"/opt/hostedtoolcache/Python/3.11.14/x64/lib/python3.11/site-packages/selenium/webdriver/support/wait.py\", line 122, in until\n    raise TimeoutException(message, screen, stacktrace)\n","steps":[],"attachments":[],"parameters":[],"shouldDisplayMessage":true,"stepsCount":0,"attachmentsCount":0,"hasContent":true}],"attachments":[],"parameters":[],"shouldDisplayMessage":true,"stepsCount":1,"attachmentsCount":0,"hasContent":true},"afterStages":[{"name":"driver::0","time":{"start":1767977963937,"stop":1767977964122,"duration":185},"status":"passed","steps":[],"attachments":[{"uid":"378410a7b7107ec8","name":"screenshot_on_failure","source":"378410a7b7107ec8.png","type":"image/png","size":26718}],"parameters":[],"shouldDisplayMessage":false,"stepsCount":0,"attachmentsCount":1,"hasContent":true}],"labels":[{"name":"feature","value":"Login Page"},{"name":"story","value":"Login"},{"name":"epic","value":"FastFive Members"},{"name":"severity","value":"critical"},{"name":"parentSuite","value":"tests"},{"name":"suite","value":"test_fastfive_login"},{"name":"subSuite","value":"TestLoginFunctionality"},{"name":"host","value":"runnervmi13qx"},{"name":"thread","value":"2182-MainThread"},{"name":"framework","value":"pytest"},{"name":"language","value":"cpython3"},{"name":"package","value":"tests.test_fastfive_login"},{"name":"resultFormat","value":"allure2"}],"parameters":[],"links":[],"hidden":false,"retry":false,"extra":{"severity":"critical","retries":[],"categories":[{"name":"Test defects","matchedStatuses":[],"flaky":false}],"history":{"statistic":{"failed":0,"broken":2,"skipped":0,"passed":0,"unknown":0,"total":2},"items":[{"uid":"fcabec46b4f01a41","status":"broken","statusDetails":"selenium.common.exceptions.TimeoutException: Message: \nStacktrace:\n#0 0x560546d4b40a <unknown>\n#1 0x56054677f76b <unknown>\n#2 0x5605467d0e88 <unknown>\n#3 0x5605467d10c1 <unknown>\n#4 0x56054681f2c4 <unknown>\n#5 0x56054681c760 <unknown>\n#6 0x5605467c37b2 <unknown>\n#7 0x5605467c4461 <unknown>\n#8 0x560546d13df9 <unknown>\n#9 0x560546d16d5d <unknown>\n#10 0x560546cfcb41 <unknown>\n#11 0x560546d1793b <unknown>\n#12 0x560546ce3870 <unknown>\n#13 0x560546d38828 <unknown>\n#14 0x560546d389fc <unknown>\n#15 0x560546d4a763 <unknown>\n#16 0x7f05b889caa4 <unknown>\n#17 0x7f05b8929c6c <unknown>","time":{"start":1767976640691,"stop":1767976661234,"duration":20543}}]},"tags":[]},"source":"13a426486bfbc20b.json","parameterValues":[]}