{"uid":"35995a24e2ef942d","name":"올바른 자격 증명으로 로그인 성공 확인","fullName":"tests.test_fastfive_login.TestLoginFunctionality#test_successful_login","historyId":"33a86728ca4444dadeb7e4bba5352da2","time":{"start":1767977974595,"stop":1767977995205,"duration":20610},"description":"Test successful login with valid credentials.","descriptionHtml":"<p>Test successful login with valid credentials.</p>\n","status":"broken","statusMessage":"selenium.common.exceptions.TimeoutException: Message: \nStacktrace:\n#0 0x55b55510640a <unknown>\n#1 0x55b554b3a76b <unknown>\n#2 0x55b554b8be88 <unknown>\n#3 0x55b554b8c0c1 <unknown>\n#4 0x55b554bda2c4 <unknown>\n#5 0x55b554bd7760 <unknown>\n#6 0x55b554b7e7b2 <unknown>\n#7 0x55b554b7f461 <unknown>\n#8 0x55b5550cedf9 <unknown>\n#9 0x55b5550d1d5d <unknown>\n#10 0x55b5550b7b41 <unknown>\n#11 0x55b5550d293b <unknown>\n#12 0x55b55509e870 <unknown>\n#13 0x55b5550f3828 <unknown>\n#14 0x55b5550f39fc <unknown>\n#15 0x55b555105763 <unknown>\n#16 0x7f92d3e9caa4 <unknown>\n#17 0x7f92d3f29c6c <unknown>","statusTrace":"self = <tests.test_fastfive_login.TestLoginFunctionality object at 0x7f80c93a0e50>\ndriver = <selenium.webdriver.chrome.webdriver.WebDriver (session=\"7fd10b9ad881fe7e8b6178c19cf17b0b\")>\n\n    @allure.story(\"Login\")\n    @allure.title(\"올바른 자격 증명으로 로그인 성공 확인\")\n    @allure.severity(allure.severity_level.BLOCKER)\n    @pytest.mark.skipif(\n        not os.environ.get(\"TEST_EMAIL\") or not os.environ.get(\"TEST_PASSWORD\"),\n        reason=\"TEST_EMAIL and TEST_PASSWORD environment variables required\"\n    )\n    def test_successful_login(self, driver):\n        \"\"\"Test successful login with valid credentials.\"\"\"\n        email = os.environ.get(\"TEST_EMAIL\")\n        password = os.environ.get(\"TEST_PASSWORD\")\n    \n        with allure.step(\"이메일 입력\"):\n>           email_input = WebDriverWait(driver, ELEMENT_WAIT_TIME).until(\n                EC.presence_of_element_located(SELECTORS[\"email_input\"])\n            )\n\ntests/test_fastfive_login.py:234: \n_ _ _ _ _ _ _ _ _ _ _ _ _ _ _ _ _ _ _ _ _ _ _ _ _ _ _ _ _ _ _ _ _ _ _ _ _ _ _ _ \n\nself = <selenium.webdriver.support.wait.WebDriverWait (session=\"7fd10b9ad881fe7e8b6178c19cf17b0b\")>\nmethod = <function presence_of_element_located.<locals>._predicate at 0x7f80c7ff2840>\nmessage = ''\n\n    def until(self, method: Callable[[D], Literal[False] | T], message: str = \"\") -> T:\n        \"\"\"Wait until the method returns a value that is not False.\n    \n        Calls the method provided with the driver as an argument until the\n        return value does not evaluate to ``False``.\n    \n        Args:\n            method: A callable object that takes a WebDriver instance as an\n                argument.\n            message: Optional message for TimeoutException.\n    \n        Returns:\n            The result of the last call to `method`.\n    \n        Raises:\n            TimeoutException: If 'method' does not return a truthy value within\n                the WebDriverWait object's timeout.\n    \n        Example:\n            >>> from selenium.webdriver.common.by import By\n            >>> from selenium.webdriver.support.ui import WebDriverWait\n            >>> from selenium.webdriver.support import expected_conditions as EC\n            >>>\n            >>> # Wait until an element is visible on the page\n            >>> wait = WebDriverWait(driver, 10)\n            >>> element = wait.until(EC.visibility_of_element_located((By.ID, \"exampleId\")))\n            >>> print(element.text)\n        \"\"\"\n        screen = None\n        stacktrace = None\n    \n        end_time = time.monotonic() + self._timeout\n        while True:\n            try:\n                value = method(self._driver)\n                if value:\n                    return value\n            except self._ignored_exceptions as exc:\n                screen = getattr(exc, \"screen\", None)\n                stacktrace = getattr(exc, \"stacktrace\", None)\n            if time.monotonic() > end_time:\n                break\n            time.sleep(self._poll)\n>       raise TimeoutException(message, screen, stacktrace)\nE       selenium.common.exceptions.TimeoutException: Message: \nE       Stacktrace:\nE       #0 0x55b55510640a <unknown>\nE       #1 0x55b554b3a76b <unknown>\nE       #2 0x55b554b8be88 <unknown>\nE       #3 0x55b554b8c0c1 <unknown>\nE       #4 0x55b554bda2c4 <unknown>\nE       #5 0x55b554bd7760 <unknown>\nE       #6 0x55b554b7e7b2 <unknown>\nE       #7 0x55b554b7f461 <unknown>\nE       #8 0x55b5550cedf9 <unknown>\nE       #9 0x55b5550d1d5d <unknown>\nE       #10 0x55b5550b7b41 <unknown>\nE       #11 0x55b5550d293b <unknown>\nE       #12 0x55b55509e870 <unknown>\nE       #13 0x55b5550f3828 <unknown>\nE       #14 0x55b5550f39fc <unknown>\nE       #15 0x55b555105763 <unknown>\nE       #16 0x7f92d3e9caa4 <unknown>\nE       #17 0x7f92d3f29c6c <unknown>\n\n/opt/hostedtoolcache/Python/3.11.14/x64/lib/python3.11/site-packages/selenium/webdriver/support/wait.py:122: TimeoutException","flaky":false,"newFailed":false,"newBroken":false,"newPassed":false,"retriesCount":0,"retriesStatusChange":false,"beforeStages":[{"name":"base_url","time":{"start":1767977740917,"stop":1767977740917,"duration":0},"status":"passed","steps":[],"attachments":[],"parameters":[],"shouldDisplayMessage":false,"stepsCount":0,"attachmentsCount":0,"hasContent":false},{"name":"driver","time":{"start":1767977964123,"stop":1767977964475,"duration":352},"status":"passed","steps":[],"attachments":[],"parameters":[],"shouldDisplayMessage":false,"stepsCount":0,"attachmentsCount":0,"hasContent":false},{"name":"setup","time":{"start":1767977964475,"stop":1767977974594,"duration":10119},"status":"passed","steps":[],"attachments":[],"parameters":[],"shouldDisplayMessage":false,"stepsCount":0,"attachmentsCount":0,"hasContent":false}],"testStage":{"description":"Test successful login with valid credentials.","status":"broken","statusMessage":"selenium.common.exceptions.TimeoutException: Message: \nStacktrace:\n#0 0x55b55510640a <unknown>\n#1 0x55b554b3a76b <unknown>\n#2 0x55b554b8be88 <unknown>\n#3 0x55b554b8c0c1 <unknown>\n#4 0x55b554bda2c4 <unknown>\n#5 0x55b554bd7760 <unknown>\n#6 0x55b554b7e7b2 <unknown>\n#7 0x55b554b7f461 <unknown>\n#8 0x55b5550cedf9 <unknown>\n#9 0x55b5550d1d5d <unknown>\n#10 0x55b5550b7b41 <unknown>\n#11 0x55b5550d293b <unknown>\n#12 0x55b55509e870 <unknown>\n#13 0x55b5550f3828 <unknown>\n#14 0x55b5550f39fc <unknown>\n#15 0x55b555105763 <unknown>\n#16 0x7f92d3e9caa4 <unknown>\n#17 0x7f92d3f29c6c <unknown>","statusTrace":"self = <tests.test_fastfive_login.TestLoginFunctionality object at 0x7f80c93a0e50>\ndriver = <selenium.webdriver.chrome.webdriver.WebDriver (session=\"7fd10b9ad881fe7e8b6178c19cf17b0b\")>\n\n    @allure.story(\"Login\")\n    @allure.title(\"올바른 자격 증명으로 로그인 성공 확인\")\n    @allure.severity(allure.severity_level.BLOCKER)\n    @pytest.mark.skipif(\n        not os.environ.get(\"TEST_EMAIL\") or not os.environ.get(\"TEST_PASSWORD\"),\n        reason=\"TEST_EMAIL and TEST_PASSWORD environment variables required\"\n    )\n    def test_successful_login(self, driver):\n        \"\"\"Test successful login with valid credentials.\"\"\"\n        email = os.environ.get(\"TEST_EMAIL\")\n        password = os.environ.get(\"TEST_PASSWORD\")\n    \n        with allure.step(\"이메일 입력\"):\n>           email_input = WebDriverWait(driver, ELEMENT_WAIT_TIME).until(\n                EC.presence_of_element_located(SELECTORS[\"email_input\"])\n            )\n\ntests/test_fastfive_login.py:234: \n_ _ _ _ _ _ _ _ _ _ _ _ _ _ _ _ _ _ _ _ _ _ _ _ _ _ _ _ _ _ _ _ _ _ _ _ _ _ _ _ \n\nself = <selenium.webdriver.support.wait.WebDriverWait (session=\"7fd10b9ad881fe7e8b6178c19cf17b0b\")>\nmethod = <function presence_of_element_located.<locals>._predicate at 0x7f80c7ff2840>\nmessage = ''\n\n    def until(self, method: Callable[[D], Literal[False] | T], message: str = \"\") -> T:\n        \"\"\"Wait until the method returns a value that is not False.\n    \n        Calls the method provided with the driver as an argument until the\n        return value does not evaluate to ``False``.\n    \n        Args:\n            method: A callable object that takes a WebDriver instance as an\n                argument.\n            message: Optional message for TimeoutException.\n    \n        Returns:\n            The result of the last call to `method`.\n    \n        Raises:\n            TimeoutException: If 'method' does not return a truthy value within\n                the WebDriverWait object's timeout.\n    \n        Example:\n            >>> from selenium.webdriver.common.by import By\n            >>> from selenium.webdriver.support.ui import WebDriverWait\n            >>> from selenium.webdriver.support import expected_conditions as EC\n            >>>\n            >>> # Wait until an element is visible on the page\n            >>> wait = WebDriverWait(driver, 10)\n            >>> element = wait.until(EC.visibility_of_element_located((By.ID, \"exampleId\")))\n            >>> print(element.text)\n        \"\"\"\n        screen = None\n        stacktrace = None\n    \n        end_time = time.monotonic() + self._timeout\n        while True:\n            try:\n                value = method(self._driver)\n                if value:\n                    return value\n            except self._ignored_exceptions as exc:\n                screen = getattr(exc, \"screen\", None)\n                stacktrace = getattr(exc, \"stacktrace\", None)\n            if time.monotonic() > end_time:\n                break\n            time.sleep(self._poll)\n>       raise TimeoutException(message, screen, stacktrace)\nE       selenium.common.exceptions.TimeoutException: Message: \nE       Stacktrace:\nE       #0 0x55b55510640a <unknown>\nE       #1 0x55b554b3a76b <unknown>\nE       #2 0x55b554b8be88 <unknown>\nE       #3 0x55b554b8c0c1 <unknown>\nE       #4 0x55b554bda2c4 <unknown>\nE       #5 0x55b554bd7760 <unknown>\nE       #6 0x55b554b7e7b2 <unknown>\nE       #7 0x55b554b7f461 <unknown>\nE       #8 0x55b5550cedf9 <unknown>\nE       #9 0x55b5550d1d5d <unknown>\nE       #10 0x55b5550b7b41 <unknown>\nE       #11 0x55b5550d293b <unknown>\nE       #12 0x55b55509e870 <unknown>\nE       #13 0x55b5550f3828 <unknown>\nE       #14 0x55b5550f39fc <unknown>\nE       #15 0x55b555105763 <unknown>\nE       #16 0x7f92d3e9caa4 <unknown>\nE       #17 0x7f92d3f29c6c <unknown>\n\n/opt/hostedtoolcache/Python/3.11.14/x64/lib/python3.11/site-packages/selenium/webdriver/support/wait.py:122: TimeoutException","steps":[{"name":"이메일 입력","time":{"start":1767977974595,"stop":1767977995204,"duration":20609},"status":"broken","statusMessage":"selenium.common.exceptions.TimeoutException: Message: \nStacktrace:\n#0 0x55b55510640a <unknown>\n#1 0x55b554b3a76b <unknown>\n#2 0x55b554b8be88 <unknown>\n#3 0x55b554b8c0c1 <unknown>\n#4 0x55b554bda2c4 <unknown>\n#5 0x55b554bd7760 <unknown>\n#6 0x55b554b7e7b2 <unknown>\n#7 0x55b554b7f461 <unknown>\n#8 0x55b5550cedf9 <unknown>\n#9 0x55b5550d1d5d <unknown>\n#10 0x55b5550b7b41 <unknown>\n#11 0x55b5550d293b <unknown>\n#12 0x55b55509e870 <unknown>\n#13 0x55b5550f3828 <unknown>\n#14 0x55b5550f39fc <unknown>\n#15 0x55b555105763 <unknown>\n#16 0x7f92d3e9caa4 <unknown>\n#17 0x7f92d3f29c6c <unknown>\n\n","statusTrace":"  File \"/home/runner/work/auto-test/auto-test/fastfive-dev/tests/test_fastfive_login.py\", line 234, in test_successful_login\n    email_input = WebDriverWait(driver, ELEMENT_WAIT_TIME).until(\n                  ^^^^^^^^^^^^^^^^^^^^^^^^^^^^^^^^^^^^^^^^^^^^^^^\n  File \"/opt/hostedtoolcache/Python/3.11.14/x64/lib/python3.11/site-packages/selenium/webdriver/support/wait.py\", line 122, in until\n    raise TimeoutException(message, screen, stacktrace)\n","steps":[],"attachments":[],"parameters":[],"shouldDisplayMessage":true,"stepsCount":0,"attachmentsCount":0,"hasContent":true}],"attachments":[],"parameters":[],"shouldDisplayMessage":true,"stepsCount":1,"attachmentsCount":0,"hasContent":true},"afterStages":[{"name":"driver::0","time":{"start":1767977995211,"stop":1767977995399,"duration":188},"status":"passed","steps":[],"attachments":[{"uid":"87b3aaad4988f9b7","name":"screenshot_on_failure","source":"87b3aaad4988f9b7.png","type":"image/png","size":26718}],"parameters":[],"shouldDisplayMessage":false,"stepsCount":0,"attachmentsCount":1,"hasContent":true}],"labels":[{"name":"feature","value":"Login Page"},{"name":"story","value":"Login"},{"name":"epic","value":"FastFive Members"},{"name":"severity","value":"blocker"},{"name":"parentSuite","value":"tests"},{"name":"suite","value":"test_fastfive_login"},{"name":"subSuite","value":"TestLoginFunctionality"},{"name":"host","value":"runnervmi13qx"},{"name":"thread","value":"2182-MainThread"},{"name":"framework","value":"pytest"},{"name":"language","value":"cpython3"},{"name":"package","value":"tests.test_fastfive_login"},{"name":"resultFormat","value":"allure2"}],"parameters":[],"links":[],"hidden":false,"retry":false,"extra":{"severity":"blocker","retries":[],"categories":[{"name":"Test defects","matchedStatuses":[],"flaky":false}],"history":{"statistic":{"failed":0,"broken":2,"skipped":0,"passed":0,"unknown":0,"total":2},"items":[{"uid":"2cbbfd73e4d78cb5","status":"broken","statusDetails":"selenium.common.exceptions.TimeoutException: Message: \nStacktrace:\n#0 0x5637ec02940a <unknown>\n#1 0x5637eba5d76b <unknown>\n#2 0x5637ebaaee88 <unknown>\n#3 0x5637ebaaf0c1 <unknown>\n#4 0x5637ebafd2c4 <unknown>\n#5 0x5637ebafa760 <unknown>\n#6 0x5637ebaa17b2 <unknown>\n#7 0x5637ebaa2461 <unknown>\n#8 0x5637ebff1df9 <unknown>\n#9 0x5637ebff4d5d <unknown>\n#10 0x5637ebfdab41 <unknown>\n#11 0x5637ebff593b <unknown>\n#12 0x5637ebfc1870 <unknown>\n#13 0x5637ec016828 <unknown>\n#14 0x5637ec0169fc <unknown>\n#15 0x5637ec028763 <unknown>\n#16 0x7f331a09caa4 <unknown>\n#17 0x7f331a129c6c <unknown>","time":{"start":1767976672494,"stop":1767976693075,"duration":20581}}]},"tags":[]},"source":"35995a24e2ef942d.json","parameterValues":[]}