{"uid":"b88f7c0df5eda50c","name":"로그인 버튼 존재 확인","fullName":"tests.test_fastfive_login.TestLoginFormElements#test_login_button_exists","historyId":"d5f8886986304591c4bfbb17214e757e","time":{"start":1767977840620,"stop":1767977860712,"duration":20092},"description":"Test login button exists.","descriptionHtml":"<p>Test login button exists.</p>\n","status":"broken","statusMessage":"selenium.common.exceptions.TimeoutException: Message: Login button not found","statusTrace":"self = <tests.test_fastfive_login.TestLoginFormElements object at 0x7f80c93aa7d0>\ndriver = <selenium.webdriver.chrome.webdriver.WebDriver (session=\"ddcf711ae19efa2882da7bbb79710cb6\")>\n\n    @allure.story(\"Form Elements\")\n    @allure.title(\"로그인 버튼 존재 확인\")\n    @allure.severity(allure.severity_level.CRITICAL)\n    def test_login_button_exists(self, driver):\n        \"\"\"Test login button exists.\"\"\"\n        with allure.step(\"로그인 버튼 찾기\"):\n>           login_button = find_login_button(driver)\n                           ^^^^^^^^^^^^^^^^^^^^^^^^^\n\ntests/test_fastfive_login.py:127: \n_ _ _ _ _ _ _ _ _ _ _ _ _ _ _ _ _ _ _ _ _ _ _ _ _ _ _ _ _ _ _ _ _ _ _ _ _ _ _ _ \n\ndriver = <selenium.webdriver.chrome.webdriver.WebDriver (session=\"ddcf711ae19efa2882da7bbb79710cb6\")>\n\n    def find_login_button(driver):\n        \"\"\"Find login button using multiple selectors.\"\"\"\n        for selector_name in [\"login_button\", \"login_button_alt\"]:\n            try:\n                btn = WebDriverWait(driver, 5).until(\n                    EC.presence_of_element_located(SELECTORS[selector_name])\n                )\n                if btn:\n                    return btn\n            except TimeoutException:\n                continue\n    \n        # Fallback: find any button with '로그인' text\n        buttons = driver.find_elements(By.TAG_NAME, \"button\")\n        for btn in buttons:\n            if \"로그인\" in btn.text:\n                return btn\n    \n>       raise TimeoutException(\"Login button not found\")\nE       selenium.common.exceptions.TimeoutException: Message: Login button not found\n\ntests/test_fastfive_login.py:49: TimeoutException","flaky":false,"newFailed":false,"newBroken":false,"newPassed":false,"retriesCount":0,"retriesStatusChange":false,"beforeStages":[{"name":"base_url","time":{"start":1767977740917,"stop":1767977740917,"duration":0},"status":"passed","steps":[],"attachments":[],"parameters":[],"shouldDisplayMessage":false,"stepsCount":0,"attachmentsCount":0,"hasContent":false},{"name":"driver","time":{"start":1767977830014,"stop":1767977830351,"duration":337},"status":"passed","steps":[],"attachments":[],"parameters":[],"shouldDisplayMessage":false,"stepsCount":0,"attachmentsCount":0,"hasContent":false},{"name":"setup","time":{"start":1767977830351,"stop":1767977840620,"duration":10269},"status":"passed","steps":[],"attachments":[],"parameters":[],"shouldDisplayMessage":false,"stepsCount":0,"attachmentsCount":0,"hasContent":false}],"testStage":{"description":"Test login button exists.","status":"broken","statusMessage":"selenium.common.exceptions.TimeoutException: Message: Login button not found","statusTrace":"self = <tests.test_fastfive_login.TestLoginFormElements object at 0x7f80c93aa7d0>\ndriver = <selenium.webdriver.chrome.webdriver.WebDriver (session=\"ddcf711ae19efa2882da7bbb79710cb6\")>\n\n    @allure.story(\"Form Elements\")\n    @allure.title(\"로그인 버튼 존재 확인\")\n    @allure.severity(allure.severity_level.CRITICAL)\n    def test_login_button_exists(self, driver):\n        \"\"\"Test login button exists.\"\"\"\n        with allure.step(\"로그인 버튼 찾기\"):\n>           login_button = find_login_button(driver)\n                           ^^^^^^^^^^^^^^^^^^^^^^^^^\n\ntests/test_fastfive_login.py:127: \n_ _ _ _ _ _ _ _ _ _ _ _ _ _ _ _ _ _ _ _ _ _ _ _ _ _ _ _ _ _ _ _ _ _ _ _ _ _ _ _ \n\ndriver = <selenium.webdriver.chrome.webdriver.WebDriver (session=\"ddcf711ae19efa2882da7bbb79710cb6\")>\n\n    def find_login_button(driver):\n        \"\"\"Find login button using multiple selectors.\"\"\"\n        for selector_name in [\"login_button\", \"login_button_alt\"]:\n            try:\n                btn = WebDriverWait(driver, 5).until(\n                    EC.presence_of_element_located(SELECTORS[selector_name])\n                )\n                if btn:\n                    return btn\n            except TimeoutException:\n                continue\n    \n        # Fallback: find any button with '로그인' text\n        buttons = driver.find_elements(By.TAG_NAME, \"button\")\n        for btn in buttons:\n            if \"로그인\" in btn.text:\n                return btn\n    \n>       raise TimeoutException(\"Login button not found\")\nE       selenium.common.exceptions.TimeoutException: Message: Login button not found\n\ntests/test_fastfive_login.py:49: TimeoutException","steps":[{"name":"로그인 버튼 찾기","time":{"start":1767977840620,"stop":1767977860712,"duration":20092},"status":"broken","statusMessage":"selenium.common.exceptions.TimeoutException: Message: Login button not found\n\n","statusTrace":"  File \"/home/runner/work/auto-test/auto-test/fastfive-dev/tests/test_fastfive_login.py\", line 127, in test_login_button_exists\n    login_button = find_login_button(driver)\n                   ^^^^^^^^^^^^^^^^^^^^^^^^^\n  File \"/home/runner/work/auto-test/auto-test/fastfive-dev/tests/test_fastfive_login.py\", line 49, in find_login_button\n    raise TimeoutException(\"Login button not found\")\n","steps":[],"attachments":[],"parameters":[],"shouldDisplayMessage":true,"stepsCount":0,"attachmentsCount":0,"hasContent":true}],"attachments":[],"parameters":[],"shouldDisplayMessage":true,"stepsCount":1,"attachmentsCount":0,"hasContent":true},"afterStages":[{"name":"driver::0","time":{"start":1767977860718,"stop":1767977860881,"duration":163},"status":"passed","steps":[],"attachments":[{"uid":"1807f06f1e7bf499","name":"screenshot_on_failure","source":"1807f06f1e7bf499.png","type":"image/png","size":26718}],"parameters":[],"shouldDisplayMessage":false,"stepsCount":0,"attachmentsCount":1,"hasContent":true}],"labels":[{"name":"feature","value":"Login Page"},{"name":"severity","value":"critical"},{"name":"epic","value":"FastFive Members"},{"name":"story","value":"Form Elements"},{"name":"parentSuite","value":"tests"},{"name":"suite","value":"test_fastfive_login"},{"name":"subSuite","value":"TestLoginFormElements"},{"name":"host","value":"runnervmi13qx"},{"name":"thread","value":"2182-MainThread"},{"name":"framework","value":"pytest"},{"name":"language","value":"cpython3"},{"name":"package","value":"tests.test_fastfive_login"},{"name":"resultFormat","value":"allure2"}],"parameters":[],"links":[],"hidden":false,"retry":false,"extra":{"severity":"critical","retries":[],"categories":[{"name":"Test defects","matchedStatuses":[],"flaky":false}],"history":{"statistic":{"failed":0,"broken":2,"skipped":0,"passed":0,"unknown":0,"total":2},"items":[{"uid":"67f91ce8873f3b3e","status":"broken","statusDetails":"selenium.common.exceptions.TimeoutException: Message: Login button not found","time":{"start":1767976533490,"stop":1767976553631,"duration":20141}}]},"tags":[]},"source":"b88f7c0df5eda50c.json","parameterValues":[]}