{"uid":"23a482a285debcbd","name":"잘못된 자격 증명으로 로그인 실패 확인","fullName":"tests.test_fastfive_login.TestLoginFunctionality#test_wrong_credentials_stays_on_page","historyId":"6cc71ad461f9c42cb3c4419540c9c586","time":{"start":1767982170022,"stop":1767982190568,"duration":20546},"description":"Test that wrong credentials keep user on login page.","descriptionHtml":"<p>Test that wrong credentials keep user on login page.</p>\n","status":"broken","statusMessage":"selenium.common.exceptions.TimeoutException: Message: \nStacktrace:\n#0 0x556edcd8340a <unknown>\n#1 0x556edc7b776b <unknown>\n#2 0x556edc808e88 <unknown>\n#3 0x556edc8090c1 <unknown>\n#4 0x556edc8572c4 <unknown>\n#5 0x556edc854760 <unknown>\n#6 0x556edc7fb7b2 <unknown>\n#7 0x556edc7fc461 <unknown>\n#8 0x556edcd4bdf9 <unknown>\n#9 0x556edcd4ed5d <unknown>\n#10 0x556edcd34b41 <unknown>\n#11 0x556edcd4f93b <unknown>\n#12 0x556edcd1b870 <unknown>\n#13 0x556edcd70828 <unknown>\n#14 0x556edcd709fc <unknown>\n#15 0x556edcd82763 <unknown>\n#16 0x7fd81d49caa4 <unknown>\n#17 0x7fd81d529c6c <unknown>","statusTrace":"self = <tests.test_fastfive_login.TestLoginFunctionality object at 0x7f5ac5fd0310>\ndriver = <selenium.webdriver.chrome.webdriver.WebDriver (session=\"d442db4974e52c8b24ef23d119912b68\")>\n\n    @allure.story(\"Login\")\n    @allure.title(\"잘못된 자격 증명으로 로그인 실패 확인\")\n    @allure.severity(allure.severity_level.CRITICAL)\n    def test_wrong_credentials_stays_on_page(self, driver):\n        \"\"\"Test that wrong credentials keep user on login page.\"\"\"\n        with allure.step(\"잘못된 이메일 입력\"):\n>           email_input = WebDriverWait(driver, ELEMENT_WAIT_TIME).until(\n                EC.presence_of_element_located(SELECTORS[\"email_input\"])\n            )\n\ntests/test_fastfive_login.py:204: \n_ _ _ _ _ _ _ _ _ _ _ _ _ _ _ _ _ _ _ _ _ _ _ _ _ _ _ _ _ _ _ _ _ _ _ _ _ _ _ _ \n\nself = <selenium.webdriver.support.wait.WebDriverWait (session=\"d442db4974e52c8b24ef23d119912b68\")>\nmethod = <function presence_of_element_located.<locals>._predicate at 0x7f5ac5f45ee0>\nmessage = ''\n\n    def until(self, method: Callable[[D], Literal[False] | T], message: str = \"\") -> T:\n        \"\"\"Wait until the method returns a value that is not False.\n    \n        Calls the method provided with the driver as an argument until the\n        return value does not evaluate to ``False``.\n    \n        Args:\n            method: A callable object that takes a WebDriver instance as an\n                argument.\n            message: Optional message for TimeoutException.\n    \n        Returns:\n            The result of the last call to `method`.\n    \n        Raises:\n            TimeoutException: If 'method' does not return a truthy value within\n                the WebDriverWait object's timeout.\n    \n        Example:\n            >>> from selenium.webdriver.common.by import By\n            >>> from selenium.webdriver.support.ui import WebDriverWait\n            >>> from selenium.webdriver.support import expected_conditions as EC\n            >>>\n            >>> # Wait until an element is visible on the page\n            >>> wait = WebDriverWait(driver, 10)\n            >>> element = wait.until(EC.visibility_of_element_located((By.ID, \"exampleId\")))\n            >>> print(element.text)\n        \"\"\"\n        screen = None\n        stacktrace = None\n    \n        end_time = time.monotonic() + self._timeout\n        while True:\n            try:\n                value = method(self._driver)\n                if value:\n                    return value\n            except self._ignored_exceptions as exc:\n                screen = getattr(exc, \"screen\", None)\n                stacktrace = getattr(exc, \"stacktrace\", None)\n            if time.monotonic() > end_time:\n                break\n            time.sleep(self._poll)\n>       raise TimeoutException(message, screen, stacktrace)\nE       selenium.common.exceptions.TimeoutException: Message: \nE       Stacktrace:\nE       #0 0x556edcd8340a <unknown>\nE       #1 0x556edc7b776b <unknown>\nE       #2 0x556edc808e88 <unknown>\nE       #3 0x556edc8090c1 <unknown>\nE       #4 0x556edc8572c4 <unknown>\nE       #5 0x556edc854760 <unknown>\nE       #6 0x556edc7fb7b2 <unknown>\nE       #7 0x556edc7fc461 <unknown>\nE       #8 0x556edcd4bdf9 <unknown>\nE       #9 0x556edcd4ed5d <unknown>\nE       #10 0x556edcd34b41 <unknown>\nE       #11 0x556edcd4f93b <unknown>\nE       #12 0x556edcd1b870 <unknown>\nE       #13 0x556edcd70828 <unknown>\nE       #14 0x556edcd709fc <unknown>\nE       #15 0x556edcd82763 <unknown>\nE       #16 0x7fd81d49caa4 <unknown>\nE       #17 0x7fd81d529c6c <unknown>\n\n/opt/hostedtoolcache/Python/3.11.14/x64/lib/python3.11/site-packages/selenium/webdriver/support/wait.py:122: TimeoutException","flaky":false,"newFailed":false,"newBroken":false,"newPassed":false,"retriesCount":0,"retriesStatusChange":false,"beforeStages":[{"name":"base_url","time":{"start":1767981956000,"stop":1767981956000,"duration":0},"status":"passed","steps":[],"attachments":[],"parameters":[],"shouldDisplayMessage":false,"stepsCount":0,"attachmentsCount":0,"hasContent":false},{"name":"driver","time":{"start":1767982159183,"stop":1767982159547,"duration":364},"status":"passed","steps":[],"attachments":[],"parameters":[],"shouldDisplayMessage":false,"stepsCount":0,"attachmentsCount":0,"hasContent":false},{"name":"setup","time":{"start":1767982159547,"stop":1767982170021,"duration":10474},"status":"passed","steps":[],"attachments":[],"parameters":[],"shouldDisplayMessage":false,"stepsCount":0,"attachmentsCount":0,"hasContent":false}],"testStage":{"description":"Test that wrong credentials keep user on login page.","status":"broken","statusMessage":"selenium.common.exceptions.TimeoutException: Message: \nStacktrace:\n#0 0x556edcd8340a <unknown>\n#1 0x556edc7b776b <unknown>\n#2 0x556edc808e88 <unknown>\n#3 0x556edc8090c1 <unknown>\n#4 0x556edc8572c4 <unknown>\n#5 0x556edc854760 <unknown>\n#6 0x556edc7fb7b2 <unknown>\n#7 0x556edc7fc461 <unknown>\n#8 0x556edcd4bdf9 <unknown>\n#9 0x556edcd4ed5d <unknown>\n#10 0x556edcd34b41 <unknown>\n#11 0x556edcd4f93b <unknown>\n#12 0x556edcd1b870 <unknown>\n#13 0x556edcd70828 <unknown>\n#14 0x556edcd709fc <unknown>\n#15 0x556edcd82763 <unknown>\n#16 0x7fd81d49caa4 <unknown>\n#17 0x7fd81d529c6c <unknown>","statusTrace":"self = <tests.test_fastfive_login.TestLoginFunctionality object at 0x7f5ac5fd0310>\ndriver = <selenium.webdriver.chrome.webdriver.WebDriver (session=\"d442db4974e52c8b24ef23d119912b68\")>\n\n    @allure.story(\"Login\")\n    @allure.title(\"잘못된 자격 증명으로 로그인 실패 확인\")\n    @allure.severity(allure.severity_level.CRITICAL)\n    def test_wrong_credentials_stays_on_page(self, driver):\n        \"\"\"Test that wrong credentials keep user on login page.\"\"\"\n        with allure.step(\"잘못된 이메일 입력\"):\n>           email_input = WebDriverWait(driver, ELEMENT_WAIT_TIME).until(\n                EC.presence_of_element_located(SELECTORS[\"email_input\"])\n            )\n\ntests/test_fastfive_login.py:204: \n_ _ _ _ _ _ _ _ _ _ _ _ _ _ _ _ _ _ _ _ _ _ _ _ _ _ _ _ _ _ _ _ _ _ _ _ _ _ _ _ \n\nself = <selenium.webdriver.support.wait.WebDriverWait (session=\"d442db4974e52c8b24ef23d119912b68\")>\nmethod = <function presence_of_element_located.<locals>._predicate at 0x7f5ac5f45ee0>\nmessage = ''\n\n    def until(self, method: Callable[[D], Literal[False] | T], message: str = \"\") -> T:\n        \"\"\"Wait until the method returns a value that is not False.\n    \n        Calls the method provided with the driver as an argument until the\n        return value does not evaluate to ``False``.\n    \n        Args:\n            method: A callable object that takes a WebDriver instance as an\n                argument.\n            message: Optional message for TimeoutException.\n    \n        Returns:\n            The result of the last call to `method`.\n    \n        Raises:\n            TimeoutException: If 'method' does not return a truthy value within\n                the WebDriverWait object's timeout.\n    \n        Example:\n            >>> from selenium.webdriver.common.by import By\n            >>> from selenium.webdriver.support.ui import WebDriverWait\n            >>> from selenium.webdriver.support import expected_conditions as EC\n            >>>\n            >>> # Wait until an element is visible on the page\n            >>> wait = WebDriverWait(driver, 10)\n            >>> element = wait.until(EC.visibility_of_element_located((By.ID, \"exampleId\")))\n            >>> print(element.text)\n        \"\"\"\n        screen = None\n        stacktrace = None\n    \n        end_time = time.monotonic() + self._timeout\n        while True:\n            try:\n                value = method(self._driver)\n                if value:\n                    return value\n            except self._ignored_exceptions as exc:\n                screen = getattr(exc, \"screen\", None)\n                stacktrace = getattr(exc, \"stacktrace\", None)\n            if time.monotonic() > end_time:\n                break\n            time.sleep(self._poll)\n>       raise TimeoutException(message, screen, stacktrace)\nE       selenium.common.exceptions.TimeoutException: Message: \nE       Stacktrace:\nE       #0 0x556edcd8340a <unknown>\nE       #1 0x556edc7b776b <unknown>\nE       #2 0x556edc808e88 <unknown>\nE       #3 0x556edc8090c1 <unknown>\nE       #4 0x556edc8572c4 <unknown>\nE       #5 0x556edc854760 <unknown>\nE       #6 0x556edc7fb7b2 <unknown>\nE       #7 0x556edc7fc461 <unknown>\nE       #8 0x556edcd4bdf9 <unknown>\nE       #9 0x556edcd4ed5d <unknown>\nE       #10 0x556edcd34b41 <unknown>\nE       #11 0x556edcd4f93b <unknown>\nE       #12 0x556edcd1b870 <unknown>\nE       #13 0x556edcd70828 <unknown>\nE       #14 0x556edcd709fc <unknown>\nE       #15 0x556edcd82763 <unknown>\nE       #16 0x7fd81d49caa4 <unknown>\nE       #17 0x7fd81d529c6c <unknown>\n\n/opt/hostedtoolcache/Python/3.11.14/x64/lib/python3.11/site-packages/selenium/webdriver/support/wait.py:122: TimeoutException","steps":[{"name":"잘못된 이메일 입력","time":{"start":1767982170022,"stop":1767982190567,"duration":20545},"status":"broken","statusMessage":"selenium.common.exceptions.TimeoutException: Message: \nStacktrace:\n#0 0x556edcd8340a <unknown>\n#1 0x556edc7b776b <unknown>\n#2 0x556edc808e88 <unknown>\n#3 0x556edc8090c1 <unknown>\n#4 0x556edc8572c4 <unknown>\n#5 0x556edc854760 <unknown>\n#6 0x556edc7fb7b2 <unknown>\n#7 0x556edc7fc461 <unknown>\n#8 0x556edcd4bdf9 <unknown>\n#9 0x556edcd4ed5d <unknown>\n#10 0x556edcd34b41 <unknown>\n#11 0x556edcd4f93b <unknown>\n#12 0x556edcd1b870 <unknown>\n#13 0x556edcd70828 <unknown>\n#14 0x556edcd709fc <unknown>\n#15 0x556edcd82763 <unknown>\n#16 0x7fd81d49caa4 <unknown>\n#17 0x7fd81d529c6c <unknown>\n\n","statusTrace":"  File \"/home/runner/work/auto-test/auto-test/fastfive-dev/tests/test_fastfive_login.py\", line 204, in test_wrong_credentials_stays_on_page\n    email_input = WebDriverWait(driver, ELEMENT_WAIT_TIME).until(\n                  ^^^^^^^^^^^^^^^^^^^^^^^^^^^^^^^^^^^^^^^^^^^^^^^\n  File \"/opt/hostedtoolcache/Python/3.11.14/x64/lib/python3.11/site-packages/selenium/webdriver/support/wait.py\", line 122, in until\n    raise TimeoutException(message, screen, stacktrace)\n","steps":[],"attachments":[],"parameters":[],"shouldDisplayMessage":true,"stepsCount":0,"attachmentsCount":0,"hasContent":true}],"attachments":[],"parameters":[],"shouldDisplayMessage":true,"stepsCount":1,"attachmentsCount":0,"hasContent":true},"afterStages":[{"name":"driver::0","time":{"start":1767982190574,"stop":1767982190711,"duration":137},"status":"passed","steps":[],"attachments":[{"uid":"c984016c6aad26e3","name":"screenshot_on_failure","source":"c984016c6aad26e3.png","type":"image/png","size":26718}],"parameters":[],"shouldDisplayMessage":false,"stepsCount":0,"attachmentsCount":1,"hasContent":true}],"labels":[{"name":"feature","value":"Login Page"},{"name":"epic","value":"FastFive Members"},{"name":"story","value":"Login"},{"name":"severity","value":"critical"},{"name":"parentSuite","value":"tests"},{"name":"suite","value":"test_fastfive_login"},{"name":"subSuite","value":"TestLoginFunctionality"},{"name":"host","value":"runnervmi13qx"},{"name":"thread","value":"2186-MainThread"},{"name":"framework","value":"pytest"},{"name":"language","value":"cpython3"},{"name":"package","value":"tests.test_fastfive_login"},{"name":"resultFormat","value":"allure2"}],"parameters":[],"links":[],"hidden":false,"retry":false,"extra":{"severity":"critical","retries":[],"categories":[{"name":"Test defects","matchedStatuses":[],"flaky":false}],"history":{"statistic":{"failed":0,"broken":2,"skipped":0,"passed":0,"unknown":0,"total":2},"items":[{"uid":"df1fbfa8f06e5b47","status":"broken","statusDetails":"selenium.common.exceptions.TimeoutException: Message: \nStacktrace:\n#0 0x561b3282040a <unknown>\n#1 0x561b3225476b <unknown>\n#2 0x561b322a5e88 <unknown>\n#3 0x561b322a60c1 <unknown>\n#4 0x561b322f42c4 <unknown>\n#5 0x561b322f1760 <unknown>\n#6 0x561b322987b2 <unknown>\n#7 0x561b32299461 <unknown>\n#8 0x561b327e8df9 <unknown>\n#9 0x561b327ebd5d <unknown>\n#10 0x561b327d1b41 <unknown>\n#11 0x561b327ec93b <unknown>\n#12 0x561b327b8870 <unknown>\n#13 0x561b3280d828 <unknown>\n#14 0x561b3280d9fc <unknown>\n#15 0x561b3281f763 <unknown>\n#16 0x7fdb2449caa4 <unknown>\n#17 0x7fdb24529c6c <unknown>","time":{"start":1767978954294,"stop":1767978974870,"duration":20576}}]},"tags":[]},"source":"23a482a285debcbd.json","parameterValues":[]}