{"uid":"51eb8720582b9283","name":"이메일만 입력 시 페이지 유지 확인","fullName":"tests.test_fastfive_login.TestLoginValidation#test_email_only_submission","historyId":"c77a4923279070818c5e8acce008ec21","time":{"start":1767982138501,"stop":1767982159031,"duration":20530},"description":"Test submission with only email filled.","descriptionHtml":"<p>Test submission with only email filled.</p>\n","status":"broken","statusMessage":"selenium.common.exceptions.TimeoutException: Message: \nStacktrace:\n#0 0x55eaf4fa940a <unknown>\n#1 0x55eaf49dd76b <unknown>\n#2 0x55eaf4a2ee88 <unknown>\n#3 0x55eaf4a2f0c1 <unknown>\n#4 0x55eaf4a7d2c4 <unknown>\n#5 0x55eaf4a7a760 <unknown>\n#6 0x55eaf4a217b2 <unknown>\n#7 0x55eaf4a22461 <unknown>\n#8 0x55eaf4f71df9 <unknown>\n#9 0x55eaf4f74d5d <unknown>\n#10 0x55eaf4f5ab41 <unknown>\n#11 0x55eaf4f7593b <unknown>\n#12 0x55eaf4f41870 <unknown>\n#13 0x55eaf4f96828 <unknown>\n#14 0x55eaf4f969fc <unknown>\n#15 0x55eaf4fa8763 <unknown>\n#16 0x7fb655a9caa4 <unknown>\n#17 0x7fb655b29c6c <unknown>","statusTrace":"self = <tests.test_fastfive_login.TestLoginValidation object at 0x7f5ac5fd36d0>\ndriver = <selenium.webdriver.chrome.webdriver.WebDriver (session=\"f2ff83e2ba6ea6732b28dace1c68cd21\")>\n\n    @allure.story(\"Form Validation\")\n    @allure.title(\"이메일만 입력 시 페이지 유지 확인\")\n    @allure.severity(allure.severity_level.NORMAL)\n    def test_email_only_submission(self, driver):\n        \"\"\"Test submission with only email filled.\"\"\"\n        with allure.step(\"이메일 입력\"):\n>           email_input = WebDriverWait(driver, ELEMENT_WAIT_TIME).until(\n                EC.presence_of_element_located(SELECTORS[\"email_input\"])\n            )\n\ntests/test_fastfive_login.py:173: \n_ _ _ _ _ _ _ _ _ _ _ _ _ _ _ _ _ _ _ _ _ _ _ _ _ _ _ _ _ _ _ _ _ _ _ _ _ _ _ _ \n\nself = <selenium.webdriver.support.wait.WebDriverWait (session=\"f2ff83e2ba6ea6732b28dace1c68cd21\")>\nmethod = <function presence_of_element_located.<locals>._predicate at 0x7f5ac5e1b240>\nmessage = ''\n\n    def until(self, method: Callable[[D], Literal[False] | T], message: str = \"\") -> T:\n        \"\"\"Wait until the method returns a value that is not False.\n    \n        Calls the method provided with the driver as an argument until the\n        return value does not evaluate to ``False``.\n    \n        Args:\n            method: A callable object that takes a WebDriver instance as an\n                argument.\n            message: Optional message for TimeoutException.\n    \n        Returns:\n            The result of the last call to `method`.\n    \n        Raises:\n            TimeoutException: If 'method' does not return a truthy value within\n                the WebDriverWait object's timeout.\n    \n        Example:\n            >>> from selenium.webdriver.common.by import By\n            >>> from selenium.webdriver.support.ui import WebDriverWait\n            >>> from selenium.webdriver.support import expected_conditions as EC\n            >>>\n            >>> # Wait until an element is visible on the page\n            >>> wait = WebDriverWait(driver, 10)\n            >>> element = wait.until(EC.visibility_of_element_located((By.ID, \"exampleId\")))\n            >>> print(element.text)\n        \"\"\"\n        screen = None\n        stacktrace = None\n    \n        end_time = time.monotonic() + self._timeout\n        while True:\n            try:\n                value = method(self._driver)\n                if value:\n                    return value\n            except self._ignored_exceptions as exc:\n                screen = getattr(exc, \"screen\", None)\n                stacktrace = getattr(exc, \"stacktrace\", None)\n            if time.monotonic() > end_time:\n                break\n            time.sleep(self._poll)\n>       raise TimeoutException(message, screen, stacktrace)\nE       selenium.common.exceptions.TimeoutException: Message: \nE       Stacktrace:\nE       #0 0x55eaf4fa940a <unknown>\nE       #1 0x55eaf49dd76b <unknown>\nE       #2 0x55eaf4a2ee88 <unknown>\nE       #3 0x55eaf4a2f0c1 <unknown>\nE       #4 0x55eaf4a7d2c4 <unknown>\nE       #5 0x55eaf4a7a760 <unknown>\nE       #6 0x55eaf4a217b2 <unknown>\nE       #7 0x55eaf4a22461 <unknown>\nE       #8 0x55eaf4f71df9 <unknown>\nE       #9 0x55eaf4f74d5d <unknown>\nE       #10 0x55eaf4f5ab41 <unknown>\nE       #11 0x55eaf4f7593b <unknown>\nE       #12 0x55eaf4f41870 <unknown>\nE       #13 0x55eaf4f96828 <unknown>\nE       #14 0x55eaf4f969fc <unknown>\nE       #15 0x55eaf4fa8763 <unknown>\nE       #16 0x7fb655a9caa4 <unknown>\nE       #17 0x7fb655b29c6c <unknown>\n\n/opt/hostedtoolcache/Python/3.11.14/x64/lib/python3.11/site-packages/selenium/webdriver/support/wait.py:122: TimeoutException","flaky":false,"newFailed":false,"newBroken":false,"newPassed":false,"retriesCount":0,"retriesStatusChange":false,"beforeStages":[{"name":"base_url","time":{"start":1767981956000,"stop":1767981956000,"duration":0},"status":"passed","steps":[],"attachments":[],"parameters":[],"shouldDisplayMessage":false,"stepsCount":0,"attachmentsCount":0,"hasContent":false},{"name":"driver","time":{"start":1767982127448,"stop":1767982127803,"duration":355},"status":"passed","steps":[],"attachments":[],"parameters":[],"shouldDisplayMessage":false,"stepsCount":0,"attachmentsCount":0,"hasContent":false},{"name":"setup","time":{"start":1767982127803,"stop":1767982138500,"duration":10697},"status":"passed","steps":[],"attachments":[],"parameters":[],"shouldDisplayMessage":false,"stepsCount":0,"attachmentsCount":0,"hasContent":false}],"testStage":{"description":"Test submission with only email filled.","status":"broken","statusMessage":"selenium.common.exceptions.TimeoutException: Message: \nStacktrace:\n#0 0x55eaf4fa940a <unknown>\n#1 0x55eaf49dd76b <unknown>\n#2 0x55eaf4a2ee88 <unknown>\n#3 0x55eaf4a2f0c1 <unknown>\n#4 0x55eaf4a7d2c4 <unknown>\n#5 0x55eaf4a7a760 <unknown>\n#6 0x55eaf4a217b2 <unknown>\n#7 0x55eaf4a22461 <unknown>\n#8 0x55eaf4f71df9 <unknown>\n#9 0x55eaf4f74d5d <unknown>\n#10 0x55eaf4f5ab41 <unknown>\n#11 0x55eaf4f7593b <unknown>\n#12 0x55eaf4f41870 <unknown>\n#13 0x55eaf4f96828 <unknown>\n#14 0x55eaf4f969fc <unknown>\n#15 0x55eaf4fa8763 <unknown>\n#16 0x7fb655a9caa4 <unknown>\n#17 0x7fb655b29c6c <unknown>","statusTrace":"self = <tests.test_fastfive_login.TestLoginValidation object at 0x7f5ac5fd36d0>\ndriver = <selenium.webdriver.chrome.webdriver.WebDriver (session=\"f2ff83e2ba6ea6732b28dace1c68cd21\")>\n\n    @allure.story(\"Form Validation\")\n    @allure.title(\"이메일만 입력 시 페이지 유지 확인\")\n    @allure.severity(allure.severity_level.NORMAL)\n    def test_email_only_submission(self, driver):\n        \"\"\"Test submission with only email filled.\"\"\"\n        with allure.step(\"이메일 입력\"):\n>           email_input = WebDriverWait(driver, ELEMENT_WAIT_TIME).until(\n                EC.presence_of_element_located(SELECTORS[\"email_input\"])\n            )\n\ntests/test_fastfive_login.py:173: \n_ _ _ _ _ _ _ _ _ _ _ _ _ _ _ _ _ _ _ _ _ _ _ _ _ _ _ _ _ _ _ _ _ _ _ _ _ _ _ _ \n\nself = <selenium.webdriver.support.wait.WebDriverWait (session=\"f2ff83e2ba6ea6732b28dace1c68cd21\")>\nmethod = <function presence_of_element_located.<locals>._predicate at 0x7f5ac5e1b240>\nmessage = ''\n\n    def until(self, method: Callable[[D], Literal[False] | T], message: str = \"\") -> T:\n        \"\"\"Wait until the method returns a value that is not False.\n    \n        Calls the method provided with the driver as an argument until the\n        return value does not evaluate to ``False``.\n    \n        Args:\n            method: A callable object that takes a WebDriver instance as an\n                argument.\n            message: Optional message for TimeoutException.\n    \n        Returns:\n            The result of the last call to `method`.\n    \n        Raises:\n            TimeoutException: If 'method' does not return a truthy value within\n                the WebDriverWait object's timeout.\n    \n        Example:\n            >>> from selenium.webdriver.common.by import By\n            >>> from selenium.webdriver.support.ui import WebDriverWait\n            >>> from selenium.webdriver.support import expected_conditions as EC\n            >>>\n            >>> # Wait until an element is visible on the page\n            >>> wait = WebDriverWait(driver, 10)\n            >>> element = wait.until(EC.visibility_of_element_located((By.ID, \"exampleId\")))\n            >>> print(element.text)\n        \"\"\"\n        screen = None\n        stacktrace = None\n    \n        end_time = time.monotonic() + self._timeout\n        while True:\n            try:\n                value = method(self._driver)\n                if value:\n                    return value\n            except self._ignored_exceptions as exc:\n                screen = getattr(exc, \"screen\", None)\n                stacktrace = getattr(exc, \"stacktrace\", None)\n            if time.monotonic() > end_time:\n                break\n            time.sleep(self._poll)\n>       raise TimeoutException(message, screen, stacktrace)\nE       selenium.common.exceptions.TimeoutException: Message: \nE       Stacktrace:\nE       #0 0x55eaf4fa940a <unknown>\nE       #1 0x55eaf49dd76b <unknown>\nE       #2 0x55eaf4a2ee88 <unknown>\nE       #3 0x55eaf4a2f0c1 <unknown>\nE       #4 0x55eaf4a7d2c4 <unknown>\nE       #5 0x55eaf4a7a760 <unknown>\nE       #6 0x55eaf4a217b2 <unknown>\nE       #7 0x55eaf4a22461 <unknown>\nE       #8 0x55eaf4f71df9 <unknown>\nE       #9 0x55eaf4f74d5d <unknown>\nE       #10 0x55eaf4f5ab41 <unknown>\nE       #11 0x55eaf4f7593b <unknown>\nE       #12 0x55eaf4f41870 <unknown>\nE       #13 0x55eaf4f96828 <unknown>\nE       #14 0x55eaf4f969fc <unknown>\nE       #15 0x55eaf4fa8763 <unknown>\nE       #16 0x7fb655a9caa4 <unknown>\nE       #17 0x7fb655b29c6c <unknown>\n\n/opt/hostedtoolcache/Python/3.11.14/x64/lib/python3.11/site-packages/selenium/webdriver/support/wait.py:122: TimeoutException","steps":[{"name":"이메일 입력","time":{"start":1767982138501,"stop":1767982159030,"duration":20529},"status":"broken","statusMessage":"selenium.common.exceptions.TimeoutException: Message: \nStacktrace:\n#0 0x55eaf4fa940a <unknown>\n#1 0x55eaf49dd76b <unknown>\n#2 0x55eaf4a2ee88 <unknown>\n#3 0x55eaf4a2f0c1 <unknown>\n#4 0x55eaf4a7d2c4 <unknown>\n#5 0x55eaf4a7a760 <unknown>\n#6 0x55eaf4a217b2 <unknown>\n#7 0x55eaf4a22461 <unknown>\n#8 0x55eaf4f71df9 <unknown>\n#9 0x55eaf4f74d5d <unknown>\n#10 0x55eaf4f5ab41 <unknown>\n#11 0x55eaf4f7593b <unknown>\n#12 0x55eaf4f41870 <unknown>\n#13 0x55eaf4f96828 <unknown>\n#14 0x55eaf4f969fc <unknown>\n#15 0x55eaf4fa8763 <unknown>\n#16 0x7fb655a9caa4 <unknown>\n#17 0x7fb655b29c6c <unknown>\n\n","statusTrace":"  File \"/home/runner/work/auto-test/auto-test/fastfive-dev/tests/test_fastfive_login.py\", line 173, in test_email_only_submission\n    email_input = WebDriverWait(driver, ELEMENT_WAIT_TIME).until(\n                  ^^^^^^^^^^^^^^^^^^^^^^^^^^^^^^^^^^^^^^^^^^^^^^^\n  File \"/opt/hostedtoolcache/Python/3.11.14/x64/lib/python3.11/site-packages/selenium/webdriver/support/wait.py\", line 122, in until\n    raise TimeoutException(message, screen, stacktrace)\n","steps":[],"attachments":[],"parameters":[],"shouldDisplayMessage":true,"stepsCount":0,"attachmentsCount":0,"hasContent":true}],"attachments":[],"parameters":[],"shouldDisplayMessage":true,"stepsCount":1,"attachmentsCount":0,"hasContent":true},"afterStages":[{"name":"driver::0","time":{"start":1767982159038,"stop":1767982159182,"duration":144},"status":"passed","steps":[],"attachments":[{"uid":"ae055cb449a2783","name":"screenshot_on_failure","source":"ae055cb449a2783.png","type":"image/png","size":26718}],"parameters":[],"shouldDisplayMessage":false,"stepsCount":0,"attachmentsCount":1,"hasContent":true}],"labels":[{"name":"story","value":"Form Validation"},{"name":"feature","value":"Login Page"},{"name":"epic","value":"FastFive Members"},{"name":"severity","value":"normal"},{"name":"parentSuite","value":"tests"},{"name":"suite","value":"test_fastfive_login"},{"name":"subSuite","value":"TestLoginValidation"},{"name":"host","value":"runnervmi13qx"},{"name":"thread","value":"2186-MainThread"},{"name":"framework","value":"pytest"},{"name":"language","value":"cpython3"},{"name":"package","value":"tests.test_fastfive_login"},{"name":"resultFormat","value":"allure2"}],"parameters":[],"links":[],"hidden":false,"retry":false,"extra":{"severity":"normal","retries":[],"categories":[{"name":"Test defects","matchedStatuses":[],"flaky":false}],"history":{"statistic":{"failed":0,"broken":2,"skipped":0,"passed":0,"unknown":0,"total":2},"items":[{"uid":"527d3ac1c5674d71","status":"broken","statusDetails":"selenium.common.exceptions.TimeoutException: Message: \nStacktrace:\n#0 0x560c14fab40a <unknown>\n#1 0x560c149df76b <unknown>\n#2 0x560c14a30e88 <unknown>\n#3 0x560c14a310c1 <unknown>\n#4 0x560c14a7f2c4 <unknown>\n#5 0x560c14a7c760 <unknown>\n#6 0x560c14a237b2 <unknown>\n#7 0x560c14a24461 <unknown>\n#8 0x560c14f73df9 <unknown>\n#9 0x560c14f76d5d <unknown>\n#10 0x560c14f5cb41 <unknown>\n#11 0x560c14f7793b <unknown>\n#12 0x560c14f43870 <unknown>\n#13 0x560c14f98828 <unknown>\n#14 0x560c14f989fc <unknown>\n#15 0x560c14faa763 <unknown>\n#16 0x7f837e09caa4 <unknown>\n#17 0x7f837e129c6c <unknown>","time":{"start":1767978923109,"stop":1767978943675,"duration":20566}}]},"tags":[]},"source":"51eb8720582b9283.json","parameterValues":[]}