{"uid":"5b2b5abe2a82a9e2","name":"빈 폼 제출 시 페이지 유지 확인","fullName":"tests.test_fastfive_login.TestLoginValidation#test_empty_form_submission","historyId":"75cab99aa942d13a0a14baeb33e89162","time":{"start":1767978892369,"stop":1767978912446,"duration":20077},"description":"Test that empty form shows validation or stays on page.","descriptionHtml":"<p>Test that empty form shows validation or stays on page.</p>\n","status":"broken","statusMessage":"selenium.common.exceptions.TimeoutException: Message: Login button not found","statusTrace":"self = <tests.test_fastfive_login.TestLoginValidation object at 0x7f8b31b87790>\ndriver = <selenium.webdriver.chrome.webdriver.WebDriver (session=\"f9d065064f6b1c6878e1e9157f2bc9fb\")>\n\n    @allure.story(\"Form Validation\")\n    @allure.title(\"빈 폼 제출 시 페이지 유지 확인\")\n    @allure.severity(allure.severity_level.NORMAL)\n    def test_empty_form_submission(self, driver):\n        \"\"\"Test that empty form shows validation or stays on page.\"\"\"\n        with allure.step(\"로그인 버튼 클릭\"):\n>           login_button = find_login_button(driver)\n                           ^^^^^^^^^^^^^^^^^^^^^^^^^\n\ntests/test_fastfive_login.py:160: \n_ _ _ _ _ _ _ _ _ _ _ _ _ _ _ _ _ _ _ _ _ _ _ _ _ _ _ _ _ _ _ _ _ _ _ _ _ _ _ _ \n\ndriver = <selenium.webdriver.chrome.webdriver.WebDriver (session=\"f9d065064f6b1c6878e1e9157f2bc9fb\")>\n\n    def find_login_button(driver):\n        \"\"\"Find login button using multiple selectors.\"\"\"\n        for selector_name in [\"login_button\", \"login_button_alt\"]:\n            try:\n                btn = WebDriverWait(driver, 5).until(\n                    EC.presence_of_element_located(SELECTORS[selector_name])\n                )\n                if btn:\n                    return btn\n            except TimeoutException:\n                continue\n    \n        # Fallback: find any button with '로그인' text\n        buttons = driver.find_elements(By.TAG_NAME, \"button\")\n        for btn in buttons:\n            if \"로그인\" in btn.text:\n                return btn\n    \n>       raise TimeoutException(\"Login button not found\")\nE       selenium.common.exceptions.TimeoutException: Message: Login button not found\n\ntests/test_fastfive_login.py:49: TimeoutException","flaky":false,"newFailed":false,"newBroken":false,"newPassed":false,"retriesCount":0,"retriesStatusChange":false,"beforeStages":[{"name":"base_url","time":{"start":1767978746366,"stop":1767978746366,"duration":0},"status":"passed","steps":[],"attachments":[],"parameters":[],"shouldDisplayMessage":false,"stepsCount":0,"attachmentsCount":0,"hasContent":false},{"name":"driver","time":{"start":1767978882038,"stop":1767978882396,"duration":358},"status":"passed","steps":[],"attachments":[],"parameters":[],"shouldDisplayMessage":false,"stepsCount":0,"attachmentsCount":0,"hasContent":false},{"name":"setup","time":{"start":1767978882396,"stop":1767978892368,"duration":9972},"status":"passed","steps":[],"attachments":[],"parameters":[],"shouldDisplayMessage":false,"stepsCount":0,"attachmentsCount":0,"hasContent":false}],"testStage":{"description":"Test that empty form shows validation or stays on page.","status":"broken","statusMessage":"selenium.common.exceptions.TimeoutException: Message: Login button not found","statusTrace":"self = <tests.test_fastfive_login.TestLoginValidation object at 0x7f8b31b87790>\ndriver = <selenium.webdriver.chrome.webdriver.WebDriver (session=\"f9d065064f6b1c6878e1e9157f2bc9fb\")>\n\n    @allure.story(\"Form Validation\")\n    @allure.title(\"빈 폼 제출 시 페이지 유지 확인\")\n    @allure.severity(allure.severity_level.NORMAL)\n    def test_empty_form_submission(self, driver):\n        \"\"\"Test that empty form shows validation or stays on page.\"\"\"\n        with allure.step(\"로그인 버튼 클릭\"):\n>           login_button = find_login_button(driver)\n                           ^^^^^^^^^^^^^^^^^^^^^^^^^\n\ntests/test_fastfive_login.py:160: \n_ _ _ _ _ _ _ _ _ _ _ _ _ _ _ _ _ _ _ _ _ _ _ _ _ _ _ _ _ _ _ _ _ _ _ _ _ _ _ _ \n\ndriver = <selenium.webdriver.chrome.webdriver.WebDriver (session=\"f9d065064f6b1c6878e1e9157f2bc9fb\")>\n\n    def find_login_button(driver):\n        \"\"\"Find login button using multiple selectors.\"\"\"\n        for selector_name in [\"login_button\", \"login_button_alt\"]:\n            try:\n                btn = WebDriverWait(driver, 5).until(\n                    EC.presence_of_element_located(SELECTORS[selector_name])\n                )\n                if btn:\n                    return btn\n            except TimeoutException:\n                continue\n    \n        # Fallback: find any button with '로그인' text\n        buttons = driver.find_elements(By.TAG_NAME, \"button\")\n        for btn in buttons:\n            if \"로그인\" in btn.text:\n                return btn\n    \n>       raise TimeoutException(\"Login button not found\")\nE       selenium.common.exceptions.TimeoutException: Message: Login button not found\n\ntests/test_fastfive_login.py:49: TimeoutException","steps":[{"name":"로그인 버튼 클릭","time":{"start":1767978892369,"stop":1767978912446,"duration":20077},"status":"broken","statusMessage":"selenium.common.exceptions.TimeoutException: Message: Login button not found\n\n","statusTrace":"  File \"/home/runner/work/auto-test/auto-test/fastfive-dev/tests/test_fastfive_login.py\", line 160, in test_empty_form_submission\n    login_button = find_login_button(driver)\n                   ^^^^^^^^^^^^^^^^^^^^^^^^^\n  File \"/home/runner/work/auto-test/auto-test/fastfive-dev/tests/test_fastfive_login.py\", line 49, in find_login_button\n    raise TimeoutException(\"Login button not found\")\n","steps":[],"attachments":[],"parameters":[],"shouldDisplayMessage":true,"stepsCount":0,"attachmentsCount":0,"hasContent":true}],"attachments":[],"parameters":[],"shouldDisplayMessage":true,"stepsCount":1,"attachmentsCount":0,"hasContent":true},"afterStages":[{"name":"driver::0","time":{"start":1767978912455,"stop":1767978912644,"duration":189},"status":"passed","steps":[],"attachments":[{"uid":"e38453bbc2927a21","name":"screenshot_on_failure","source":"e38453bbc2927a21.png","type":"image/png","size":26718}],"parameters":[],"shouldDisplayMessage":false,"stepsCount":0,"attachmentsCount":1,"hasContent":true}],"labels":[{"name":"feature","value":"Login Page"},{"name":"epic","value":"FastFive Members"},{"name":"severity","value":"normal"},{"name":"story","value":"Form Validation"},{"name":"parentSuite","value":"tests"},{"name":"suite","value":"test_fastfive_login"},{"name":"subSuite","value":"TestLoginValidation"},{"name":"host","value":"runnervmi13qx"},{"name":"thread","value":"2185-MainThread"},{"name":"framework","value":"pytest"},{"name":"language","value":"cpython3"},{"name":"package","value":"tests.test_fastfive_login"},{"name":"resultFormat","value":"allure2"}],"parameters":[],"links":[],"hidden":false,"retry":false,"extra":{"severity":"normal","retries":[],"categories":[{"name":"Test defects","matchedStatuses":[],"flaky":false}],"tags":[]},"source":"5b2b5abe2a82a9e2.json","parameterValues":[]}