{"uid":"c7a4968526d9dfc2","name":"올바른 자격 증명으로 로그인 성공 확인","fullName":"tests.test_fastfive_login.TestLoginFunctionality#test_successful_login","historyId":"33a86728ca4444dadeb7e4bba5352da2","time":{"start":1767982201715,"stop":1767982222261,"duration":20546},"description":"Test successful login with valid credentials.","descriptionHtml":"<p>Test successful login with valid credentials.</p>\n","status":"broken","statusMessage":"selenium.common.exceptions.TimeoutException: Message: \nStacktrace:\n#0 0x564fbb7c940a <unknown>\n#1 0x564fbb1fd76b <unknown>\n#2 0x564fbb24ee88 <unknown>\n#3 0x564fbb24f0c1 <unknown>\n#4 0x564fbb29d2c4 <unknown>\n#5 0x564fbb29a760 <unknown>\n#6 0x564fbb2417b2 <unknown>\n#7 0x564fbb242461 <unknown>\n#8 0x564fbb791df9 <unknown>\n#9 0x564fbb794d5d <unknown>\n#10 0x564fbb77ab41 <unknown>\n#11 0x564fbb79593b <unknown>\n#12 0x564fbb761870 <unknown>\n#13 0x564fbb7b6828 <unknown>\n#14 0x564fbb7b69fc <unknown>\n#15 0x564fbb7c8763 <unknown>\n#16 0x7fdbec49caa4 <unknown>\n#17 0x7fdbec529c6c <unknown>","statusTrace":"self = <tests.test_fastfive_login.TestLoginFunctionality object at 0x7f5ac5fd0b90>\ndriver = <selenium.webdriver.chrome.webdriver.WebDriver (session=\"c0396d00e452738eadcc4c29465bb50a\")>\n\n    @allure.story(\"Login\")\n    @allure.title(\"올바른 자격 증명으로 로그인 성공 확인\")\n    @allure.severity(allure.severity_level.BLOCKER)\n    @pytest.mark.skipif(\n        not os.environ.get(\"AUTO_TEST_EMAIL\") or not os.environ.get(\"AUTO_TEST_PASSWORD\"),\n        reason=\"AUTO_TEST_EMAIL and AUTO_TEST_PASSWORD environment variables required\"\n    )\n    def test_successful_login(self, driver):\n        \"\"\"Test successful login with valid credentials.\"\"\"\n        email = os.environ['AUTO_TEST_EMAIL']\n        password = os.environ['AUTO_TEST_PASSWORD']\n    \n        with allure.step(\"이메일 입력\"):\n>           email_input = WebDriverWait(driver, ELEMENT_WAIT_TIME).until(\n                EC.presence_of_element_located(SELECTORS[\"email_input\"])\n            )\n\ntests/test_fastfive_login.py:234: \n_ _ _ _ _ _ _ _ _ _ _ _ _ _ _ _ _ _ _ _ _ _ _ _ _ _ _ _ _ _ _ _ _ _ _ _ _ _ _ _ \n\nself = <selenium.webdriver.support.wait.WebDriverWait (session=\"c0396d00e452738eadcc4c29465bb50a\")>\nmethod = <function presence_of_element_located.<locals>._predicate at 0x7f5ac4c216c0>\nmessage = ''\n\n    def until(self, method: Callable[[D], Literal[False] | T], message: str = \"\") -> T:\n        \"\"\"Wait until the method returns a value that is not False.\n    \n        Calls the method provided with the driver as an argument until the\n        return value does not evaluate to ``False``.\n    \n        Args:\n            method: A callable object that takes a WebDriver instance as an\n                argument.\n            message: Optional message for TimeoutException.\n    \n        Returns:\n            The result of the last call to `method`.\n    \n        Raises:\n            TimeoutException: If 'method' does not return a truthy value within\n                the WebDriverWait object's timeout.\n    \n        Example:\n            >>> from selenium.webdriver.common.by import By\n            >>> from selenium.webdriver.support.ui import WebDriverWait\n            >>> from selenium.webdriver.support import expected_conditions as EC\n            >>>\n            >>> # Wait until an element is visible on the page\n            >>> wait = WebDriverWait(driver, 10)\n            >>> element = wait.until(EC.visibility_of_element_located((By.ID, \"exampleId\")))\n            >>> print(element.text)\n        \"\"\"\n        screen = None\n        stacktrace = None\n    \n        end_time = time.monotonic() + self._timeout\n        while True:\n            try:\n                value = method(self._driver)\n                if value:\n                    return value\n            except self._ignored_exceptions as exc:\n                screen = getattr(exc, \"screen\", None)\n                stacktrace = getattr(exc, \"stacktrace\", None)\n            if time.monotonic() > end_time:\n                break\n            time.sleep(self._poll)\n>       raise TimeoutException(message, screen, stacktrace)\nE       selenium.common.exceptions.TimeoutException: Message: \nE       Stacktrace:\nE       #0 0x564fbb7c940a <unknown>\nE       #1 0x564fbb1fd76b <unknown>\nE       #2 0x564fbb24ee88 <unknown>\nE       #3 0x564fbb24f0c1 <unknown>\nE       #4 0x564fbb29d2c4 <unknown>\nE       #5 0x564fbb29a760 <unknown>\nE       #6 0x564fbb2417b2 <unknown>\nE       #7 0x564fbb242461 <unknown>\nE       #8 0x564fbb791df9 <unknown>\nE       #9 0x564fbb794d5d <unknown>\nE       #10 0x564fbb77ab41 <unknown>\nE       #11 0x564fbb79593b <unknown>\nE       #12 0x564fbb761870 <unknown>\nE       #13 0x564fbb7b6828 <unknown>\nE       #14 0x564fbb7b69fc <unknown>\nE       #15 0x564fbb7c8763 <unknown>\nE       #16 0x7fdbec49caa4 <unknown>\nE       #17 0x7fdbec529c6c <unknown>\n\n/opt/hostedtoolcache/Python/3.11.14/x64/lib/python3.11/site-packages/selenium/webdriver/support/wait.py:122: TimeoutException","flaky":false,"newFailed":false,"newBroken":false,"newPassed":false,"retriesCount":0,"retriesStatusChange":false,"beforeStages":[{"name":"base_url","time":{"start":1767981956000,"stop":1767981956000,"duration":0},"status":"passed","steps":[],"attachments":[],"parameters":[],"shouldDisplayMessage":false,"stepsCount":0,"attachmentsCount":0,"hasContent":false},{"name":"driver","time":{"start":1767982190712,"stop":1767982191064,"duration":352},"status":"passed","steps":[],"attachments":[],"parameters":[],"shouldDisplayMessage":false,"stepsCount":0,"attachmentsCount":0,"hasContent":false},{"name":"setup","time":{"start":1767982191064,"stop":1767982201715,"duration":10651},"status":"passed","steps":[],"attachments":[],"parameters":[],"shouldDisplayMessage":false,"stepsCount":0,"attachmentsCount":0,"hasContent":false}],"testStage":{"description":"Test successful login with valid credentials.","status":"broken","statusMessage":"selenium.common.exceptions.TimeoutException: Message: \nStacktrace:\n#0 0x564fbb7c940a <unknown>\n#1 0x564fbb1fd76b <unknown>\n#2 0x564fbb24ee88 <unknown>\n#3 0x564fbb24f0c1 <unknown>\n#4 0x564fbb29d2c4 <unknown>\n#5 0x564fbb29a760 <unknown>\n#6 0x564fbb2417b2 <unknown>\n#7 0x564fbb242461 <unknown>\n#8 0x564fbb791df9 <unknown>\n#9 0x564fbb794d5d <unknown>\n#10 0x564fbb77ab41 <unknown>\n#11 0x564fbb79593b <unknown>\n#12 0x564fbb761870 <unknown>\n#13 0x564fbb7b6828 <unknown>\n#14 0x564fbb7b69fc <unknown>\n#15 0x564fbb7c8763 <unknown>\n#16 0x7fdbec49caa4 <unknown>\n#17 0x7fdbec529c6c <unknown>","statusTrace":"self = <tests.test_fastfive_login.TestLoginFunctionality object at 0x7f5ac5fd0b90>\ndriver = <selenium.webdriver.chrome.webdriver.WebDriver (session=\"c0396d00e452738eadcc4c29465bb50a\")>\n\n    @allure.story(\"Login\")\n    @allure.title(\"올바른 자격 증명으로 로그인 성공 확인\")\n    @allure.severity(allure.severity_level.BLOCKER)\n    @pytest.mark.skipif(\n        not os.environ.get(\"AUTO_TEST_EMAIL\") or not os.environ.get(\"AUTO_TEST_PASSWORD\"),\n        reason=\"AUTO_TEST_EMAIL and AUTO_TEST_PASSWORD environment variables required\"\n    )\n    def test_successful_login(self, driver):\n        \"\"\"Test successful login with valid credentials.\"\"\"\n        email = os.environ['AUTO_TEST_EMAIL']\n        password = os.environ['AUTO_TEST_PASSWORD']\n    \n        with allure.step(\"이메일 입력\"):\n>           email_input = WebDriverWait(driver, ELEMENT_WAIT_TIME).until(\n                EC.presence_of_element_located(SELECTORS[\"email_input\"])\n            )\n\ntests/test_fastfive_login.py:234: \n_ _ _ _ _ _ _ _ _ _ _ _ _ _ _ _ _ _ _ _ _ _ _ _ _ _ _ _ _ _ _ _ _ _ _ _ _ _ _ _ \n\nself = <selenium.webdriver.support.wait.WebDriverWait (session=\"c0396d00e452738eadcc4c29465bb50a\")>\nmethod = <function presence_of_element_located.<locals>._predicate at 0x7f5ac4c216c0>\nmessage = ''\n\n    def until(self, method: Callable[[D], Literal[False] | T], message: str = \"\") -> T:\n        \"\"\"Wait until the method returns a value that is not False.\n    \n        Calls the method provided with the driver as an argument until the\n        return value does not evaluate to ``False``.\n    \n        Args:\n            method: A callable object that takes a WebDriver instance as an\n                argument.\n            message: Optional message for TimeoutException.\n    \n        Returns:\n            The result of the last call to `method`.\n    \n        Raises:\n            TimeoutException: If 'method' does not return a truthy value within\n                the WebDriverWait object's timeout.\n    \n        Example:\n            >>> from selenium.webdriver.common.by import By\n            >>> from selenium.webdriver.support.ui import WebDriverWait\n            >>> from selenium.webdriver.support import expected_conditions as EC\n            >>>\n            >>> # Wait until an element is visible on the page\n            >>> wait = WebDriverWait(driver, 10)\n            >>> element = wait.until(EC.visibility_of_element_located((By.ID, \"exampleId\")))\n            >>> print(element.text)\n        \"\"\"\n        screen = None\n        stacktrace = None\n    \n        end_time = time.monotonic() + self._timeout\n        while True:\n            try:\n                value = method(self._driver)\n                if value:\n                    return value\n            except self._ignored_exceptions as exc:\n                screen = getattr(exc, \"screen\", None)\n                stacktrace = getattr(exc, \"stacktrace\", None)\n            if time.monotonic() > end_time:\n                break\n            time.sleep(self._poll)\n>       raise TimeoutException(message, screen, stacktrace)\nE       selenium.common.exceptions.TimeoutException: Message: \nE       Stacktrace:\nE       #0 0x564fbb7c940a <unknown>\nE       #1 0x564fbb1fd76b <unknown>\nE       #2 0x564fbb24ee88 <unknown>\nE       #3 0x564fbb24f0c1 <unknown>\nE       #4 0x564fbb29d2c4 <unknown>\nE       #5 0x564fbb29a760 <unknown>\nE       #6 0x564fbb2417b2 <unknown>\nE       #7 0x564fbb242461 <unknown>\nE       #8 0x564fbb791df9 <unknown>\nE       #9 0x564fbb794d5d <unknown>\nE       #10 0x564fbb77ab41 <unknown>\nE       #11 0x564fbb79593b <unknown>\nE       #12 0x564fbb761870 <unknown>\nE       #13 0x564fbb7b6828 <unknown>\nE       #14 0x564fbb7b69fc <unknown>\nE       #15 0x564fbb7c8763 <unknown>\nE       #16 0x7fdbec49caa4 <unknown>\nE       #17 0x7fdbec529c6c <unknown>\n\n/opt/hostedtoolcache/Python/3.11.14/x64/lib/python3.11/site-packages/selenium/webdriver/support/wait.py:122: TimeoutException","steps":[{"name":"이메일 입력","time":{"start":1767982201715,"stop":1767982222261,"duration":20546},"status":"broken","statusMessage":"selenium.common.exceptions.TimeoutException: Message: \nStacktrace:\n#0 0x564fbb7c940a <unknown>\n#1 0x564fbb1fd76b <unknown>\n#2 0x564fbb24ee88 <unknown>\n#3 0x564fbb24f0c1 <unknown>\n#4 0x564fbb29d2c4 <unknown>\n#5 0x564fbb29a760 <unknown>\n#6 0x564fbb2417b2 <unknown>\n#7 0x564fbb242461 <unknown>\n#8 0x564fbb791df9 <unknown>\n#9 0x564fbb794d5d <unknown>\n#10 0x564fbb77ab41 <unknown>\n#11 0x564fbb79593b <unknown>\n#12 0x564fbb761870 <unknown>\n#13 0x564fbb7b6828 <unknown>\n#14 0x564fbb7b69fc <unknown>\n#15 0x564fbb7c8763 <unknown>\n#16 0x7fdbec49caa4 <unknown>\n#17 0x7fdbec529c6c <unknown>\n\n","statusTrace":"  File \"/home/runner/work/auto-test/auto-test/fastfive-dev/tests/test_fastfive_login.py\", line 234, in test_successful_login\n    email_input = WebDriverWait(driver, ELEMENT_WAIT_TIME).until(\n                  ^^^^^^^^^^^^^^^^^^^^^^^^^^^^^^^^^^^^^^^^^^^^^^^\n  File \"/opt/hostedtoolcache/Python/3.11.14/x64/lib/python3.11/site-packages/selenium/webdriver/support/wait.py\", line 122, in until\n    raise TimeoutException(message, screen, stacktrace)\n","steps":[],"attachments":[],"parameters":[],"shouldDisplayMessage":true,"stepsCount":0,"attachmentsCount":0,"hasContent":true}],"attachments":[],"parameters":[],"shouldDisplayMessage":true,"stepsCount":1,"attachmentsCount":0,"hasContent":true},"afterStages":[{"name":"driver::0","time":{"start":1767982222268,"stop":1767982222425,"duration":157},"status":"passed","steps":[],"attachments":[{"uid":"39bd5680401f45ee","name":"screenshot_on_failure","source":"39bd5680401f45ee.png","type":"image/png","size":26718}],"parameters":[],"shouldDisplayMessage":false,"stepsCount":0,"attachmentsCount":1,"hasContent":true}],"labels":[{"name":"feature","value":"Login Page"},{"name":"severity","value":"blocker"},{"name":"epic","value":"FastFive Members"},{"name":"story","value":"Login"},{"name":"parentSuite","value":"tests"},{"name":"suite","value":"test_fastfive_login"},{"name":"subSuite","value":"TestLoginFunctionality"},{"name":"host","value":"runnervmi13qx"},{"name":"thread","value":"2186-MainThread"},{"name":"framework","value":"pytest"},{"name":"language","value":"cpython3"},{"name":"package","value":"tests.test_fastfive_login"},{"name":"resultFormat","value":"allure2"}],"parameters":[],"links":[],"hidden":false,"retry":false,"extra":{"severity":"blocker","retries":[],"categories":[{"name":"Test defects","matchedStatuses":[],"flaky":false}],"history":{"statistic":{"failed":0,"broken":2,"skipped":0,"passed":0,"unknown":0,"total":2},"items":[{"uid":"2da27cede2232bf","status":"broken","statusDetails":"selenium.common.exceptions.TimeoutException: Message: \nStacktrace:\n#0 0x56460d4b840a <unknown>\n#1 0x56460ceec76b <unknown>\n#2 0x56460cf3de88 <unknown>\n#3 0x56460cf3e0c1 <unknown>\n#4 0x56460cf8c2c4 <unknown>\n#5 0x56460cf89760 <unknown>\n#6 0x56460cf307b2 <unknown>\n#7 0x56460cf31461 <unknown>\n#8 0x56460d480df9 <unknown>\n#9 0x56460d483d5d <unknown>\n#10 0x56460d469b41 <unknown>\n#11 0x56460d48493b <unknown>\n#12 0x56460d450870 <unknown>\n#13 0x56460d4a5828 <unknown>\n#14 0x56460d4a59fc <unknown>\n#15 0x56460d4b7763 <unknown>\n#16 0x7f839be9caa4 <unknown>\n#17 0x7f839bf29c6c <unknown>","time":{"start":1767978985488,"stop":1767979006077,"duration":20589}}]},"tags":[]},"source":"c7a4968526d9dfc2.json","parameterValues":[]}